#-----------------------------------------------------------
# Vivado v2018.2 (64-bit)
# SW Build 2258646 on Thu Jun 14 20:03:12 MDT 2018
# IP Build 2256618 on Thu Jun 14 22:10:49 MDT 2018
# Start of session at: Wed Apr  3 20:20:32 2024
# Process ID: 17580
# Current directory: C:/Users/bsiva/Desktop/mahesh/University/SEM_4/CG2026/FPGA_EMODS
# Command line: vivado.exe -gui_launcher_event rodinguilauncherevent23592 C:\Users\bsiva\Desktop\mahesh\University\SEM_4\CG2026\FPGA_EMODS\MODS.xpr
# Log file: C:/Users/bsiva/Desktop/mahesh/University/SEM_4/CG2026/FPGA_EMODS/vivado.log
# Journal file: C:/Users/bsiva/Desktop/mahesh/University/SEM_4/CG2026/FPGA_EMODS\vivado.jou
#-----------------------------------------------------------
start_gui
open_project C:/Users/bsiva/Desktop/mahesh/University/SEM_4/CG2026/FPGA_EMODS/MODS.xpr
Scanning sources...
Finished scanning sources
INFO: [IP_Flow 19-234] Refreshing IP repositories
INFO: [IP_Flow 19-1704] No user IP repositories specified
INFO: [IP_Flow 19-2313] Loaded Vivado IP repository 'C:/Xilinx/Vivado/2018.2/data/ip'.
open_project: Time (s): cpu = 00:00:06 ; elapsed = 00:00:07 . Memory (MB): peak = 809.578 ; gain = 84.863
update_compile_order -fileset sources_1
close [ open C:/Users/bsiva/Desktop/mahesh/University/SEM_4/CG2026/FPGA_EMODS/MODS.srcs/sources_1/new/numbers_rom.v w ]
add_files C:/Users/bsiva/Desktop/mahesh/University/SEM_4/CG2026/FPGA_EMODS/MODS.srcs/sources_1/new/numbers_rom.v
update_compile_order -fileset sources_1
exit
INFO: [Common 17-206] Exiting Vivado at Wed Apr  3 22:44:47 2024...
