#-----------------------------------------------------------
# Vivado v2018.2 (64-bit)
# SW Build 2258646 on Thu Jun 14 20:03:12 MDT 2018
# IP Build 2256618 on Thu Jun 14 22:10:49 MDT 2018
# Start of session at: Tue Mar 26 21:44:50 2024
# Process ID: 30088
# Current directory: C:/Users/bsiva/Desktop/mahesh/University/SEM_4/CG2026/FPGA_EMODS
# Command line: vivado.exe -gui_launcher_event rodinguilauncherevent24908 C:\Users\bsiva\Desktop\mahesh\University\SEM_4\CG2026\FPGA_EMODS\MODS.xpr
# Log file: C:/Users/bsiva/Desktop/mahesh/University/SEM_4/CG2026/FPGA_EMODS/vivado.log
# Journal file: C:/Users/bsiva/Desktop/mahesh/University/SEM_4/CG2026/FPGA_EMODS\vivado.jou
#-----------------------------------------------------------
start_gui
open_project C:/Users/bsiva/Desktop/mahesh/University/SEM_4/CG2026/FPGA_EMODS/MODS.xpr
Scanning sources...
Finished scanning sources
INFO: [IP_Flow 19-234] Refreshing IP repositories
INFO: [IP_Flow 19-1704] No user IP repositories specified
INFO: [IP_Flow 19-2313] Loaded Vivado IP repository 'C:/Xilinx/Vivado/2018.2/data/ip'.
open_project: Time (s): cpu = 00:00:05 ; elapsed = 00:00:06 . Memory (MB): peak = 821.219 ; gain = 91.426
update_compile_order -fileset sources_1
close [ open C:/Users/bsiva/Desktop/mahesh/University/SEM_4/CG2026/FPGA_EMODS/MODS.srcs/sources_1/new/background_ghost_rom.v w ]
add_files C:/Users/bsiva/Desktop/mahesh/University/SEM_4/CG2026/FPGA_EMODS/MODS.srcs/sources_1/new/background_ghost_rom.v
update_compile_order -fileset sources_1
close [ open C:/Users/bsiva/Desktop/mahesh/University/SEM_4/CG2026/FPGA_EMODS/MODS.srcs/sources_1/new/flexible_clock.v w ]
add_files C:/Users/bsiva/Desktop/mahesh/University/SEM_4/CG2026/FPGA_EMODS/MODS.srcs/sources_1/new/flexible_clock.v
update_compile_order -fileset sources_1
update_compile_order -fileset sources_1
update_compile_order -fileset sources_1
reset_run synth_1
launch_runs impl_1 -to_step write_bitstream -jobs 12
[Tue Mar 26 22:06:15 2024] Launched synth_1...
Run output will be captured here: C:/Users/bsiva/Desktop/mahesh/University/SEM_4/CG2026/FPGA_EMODS/MODS.runs/synth_1/runme.log
[Tue Mar 26 22:06:15 2024] Launched impl_1...
Run output will be captured here: C:/Users/bsiva/Desktop/mahesh/University/SEM_4/CG2026/FPGA_EMODS/MODS.runs/impl_1/runme.log
exit
INFO: [Common 17-206] Exiting Vivado at Tue Mar 26 23:18:08 2024...
