#-----------------------------------------------------------
# Vivado v2018.2 (64-bit)
# SW Build 2258646 on Thu Jun 14 20:03:12 MDT 2018
# IP Build 2256618 on Thu Jun 14 22:10:49 MDT 2018
# Start of session at: Tue Apr  2 15:38:33 2024
# Process ID: 13828
# Current directory: D:/Aak242/Documents/EE2026/FPGA_EMODS
# Command line: vivado.exe -gui_launcher_event rodinguilauncherevent12696 D:\Aak242\Documents\EE2026\FPGA_EMODS\MODS.xpr
# Log file: D:/Aak242/Documents/EE2026/FPGA_EMODS/vivado.log
# Journal file: D:/Aak242/Documents/EE2026/FPGA_EMODS\vivado.jou
#-----------------------------------------------------------
start_gui
open_project D:/Aak242/Documents/EE2026/FPGA_EMODS/MODS.xpr
INFO: [Project 1-313] Project file moved from 'C:/Users/bsiva/Desktop/mahesh/University/SEM_4/CG2026/FPGA_EMODS' since last save.
Scanning sources...
Finished scanning sources
INFO: [IP_Flow 19-234] Refreshing IP repositories
INFO: [IP_Flow 19-1704] No user IP repositories specified
INFO: [IP_Flow 19-2313] Loaded Vivado IP repository 'D:/Xilinx/Vivado/2018.2/data/ip'.
open_project: Time (s): cpu = 00:00:22 ; elapsed = 00:00:24 . Memory (MB): peak = 753.855 ; gain = 64.543
update_compile_order -fileset sources_1
close [ open D:/Aak242/Documents/EE2026/FPGA_EMODS/MODS.srcs/sources_1/new/knight_sprite.v w ]
add_files D:/Aak242/Documents/EE2026/FPGA_EMODS/MODS.srcs/sources_1/new/knight_sprite.v
update_compile_order -fileset sources_1
exit
INFO: [Common 17-206] Exiting Vivado at Tue Apr  2 17:27:47 2024...
