
*** Running vivado
    with args -log display_top.vds -m64 -product Vivado -mode batch -messageDb vivado.pb -notrace -source display_top.tcl


****** Vivado v2018.2 (64-bit)
  **** SW Build 2258646 on Thu Jun 14 20:03:12 MDT 2018
  **** IP Build 2256618 on Thu Jun 14 22:10:49 MDT 2018
    ** Copyright 1986-2018 Xilinx, Inc. All Rights Reserved.

source display_top.tcl -notrace
Command: synth_design -top display_top -part xc7a35tcpg236-1
Starting synth_design
Attempting to get a license for feature 'Synthesis' and/or device 'xc7a35t'
INFO: [Common 17-349] Got license for feature 'Synthesis' and/or device 'xc7a35t'
INFO: Launching helper process for spawning children vivado processes
INFO: Helper process launched with PID 13168 
---------------------------------------------------------------------------------
Starting RTL Elaboration : Time (s): cpu = 00:00:04 ; elapsed = 00:00:04 . Memory (MB): peak = 402.723 ; gain = 145.789
---------------------------------------------------------------------------------
INFO: [Synth 8-6157] synthesizing module 'display_top' [C:/Users/bsiva/Desktop/mahesh/University/SEM_4/CG2026/FPGA_EMODS/Big_screen_version/yoshi_main.srcs/sources_1/new/display_top.v:1]
	Parameter idle bound to: 3'b001 
	Parameter gameover bound to: 3'b100 
INFO: [Synth 8-6157] synthesizing module 'mini_game' [C:/Users/bsiva/Desktop/mahesh/University/SEM_4/CG2026/FPGA_EMODS/Big_screen_version/yoshi_main.srcs/sources_1/new/mini_game.v:3]
	Parameter blink_frequency bound to: 24999999 - type: integer 
	Parameter max_no_of_random_nums bound to: 20 - type: integer 
	Parameter gen_interval bound to: 299999999 - type: integer 
	Parameter gen_range bound to: 9 - type: integer 
INFO: [Synth 8-6157] synthesizing module 'flexible_clock' [C:/Users/bsiva/Desktop/mahesh/University/SEM_4/CG2026/FPGA_EMODS/Big_screen_version/yoshi_main.srcs/sources_1/new/flexible_clock.v:3]
INFO: [Synth 8-6155] done synthesizing module 'flexible_clock' (1#1) [C:/Users/bsiva/Desktop/mahesh/University/SEM_4/CG2026/FPGA_EMODS/Big_screen_version/yoshi_main.srcs/sources_1/new/flexible_clock.v:3]
INFO: [Synth 8-6157] synthesizing module 'seg_display' [C:/Users/bsiva/Desktop/mahesh/University/SEM_4/CG2026/FPGA_EMODS/Big_screen_version/yoshi_main.srcs/sources_1/new/seg_display.v:3]
	Parameter max_no_of_random_nums bound to: 20 - type: integer 
INFO: [Synth 8-155] case statement is not full and has no default [C:/Users/bsiva/Desktop/mahesh/University/SEM_4/CG2026/FPGA_EMODS/Big_screen_version/yoshi_main.srcs/sources_1/new/seg_display.v:21]
WARNING: [Synth 8-567] referenced signal 'num' should be on the sensitivity list [C:/Users/bsiva/Desktop/mahesh/University/SEM_4/CG2026/FPGA_EMODS/Big_screen_version/yoshi_main.srcs/sources_1/new/seg_display.v:18]
WARNING: [Synth 8-567] referenced signal 'is_continue' should be on the sensitivity list [C:/Users/bsiva/Desktop/mahesh/University/SEM_4/CG2026/FPGA_EMODS/Big_screen_version/yoshi_main.srcs/sources_1/new/seg_display.v:18]
WARNING: [Synth 8-567] referenced signal 'nums_gen_so_far' should be on the sensitivity list [C:/Users/bsiva/Desktop/mahesh/University/SEM_4/CG2026/FPGA_EMODS/Big_screen_version/yoshi_main.srcs/sources_1/new/seg_display.v:18]
WARNING: [Synth 8-567] referenced signal 'counter' should be on the sensitivity list [C:/Users/bsiva/Desktop/mahesh/University/SEM_4/CG2026/FPGA_EMODS/Big_screen_version/yoshi_main.srcs/sources_1/new/seg_display.v:18]
INFO: [Synth 8-6155] done synthesizing module 'seg_display' (2#1) [C:/Users/bsiva/Desktop/mahesh/University/SEM_4/CG2026/FPGA_EMODS/Big_screen_version/yoshi_main.srcs/sources_1/new/seg_display.v:3]
INFO: [Synth 8-6155] done synthesizing module 'mini_game' (3#1) [C:/Users/bsiva/Desktop/mahesh/University/SEM_4/CG2026/FPGA_EMODS/Big_screen_version/yoshi_main.srcs/sources_1/new/mini_game.v:3]
INFO: [Synth 8-6157] synthesizing module 'vga_sync' [C:/Users/bsiva/Desktop/mahesh/University/SEM_4/CG2026/FPGA_EMODS/Big_screen_version/yoshi_main.srcs/sources_1/new/vga_sync.v:1]
	Parameter HORIZONTAL_DISPLAY bound to: 640 - type: integer 
	Parameter HORIZONTAL_LEFT_BORDER bound to: 48 - type: integer 
	Parameter HORIZONTAL_RIGHT_BORDER bound to: 16 - type: integer 
	Parameter HORIZONTAL_RETRACE bound to: 96 - type: integer 
	Parameter HORIZONTAL_MAX bound to: 799 - type: integer 
	Parameter START_HORIZONTAL_RETRACE bound to: 656 - type: integer 
	Parameter END_HORIZONTAL_RETRACE bound to: 751 - type: integer 
	Parameter VERTICAL_DISPLAY bound to: 480 - type: integer 
	Parameter VERTICAL_TOP_BORDER bound to: 10 - type: integer 
	Parameter VERTICAL_BOTTOM_BORDER bound to: 33 - type: integer 
	Parameter VERTICAL_RETRACE bound to: 2 - type: integer 
	Parameter VERTICAL_MAX bound to: 524 - type: integer 
	Parameter START_VERTICAL_RETRACE bound to: 513 - type: integer 
	Parameter END_VERTICAL_RETRACE bound to: 514 - type: integer 
INFO: [Synth 8-6155] done synthesizing module 'vga_sync' (4#1) [C:/Users/bsiva/Desktop/mahesh/University/SEM_4/CG2026/FPGA_EMODS/Big_screen_version/yoshi_main.srcs/sources_1/new/vga_sync.v:1]
INFO: [Synth 8-6157] synthesizing module 'yoshi_sprite' [C:/Users/bsiva/Desktop/mahesh/University/SEM_4/CG2026/FPGA_EMODS/Big_screen_version/yoshi_main.srcs/sources_1/new/yoshi_sprite.v:1]
	Parameter MAX_X bound to: 640 - type: integer 
	Parameter MAX_Y bound to: 480 - type: integer 
	Parameter MIN_Y bound to: 16 - type: integer 
	Parameter T_W bound to: 16 - type: integer 
	Parameter T_H bound to: 16 - type: integer 
	Parameter X_MAX bound to: 16 - type: integer 
	Parameter X_D bound to: 0 - type: integer 
	Parameter LEFT bound to: 0 - type: integer 
	Parameter RIGHT bound to: 1 - type: integer 
	Parameter no_dir bound to: 2'b00 
	Parameter left bound to: 2'b01 
	Parameter right bound to: 2'b10 
	Parameter TIME_START_X bound to: 800000 - type: integer 
	Parameter TIME_STEP_X bound to: 6000 - type: integer 
	Parameter TIME_MIN_X bound to: 500000 - type: integer 
	Parameter standing bound to: 3'b000 
	Parameter walking bound to: 3'b001 
	Parameter jump_up bound to: 3'b010 
	Parameter jump_extra bound to: 3'b011 
	Parameter jump_down bound to: 3'b100 
	Parameter TIME_START_Y bound to: 100000 - type: integer 
	Parameter TIME_STEP_Y bound to: 8000 - type: integer 
	Parameter TIME_MAX_Y bound to: 600000 - type: integer 
	Parameter TIME_TERM_Y bound to: 250000 - type: integer 
	Parameter BEGIN_COUNT_EXTRA bound to: 450000 - type: integer 
	Parameter TILE_1_MAX bound to: 7000000 - type: integer 
	Parameter TILE_2_MAX bound to: 14000000 - type: integer 
	Parameter WALK_T_MAX bound to: 21000000 - type: integer 
INFO: [Synth 8-155] case statement is not full and has no default [C:/Users/bsiva/Desktop/mahesh/University/SEM_4/CG2026/FPGA_EMODS/Big_screen_version/yoshi_main.srcs/sources_1/new/yoshi_sprite.v:136]
INFO: [Synth 8-155] case statement is not full and has no default [C:/Users/bsiva/Desktop/mahesh/University/SEM_4/CG2026/FPGA_EMODS/Big_screen_version/yoshi_main.srcs/sources_1/new/yoshi_sprite.v:312]
INFO: [Synth 8-6157] synthesizing module 'yoshi_rom' [C:/Users/bsiva/Desktop/mahesh/University/SEM_4/CG2026/FPGA_EMODS/Big_screen_version/yoshi_main.srcs/sources_1/new/yoshi_rom.v:1]
INFO: [Synth 8-5534] Detected attribute (* rom_style = "block" *) [C:/Users/bsiva/Desktop/mahesh/University/SEM_4/CG2026/FPGA_EMODS/Big_screen_version/yoshi_main.srcs/sources_1/new/yoshi_rom.v:12]
INFO: [Synth 8-6155] done synthesizing module 'yoshi_rom' (5#1) [C:/Users/bsiva/Desktop/mahesh/University/SEM_4/CG2026/FPGA_EMODS/Big_screen_version/yoshi_main.srcs/sources_1/new/yoshi_rom.v:1]
INFO: [Synth 8-6157] synthesizing module 'yoshi_ghost_rom' [C:/Users/bsiva/Desktop/mahesh/University/SEM_4/CG2026/FPGA_EMODS/Big_screen_version/yoshi_main.srcs/sources_1/new/yoshi_ghost_rom.v:1]
INFO: [Synth 8-5534] Detected attribute (* rom_style = "block" *) [C:/Users/bsiva/Desktop/mahesh/University/SEM_4/CG2026/FPGA_EMODS/Big_screen_version/yoshi_main.srcs/sources_1/new/yoshi_ghost_rom.v:12]
INFO: [Synth 8-6155] done synthesizing module 'yoshi_ghost_rom' (6#1) [C:/Users/bsiva/Desktop/mahesh/University/SEM_4/CG2026/FPGA_EMODS/Big_screen_version/yoshi_main.srcs/sources_1/new/yoshi_ghost_rom.v:1]
INFO: [Synth 8-6155] done synthesizing module 'yoshi_sprite' (7#1) [C:/Users/bsiva/Desktop/mahesh/University/SEM_4/CG2026/FPGA_EMODS/Big_screen_version/yoshi_main.srcs/sources_1/new/yoshi_sprite.v:1]
INFO: [Synth 8-6157] synthesizing module 'ghost_crazy' [C:/Users/bsiva/Desktop/mahesh/University/SEM_4/CG2026/FPGA_EMODS/Big_screen_version/yoshi_main.srcs/sources_1/new/ghost_crazy.v:1]
	Parameter MAX_X bound to: 640 - type: integer 
	Parameter MAX_Y bound to: 480 - type: integer 
	Parameter T_W bound to: 16 - type: integer 
	Parameter LEFT bound to: 0 - type: integer 
	Parameter RIGHT bound to: 1 - type: integer 
	Parameter TIME_MAX bound to: 4000000 - type: integer 
INFO: [Synth 8-6157] synthesizing module 'ghost_crazy_rom' [C:/Users/bsiva/Desktop/mahesh/University/SEM_4/CG2026/FPGA_EMODS/Big_screen_version/yoshi_main.srcs/sources_1/new/ghost_crazy_rom.v:1]
INFO: [Synth 8-5534] Detected attribute (* rom_style = "block" *) [C:/Users/bsiva/Desktop/mahesh/University/SEM_4/CG2026/FPGA_EMODS/Big_screen_version/yoshi_main.srcs/sources_1/new/ghost_crazy_rom.v:12]
INFO: [Synth 8-6155] done synthesizing module 'ghost_crazy_rom' (8#1) [C:/Users/bsiva/Desktop/mahesh/University/SEM_4/CG2026/FPGA_EMODS/Big_screen_version/yoshi_main.srcs/sources_1/new/ghost_crazy_rom.v:1]
INFO: [Synth 8-6155] done synthesizing module 'ghost_crazy' (9#1) [C:/Users/bsiva/Desktop/mahesh/University/SEM_4/CG2026/FPGA_EMODS/Big_screen_version/yoshi_main.srcs/sources_1/new/ghost_crazy.v:1]
INFO: [Synth 8-6157] synthesizing module 'ghost_top' [C:/Users/bsiva/Desktop/mahesh/University/SEM_4/CG2026/FPGA_EMODS/Big_screen_version/yoshi_main.srcs/sources_1/new/ghost_top.v:1]
	Parameter MAX_X bound to: 640 - type: integer 
	Parameter MAX_Y bound to: 480 - type: integer 
	Parameter T_W bound to: 16 - type: integer 
	Parameter LEFT bound to: 0 - type: integer 
	Parameter RIGHT bound to: 1 - type: integer 
	Parameter TIME_MAX bound to: 4600000 - type: integer 
INFO: [Synth 8-6157] synthesizing module 'ghost_normal_rom' [C:/Users/bsiva/Desktop/mahesh/University/SEM_4/CG2026/FPGA_EMODS/Big_screen_version/yoshi_main.srcs/sources_1/new/ghost_normal_rom.v:1]
INFO: [Synth 8-5534] Detected attribute (* rom_style = "block" *) [C:/Users/bsiva/Desktop/mahesh/University/SEM_4/CG2026/FPGA_EMODS/Big_screen_version/yoshi_main.srcs/sources_1/new/ghost_normal_rom.v:12]
INFO: [Synth 8-226] default block is never used [C:/Users/bsiva/Desktop/mahesh/University/SEM_4/CG2026/FPGA_EMODS/Big_screen_version/yoshi_main.srcs/sources_1/new/ghost_normal_rom.v:22]
INFO: [Synth 8-6155] done synthesizing module 'ghost_normal_rom' (10#1) [C:/Users/bsiva/Desktop/mahesh/University/SEM_4/CG2026/FPGA_EMODS/Big_screen_version/yoshi_main.srcs/sources_1/new/ghost_normal_rom.v:1]
INFO: [Synth 8-6155] done synthesizing module 'ghost_top' (11#1) [C:/Users/bsiva/Desktop/mahesh/University/SEM_4/CG2026/FPGA_EMODS/Big_screen_version/yoshi_main.srcs/sources_1/new/ghost_top.v:1]
INFO: [Synth 8-6157] synthesizing module 'ghost_bottom' [C:/Users/bsiva/Desktop/mahesh/University/SEM_4/CG2026/FPGA_EMODS/Big_screen_version/yoshi_main.srcs/sources_1/new/ghost_bottom.v:1]
	Parameter MAX_X bound to: 640 - type: integer 
	Parameter MAX_Y bound to: 480 - type: integer 
	Parameter T_W bound to: 16 - type: integer 
	Parameter LEFT bound to: 0 - type: integer 
	Parameter RIGHT bound to: 1 - type: integer 
	Parameter TIME_MAX bound to: 4600000 - type: integer 
INFO: [Synth 8-6155] done synthesizing module 'ghost_bottom' (12#1) [C:/Users/bsiva/Desktop/mahesh/University/SEM_4/CG2026/FPGA_EMODS/Big_screen_version/yoshi_main.srcs/sources_1/new/ghost_bottom.v:1]
INFO: [Synth 8-6157] synthesizing module 'platforms' [C:/Users/bsiva/Desktop/mahesh/University/SEM_4/CG2026/FPGA_EMODS/Big_screen_version/yoshi_main.srcs/sources_1/new/platforms.v:1]
	Parameter offset bound to: 16 - type: integer 
INFO: [Synth 8-6157] synthesizing module 'walls_rom' [C:/Users/bsiva/Desktop/mahesh/University/SEM_4/CG2026/FPGA_EMODS/Big_screen_version/yoshi_main.srcs/sources_1/new/walls_rom.v:1]
INFO: [Synth 8-5534] Detected attribute (* rom_style = "block" *) [C:/Users/bsiva/Desktop/mahesh/University/SEM_4/CG2026/FPGA_EMODS/Big_screen_version/yoshi_main.srcs/sources_1/new/walls_rom.v:12]
INFO: [Synth 8-226] default block is never used [C:/Users/bsiva/Desktop/mahesh/University/SEM_4/CG2026/FPGA_EMODS/Big_screen_version/yoshi_main.srcs/sources_1/new/walls_rom.v:22]
INFO: [Synth 8-6155] done synthesizing module 'walls_rom' (13#1) [C:/Users/bsiva/Desktop/mahesh/University/SEM_4/CG2026/FPGA_EMODS/Big_screen_version/yoshi_main.srcs/sources_1/new/walls_rom.v:1]
INFO: [Synth 8-6157] synthesizing module 'blocks_rom' [C:/Users/bsiva/Desktop/mahesh/University/SEM_4/CG2026/FPGA_EMODS/Big_screen_version/yoshi_main.srcs/sources_1/new/blocks_rom.v:1]
INFO: [Synth 8-5534] Detected attribute (* rom_style = "block" *) [C:/Users/bsiva/Desktop/mahesh/University/SEM_4/CG2026/FPGA_EMODS/Big_screen_version/yoshi_main.srcs/sources_1/new/blocks_rom.v:12]
INFO: [Synth 8-6155] done synthesizing module 'blocks_rom' (14#1) [C:/Users/bsiva/Desktop/mahesh/University/SEM_4/CG2026/FPGA_EMODS/Big_screen_version/yoshi_main.srcs/sources_1/new/blocks_rom.v:1]
INFO: [Synth 8-6155] done synthesizing module 'platforms' (15#1) [C:/Users/bsiva/Desktop/mahesh/University/SEM_4/CG2026/FPGA_EMODS/Big_screen_version/yoshi_main.srcs/sources_1/new/platforms.v:1]
INFO: [Synth 8-6157] synthesizing module 'grounded' [C:/Users/bsiva/Desktop/mahesh/University/SEM_4/CG2026/FPGA_EMODS/Big_screen_version/yoshi_main.srcs/sources_1/new/grounded.v:1]
	Parameter MAX_X bound to: 640 - type: integer 
	Parameter MAX_Y bound to: 480 - type: integer 
	Parameter T_W bound to: 16 - type: integer 
	Parameter T_H bound to: 16 - type: integer 
	Parameter X_MAX bound to: 25 - type: integer 
	Parameter X_D bound to: 9 - type: integer 
	Parameter LA bound to: 19 - type: integer 
	Parameter LB bound to: 13 - type: integer 
	Parameter RA bound to: 11 - type: integer 
	Parameter RB bound to: 5 - type: integer 
	Parameter LEFT bound to: 0 - type: integer 
	Parameter RIGHT bound to: 1 - type: integer 
INFO: [Synth 8-6155] done synthesizing module 'grounded' (16#1) [C:/Users/bsiva/Desktop/mahesh/University/SEM_4/CG2026/FPGA_EMODS/Big_screen_version/yoshi_main.srcs/sources_1/new/grounded.v:1]
INFO: [Synth 8-6157] synthesizing module 'background_ghost_rom' [C:/Users/bsiva/Desktop/mahesh/University/SEM_4/CG2026/FPGA_EMODS/Big_screen_version/yoshi_main.srcs/sources_1/new/background_ghost_rom.v:1]
INFO: [Synth 8-5534] Detected attribute (* rom_style = "block" *) [C:/Users/bsiva/Desktop/mahesh/University/SEM_4/CG2026/FPGA_EMODS/Big_screen_version/yoshi_main.srcs/sources_1/new/background_ghost_rom.v:12]
INFO: [Synth 8-226] default block is never used [C:/Users/bsiva/Desktop/mahesh/University/SEM_4/CG2026/FPGA_EMODS/Big_screen_version/yoshi_main.srcs/sources_1/new/background_ghost_rom.v:22]
INFO: [Synth 8-6155] done synthesizing module 'background_ghost_rom' (17#1) [C:/Users/bsiva/Desktop/mahesh/University/SEM_4/CG2026/FPGA_EMODS/Big_screen_version/yoshi_main.srcs/sources_1/new/background_ghost_rom.v:1]
INFO: [Synth 8-6157] synthesizing module 'enemy_collision' [C:/Users/bsiva/Desktop/mahesh/University/SEM_4/CG2026/FPGA_EMODS/Big_screen_version/yoshi_main.srcs/sources_1/new/enemy_collision.v:1]
	Parameter LEFT bound to: 0 - type: integer 
	Parameter RIGHT bound to: 1 - type: integer 
INFO: [Synth 8-6155] done synthesizing module 'enemy_collision' (18#1) [C:/Users/bsiva/Desktop/mahesh/University/SEM_4/CG2026/FPGA_EMODS/Big_screen_version/yoshi_main.srcs/sources_1/new/enemy_collision.v:1]
INFO: [Synth 8-6157] synthesizing module 'eggs' [C:/Users/bsiva/Desktop/mahesh/University/SEM_4/CG2026/FPGA_EMODS/Big_screen_version/yoshi_main.srcs/sources_1/new/eggs.v:1]
	Parameter LEFT bound to: 0 - type: integer 
	Parameter RIGHT bound to: 1 - type: integer 
	Parameter waiting bound to: 1'b0 
	Parameter respawn bound to: 1'b1 
INFO: [Synth 8-155] case statement is not full and has no default [C:/Users/bsiva/Desktop/mahesh/University/SEM_4/CG2026/FPGA_EMODS/Big_screen_version/yoshi_main.srcs/sources_1/new/eggs.v:121]
INFO: [Synth 8-6157] synthesizing module 'eggs_rom' [C:/Users/bsiva/Desktop/mahesh/University/SEM_4/CG2026/FPGA_EMODS/Big_screen_version/yoshi_main.srcs/sources_1/new/eggs_rom.v:1]
INFO: [Synth 8-5534] Detected attribute (* rom_style = "block" *) [C:/Users/bsiva/Desktop/mahesh/University/SEM_4/CG2026/FPGA_EMODS/Big_screen_version/yoshi_main.srcs/sources_1/new/eggs_rom.v:12]
INFO: [Synth 8-155] case statement is not full and has no default [C:/Users/bsiva/Desktop/mahesh/University/SEM_4/CG2026/FPGA_EMODS/Big_screen_version/yoshi_main.srcs/sources_1/new/eggs_rom.v:22]
INFO: [Synth 8-6155] done synthesizing module 'eggs_rom' (19#1) [C:/Users/bsiva/Desktop/mahesh/University/SEM_4/CG2026/FPGA_EMODS/Big_screen_version/yoshi_main.srcs/sources_1/new/eggs_rom.v:1]
INFO: [Synth 8-6155] done synthesizing module 'eggs' (20#1) [C:/Users/bsiva/Desktop/mahesh/University/SEM_4/CG2026/FPGA_EMODS/Big_screen_version/yoshi_main.srcs/sources_1/new/eggs.v:1]
INFO: [Synth 8-6157] synthesizing module 'score_display' [C:/Users/bsiva/Desktop/mahesh/University/SEM_4/CG2026/FPGA_EMODS/Big_screen_version/yoshi_main.srcs/sources_1/new/score_display.v:1]
INFO: [Synth 8-6157] synthesizing module 'binary2bcd' [C:/Users/bsiva/Desktop/mahesh/University/SEM_4/CG2026/FPGA_EMODS/Big_screen_version/yoshi_main.srcs/sources_1/new/binary2bcd.v:1]
	Parameter idle bound to: 1'b0 
	Parameter convert bound to: 1'b1 
INFO: [Synth 8-6155] done synthesizing module 'binary2bcd' (21#1) [C:/Users/bsiva/Desktop/mahesh/University/SEM_4/CG2026/FPGA_EMODS/Big_screen_version/yoshi_main.srcs/sources_1/new/binary2bcd.v:1]
INFO: [Synth 8-6157] synthesizing module 'numbers_rom' [C:/Users/bsiva/Desktop/mahesh/University/SEM_4/CG2026/FPGA_EMODS/Big_screen_version/yoshi_main.srcs/sources_1/new/numbers_rom.v:1]
INFO: [Synth 8-5534] Detected attribute (* rom_style = "block" *) [C:/Users/bsiva/Desktop/mahesh/University/SEM_4/CG2026/FPGA_EMODS/Big_screen_version/yoshi_main.srcs/sources_1/new/numbers_rom.v:12]
INFO: [Synth 8-6155] done synthesizing module 'numbers_rom' (22#1) [C:/Users/bsiva/Desktop/mahesh/University/SEM_4/CG2026/FPGA_EMODS/Big_screen_version/yoshi_main.srcs/sources_1/new/numbers_rom.v:1]
WARNING: [Synth 8-6014] Unused sequential element decode_reg_reg was removed.  [C:/Users/bsiva/Desktop/mahesh/University/SEM_4/CG2026/FPGA_EMODS/Big_screen_version/yoshi_main.srcs/sources_1/new/score_display.v:23]
WARNING: [Synth 8-6014] Unused sequential element m_count_reg_reg was removed.  [C:/Users/bsiva/Desktop/mahesh/University/SEM_4/CG2026/FPGA_EMODS/Big_screen_version/yoshi_main.srcs/sources_1/new/score_display.v:33]
INFO: [Synth 8-6155] done synthesizing module 'score_display' (23#1) [C:/Users/bsiva/Desktop/mahesh/University/SEM_4/CG2026/FPGA_EMODS/Big_screen_version/yoshi_main.srcs/sources_1/new/score_display.v:1]
INFO: [Synth 8-6157] synthesizing module 'hearts_display' [C:/Users/bsiva/Desktop/mahesh/University/SEM_4/CG2026/FPGA_EMODS/Big_screen_version/yoshi_main.srcs/sources_1/new/hearts_display.v:1]
INFO: [Synth 8-6157] synthesizing module 'hearts_rom' [C:/Users/bsiva/Desktop/mahesh/University/SEM_4/CG2026/FPGA_EMODS/Big_screen_version/yoshi_main.srcs/sources_1/new/hearts_rom.v:1]
INFO: [Synth 8-5534] Detected attribute (* rom_style = "block" *) [C:/Users/bsiva/Desktop/mahesh/University/SEM_4/CG2026/FPGA_EMODS/Big_screen_version/yoshi_main.srcs/sources_1/new/hearts_rom.v:12]
INFO: [Synth 8-226] default block is never used [C:/Users/bsiva/Desktop/mahesh/University/SEM_4/CG2026/FPGA_EMODS/Big_screen_version/yoshi_main.srcs/sources_1/new/hearts_rom.v:22]
INFO: [Synth 8-6155] done synthesizing module 'hearts_rom' (24#1) [C:/Users/bsiva/Desktop/mahesh/University/SEM_4/CG2026/FPGA_EMODS/Big_screen_version/yoshi_main.srcs/sources_1/new/hearts_rom.v:1]
INFO: [Synth 8-6155] done synthesizing module 'hearts_display' (25#1) [C:/Users/bsiva/Desktop/mahesh/University/SEM_4/CG2026/FPGA_EMODS/Big_screen_version/yoshi_main.srcs/sources_1/new/hearts_display.v:1]
INFO: [Synth 8-6157] synthesizing module 'game_state_machine' [C:/Users/bsiva/Desktop/mahesh/University/SEM_4/CG2026/FPGA_EMODS/Big_screen_version/yoshi_main.srcs/sources_1/new/game_state_machine.v:1]
	Parameter init bound to: 3'b000 
	Parameter idle bound to: 3'b001 
	Parameter playing bound to: 3'b010 
	Parameter hit bound to: 3'b011 
	Parameter gameover bound to: 3'b100 
INFO: [Synth 8-155] case statement is not full and has no default [C:/Users/bsiva/Desktop/mahesh/University/SEM_4/CG2026/FPGA_EMODS/Big_screen_version/yoshi_main.srcs/sources_1/new/game_state_machine.v:64]
INFO: [Synth 8-6155] done synthesizing module 'game_state_machine' (26#1) [C:/Users/bsiva/Desktop/mahesh/University/SEM_4/CG2026/FPGA_EMODS/Big_screen_version/yoshi_main.srcs/sources_1/new/game_state_machine.v:1]
INFO: [Synth 8-6157] synthesizing module 'game_logo_display' [C:/Users/bsiva/Desktop/mahesh/University/SEM_4/CG2026/FPGA_EMODS/Big_screen_version/yoshi_main.srcs/sources_1/new/game_logo_display.v:1]
INFO: [Synth 8-6157] synthesizing module 'game_logo_rom' [C:/Users/bsiva/Desktop/mahesh/University/SEM_4/CG2026/FPGA_EMODS/Big_screen_version/yoshi_main.srcs/sources_1/new/game_logo_rom.v:1]
INFO: [Synth 8-5534] Detected attribute (* rom_style = "block" *) [C:/Users/bsiva/Desktop/mahesh/University/SEM_4/CG2026/FPGA_EMODS/Big_screen_version/yoshi_main.srcs/sources_1/new/game_logo_rom.v:12]
INFO: [Synth 8-155] case statement is not full and has no default [C:/Users/bsiva/Desktop/mahesh/University/SEM_4/CG2026/FPGA_EMODS/Big_screen_version/yoshi_main.srcs/sources_1/new/game_logo_rom.v:22]
INFO: [Synth 8-6155] done synthesizing module 'game_logo_rom' (27#1) [C:/Users/bsiva/Desktop/mahesh/University/SEM_4/CG2026/FPGA_EMODS/Big_screen_version/yoshi_main.srcs/sources_1/new/game_logo_rom.v:1]
INFO: [Synth 8-6155] done synthesizing module 'game_logo_display' (28#1) [C:/Users/bsiva/Desktop/mahesh/University/SEM_4/CG2026/FPGA_EMODS/Big_screen_version/yoshi_main.srcs/sources_1/new/game_logo_display.v:1]
INFO: [Synth 8-6157] synthesizing module 'gameover_display' [C:/Users/bsiva/Desktop/mahesh/University/SEM_4/CG2026/FPGA_EMODS/Big_screen_version/yoshi_main.srcs/sources_1/new/gameover_display.v:1]
INFO: [Synth 8-6157] synthesizing module 'gameover_rom' [C:/Users/bsiva/Desktop/mahesh/University/SEM_4/CG2026/FPGA_EMODS/Big_screen_version/yoshi_main.srcs/sources_1/new/gameover_rom.v:1]
INFO: [Synth 8-5534] Detected attribute (* rom_style = "block" *) [C:/Users/bsiva/Desktop/mahesh/University/SEM_4/CG2026/FPGA_EMODS/Big_screen_version/yoshi_main.srcs/sources_1/new/gameover_rom.v:12]
INFO: [Synth 8-155] case statement is not full and has no default [C:/Users/bsiva/Desktop/mahesh/University/SEM_4/CG2026/FPGA_EMODS/Big_screen_version/yoshi_main.srcs/sources_1/new/gameover_rom.v:22]
INFO: [Synth 8-6155] done synthesizing module 'gameover_rom' (29#1) [C:/Users/bsiva/Desktop/mahesh/University/SEM_4/CG2026/FPGA_EMODS/Big_screen_version/yoshi_main.srcs/sources_1/new/gameover_rom.v:1]
INFO: [Synth 8-6155] done synthesizing module 'gameover_display' (30#1) [C:/Users/bsiva/Desktop/mahesh/University/SEM_4/CG2026/FPGA_EMODS/Big_screen_version/yoshi_main.srcs/sources_1/new/gameover_display.v:1]
INFO: [Synth 8-6155] done synthesizing module 'display_top' (31#1) [C:/Users/bsiva/Desktop/mahesh/University/SEM_4/CG2026/FPGA_EMODS/Big_screen_version/yoshi_main.srcs/sources_1/new/display_top.v:1]
WARNING: [Synth 8-3331] design display_top has unconnected port data
---------------------------------------------------------------------------------
Finished RTL Elaboration : Time (s): cpu = 00:00:24 ; elapsed = 00:00:37 . Memory (MB): peak = 692.859 ; gain = 435.926
---------------------------------------------------------------------------------

Report Check Netlist: 
+------+------------------+-------+---------+-------+------------------+
|      |Item              |Errors |Warnings |Status |Description       |
+------+------------------+-------+---------+-------+------------------+
|1     |multi_driven_nets |      0|        0|Passed |Multi driven nets |
+------+------------------+-------+---------+-------+------------------+
---------------------------------------------------------------------------------
Start Handling Custom Attributes
---------------------------------------------------------------------------------
---------------------------------------------------------------------------------
Finished Handling Custom Attributes : Time (s): cpu = 00:00:25 ; elapsed = 00:00:39 . Memory (MB): peak = 692.859 ; gain = 435.926
---------------------------------------------------------------------------------
---------------------------------------------------------------------------------
Finished RTL Optimization Phase 1 : Time (s): cpu = 00:00:25 ; elapsed = 00:00:39 . Memory (MB): peak = 692.859 ; gain = 435.926
---------------------------------------------------------------------------------
INFO: [Device 21-403] Loading part xc7a35tcpg236-1
INFO: [Project 1-570] Preparing netlist for logic optimization

Processing XDC Constraints
Initializing timing engine
Parsing XDC File [C:/Users/bsiva/Desktop/mahesh/University/SEM_4/CG2026/FPGA_EMODS/Big_screen_version/yoshi_main.srcs/constrs_1/imports/new/basys3.xdc]
WARNING: [Vivado 12-584] No ports matched 'sw[10]'. [C:/Users/bsiva/Desktop/mahesh/University/SEM_4/CG2026/FPGA_EMODS/Big_screen_version/yoshi_main.srcs/constrs_1/imports/new/basys3.xdc:68]
CRITICAL WARNING: [Common 17-55] 'set_property' expects at least one object. [C:/Users/bsiva/Desktop/mahesh/University/SEM_4/CG2026/FPGA_EMODS/Big_screen_version/yoshi_main.srcs/constrs_1/imports/new/basys3.xdc:68]
Resolution: If [get_<value>] was used to populate the object, check to make sure this command returns at least one valid object.
WARNING: [Vivado 12-584] No ports matched 'sw[11]'. [C:/Users/bsiva/Desktop/mahesh/University/SEM_4/CG2026/FPGA_EMODS/Big_screen_version/yoshi_main.srcs/constrs_1/imports/new/basys3.xdc:69]
CRITICAL WARNING: [Common 17-55] 'set_property' expects at least one object. [C:/Users/bsiva/Desktop/mahesh/University/SEM_4/CG2026/FPGA_EMODS/Big_screen_version/yoshi_main.srcs/constrs_1/imports/new/basys3.xdc:69]
Resolution: If [get_<value>] was used to populate the object, check to make sure this command returns at least one valid object.
Finished Parsing XDC File [C:/Users/bsiva/Desktop/mahesh/University/SEM_4/CG2026/FPGA_EMODS/Big_screen_version/yoshi_main.srcs/constrs_1/imports/new/basys3.xdc]
INFO: [Project 1-236] Implementation specific constraints were found while reading constraint file [C:/Users/bsiva/Desktop/mahesh/University/SEM_4/CG2026/FPGA_EMODS/Big_screen_version/yoshi_main.srcs/constrs_1/imports/new/basys3.xdc]. These constraints will be ignored for synthesis but will be used in implementation. Impacted constraints are listed in the file [.Xil/display_top_propImpl.xdc].
Resolution: To avoid this warning, move constraints listed in [.Xil/display_top_propImpl.xdc] to another XDC file and exclude this new file from synthesis with the used_in_synthesis property (File Properties dialog in GUI) and re-run elaboration/synthesis.
Completed Processing XDC Constraints

INFO: [Project 1-111] Unisim Transformation Summary:
No Unisim elements were transformed.

Constraint Validation Runtime : Time (s): cpu = 00:00:00 ; elapsed = 00:00:00.008 . Memory (MB): peak = 917.344 ; gain = 0.000
---------------------------------------------------------------------------------
Finished Constraint Validation : Time (s): cpu = 00:00:33 ; elapsed = 00:00:51 . Memory (MB): peak = 917.344 ; gain = 660.410
---------------------------------------------------------------------------------
---------------------------------------------------------------------------------
Start Loading Part and Timing Information
---------------------------------------------------------------------------------
Loading part: xc7a35tcpg236-1
---------------------------------------------------------------------------------
Finished Loading Part and Timing Information : Time (s): cpu = 00:00:33 ; elapsed = 00:00:51 . Memory (MB): peak = 917.344 ; gain = 660.410
---------------------------------------------------------------------------------
---------------------------------------------------------------------------------
Start Applying 'set_property' XDC Constraints
---------------------------------------------------------------------------------
---------------------------------------------------------------------------------
Finished applying 'set_property' XDC Constraints : Time (s): cpu = 00:00:33 ; elapsed = 00:00:51 . Memory (MB): peak = 917.344 ; gain = 660.410
---------------------------------------------------------------------------------
INFO: [Synth 8-5545] ROM "slow_clk0" won't be mapped to RAM because address size (32) is larger than maximum supported(25)
WARNING: [Synth 8-3936] Found unconnected internal register 'lfsr_state_reg' and it is trimmed from '16' to '15' bits. [C:/Users/bsiva/Desktop/mahesh/University/SEM_4/CG2026/FPGA_EMODS/Big_screen_version/yoshi_main.srcs/sources_1/new/mini_game.v:56]
INFO: [Synth 8-5544] ROM "is_continue" won't be mapped to Block RAM because address size (4) smaller than threshold (5)
INFO: [Synth 8-5544] ROM "is_continue" won't be mapped to Block RAM because address size (4) smaller than threshold (5)
WARNING: [Synth 8-6014] Unused sequential element row_reg_reg was removed.  [C:/Users/bsiva/Desktop/mahesh/University/SEM_4/CG2026/FPGA_EMODS/Big_screen_version/yoshi_main.srcs/sources_1/new/yoshi_rom.v:17]
WARNING: [Synth 8-6014] Unused sequential element col_reg_reg was removed.  [C:/Users/bsiva/Desktop/mahesh/University/SEM_4/CG2026/FPGA_EMODS/Big_screen_version/yoshi_main.srcs/sources_1/new/yoshi_rom.v:18]
WARNING: [Synth 8-6014] Unused sequential element  was removed.  [C:/Users/bsiva/Desktop/mahesh/University/SEM_4/CG2026/FPGA_EMODS/Big_screen_version/yoshi_main.srcs/sources_1/new/yoshi_rom.v:22]
WARNING: [Synth 8-6014] Unused sequential element row_reg_reg was removed.  [C:/Users/bsiva/Desktop/mahesh/University/SEM_4/CG2026/FPGA_EMODS/Big_screen_version/yoshi_main.srcs/sources_1/new/yoshi_ghost_rom.v:17]
WARNING: [Synth 8-6014] Unused sequential element col_reg_reg was removed.  [C:/Users/bsiva/Desktop/mahesh/University/SEM_4/CG2026/FPGA_EMODS/Big_screen_version/yoshi_main.srcs/sources_1/new/yoshi_ghost_rom.v:18]
WARNING: [Synth 8-6014] Unused sequential element  was removed.  [C:/Users/bsiva/Desktop/mahesh/University/SEM_4/CG2026/FPGA_EMODS/Big_screen_version/yoshi_main.srcs/sources_1/new/yoshi_ghost_rom.v:22]
INFO: [Synth 8-5818] HDL ADVISOR - The operator resource <adder> is shared. To prevent sharing consider applying a KEEP on the output of the operator [C:/Users/bsiva/Desktop/mahesh/University/SEM_4/CG2026/FPGA_EMODS/Big_screen_version/yoshi_main.srcs/sources_1/new/yoshi_sprite.v:136]
INFO: [Synth 8-5818] HDL ADVISOR - The operator resource <adder> is shared. To prevent sharing consider applying a KEEP on the output of the operator [C:/Users/bsiva/Desktop/mahesh/University/SEM_4/CG2026/FPGA_EMODS/Big_screen_version/yoshi_main.srcs/sources_1/new/yoshi_sprite.v:312]
INFO: [Synth 8-802] inferred FSM for state register 'x_state_reg_reg' in module 'yoshi_sprite'
INFO: [Synth 8-802] inferred FSM for state register 'state_reg_y_reg' in module 'yoshi_sprite'
INFO: [Synth 8-5546] ROM "x_start_next" won't be mapped to RAM because it is too sparse
INFO: [Synth 8-5546] ROM "x_time_next" won't be mapped to RAM because it is too sparse
INFO: [Synth 8-5545] ROM "state_next_y" won't be mapped to RAM because address size (26) is larger than maximum supported(25)
INFO: [Synth 8-5546] ROM "start_next_y" won't be mapped to RAM because it is too sparse
INFO: [Synth 8-5544] ROM "x_state_next" won't be mapped to Block RAM because address size (1) smaller than threshold (5)
INFO: [Synth 8-5544] ROM "x_state_next" won't be mapped to Block RAM because address size (1) smaller than threshold (5)
INFO: [Synth 8-5544] ROM "x_state_next" won't be mapped to Block RAM because address size (1) smaller than threshold (5)
INFO: [Synth 8-5544] ROM "jumping_up" won't be mapped to Block RAM because address size (3) smaller than threshold (5)
INFO: [Synth 8-5544] ROM "state_next_y" won't be mapped to Block RAM because address size (1) smaller than threshold (5)
INFO: [Synth 8-5544] ROM "state_next_y" won't be mapped to Block RAM because address size (1) smaller than threshold (5)
INFO: [Synth 8-5544] ROM "state_next_y" won't be mapped to Block RAM because address size (1) smaller than threshold (5)
INFO: [Synth 8-5546] ROM "x_start_next" won't be mapped to RAM because it is too sparse
INFO: [Synth 8-5546] ROM "x_time_next" won't be mapped to RAM because it is too sparse
INFO: [Synth 8-5545] ROM "state_next_y" won't be mapped to RAM because address size (26) is larger than maximum supported(25)
INFO: [Synth 8-5546] ROM "start_next_y" won't be mapped to RAM because it is too sparse
INFO: [Synth 8-5544] ROM "x_state_next" won't be mapped to Block RAM because address size (1) smaller than threshold (5)
INFO: [Synth 8-5544] ROM "x_state_next" won't be mapped to Block RAM because address size (1) smaller than threshold (5)
INFO: [Synth 8-5544] ROM "x_state_next" won't be mapped to Block RAM because address size (1) smaller than threshold (5)
INFO: [Synth 8-5544] ROM "jumping_up" won't be mapped to Block RAM because address size (3) smaller than threshold (5)
INFO: [Synth 8-5544] ROM "state_next_y" won't be mapped to Block RAM because address size (1) smaller than threshold (5)
INFO: [Synth 8-5544] ROM "state_next_y" won't be mapped to Block RAM because address size (1) smaller than threshold (5)
INFO: [Synth 8-5544] ROM "state_next_y" won't be mapped to Block RAM because address size (1) smaller than threshold (5)
INFO: [Synth 8-5544] ROM "head_on0" won't be mapped to Block RAM because address size (1) smaller than threshold (5)
INFO: [Synth 8-5544] ROM "torso_on0" won't be mapped to Block RAM because address size (1) smaller than threshold (5)
INFO: [Synth 8-5544] ROM "dy" won't be mapped to Block RAM because address size (1) smaller than threshold (5)
INFO: [Synth 8-5544] ROM "jump_t_next" won't be mapped to Block RAM because address size (1) smaller than threshold (5)
INFO: [Synth 8-5818] HDL ADVISOR - The operator resource <adder> is shared. To prevent sharing consider applying a KEEP on the output of the operator [C:/Users/bsiva/Desktop/mahesh/University/SEM_4/CG2026/FPGA_EMODS/Big_screen_version/yoshi_main.srcs/sources_1/new/ghost_top.v:111]
INFO: [Synth 8-5818] HDL ADVISOR - The operator resource <adder> is shared. To prevent sharing consider applying a KEEP on the output of the operator [C:/Users/bsiva/Desktop/mahesh/University/SEM_4/CG2026/FPGA_EMODS/Big_screen_version/yoshi_main.srcs/sources_1/new/ghost_bottom.v:108]
WARNING: [Synth 8-6014] Unused sequential element row_reg_reg was removed.  [C:/Users/bsiva/Desktop/mahesh/University/SEM_4/CG2026/FPGA_EMODS/Big_screen_version/yoshi_main.srcs/sources_1/new/walls_rom.v:17]
WARNING: [Synth 8-6014] Unused sequential element col_reg_reg was removed.  [C:/Users/bsiva/Desktop/mahesh/University/SEM_4/CG2026/FPGA_EMODS/Big_screen_version/yoshi_main.srcs/sources_1/new/walls_rom.v:18]
WARNING: [Synth 8-6014] Unused sequential element  was removed.  [C:/Users/bsiva/Desktop/mahesh/University/SEM_4/CG2026/FPGA_EMODS/Big_screen_version/yoshi_main.srcs/sources_1/new/walls_rom.v:22]
WARNING: [Synth 8-6014] Unused sequential element row_reg_reg was removed.  [C:/Users/bsiva/Desktop/mahesh/University/SEM_4/CG2026/FPGA_EMODS/Big_screen_version/yoshi_main.srcs/sources_1/new/blocks_rom.v:17]
WARNING: [Synth 8-6014] Unused sequential element col_reg_reg was removed.  [C:/Users/bsiva/Desktop/mahesh/University/SEM_4/CG2026/FPGA_EMODS/Big_screen_version/yoshi_main.srcs/sources_1/new/blocks_rom.v:18]
WARNING: [Synth 8-6014] Unused sequential element  was removed.  [C:/Users/bsiva/Desktop/mahesh/University/SEM_4/CG2026/FPGA_EMODS/Big_screen_version/yoshi_main.srcs/sources_1/new/blocks_rom.v:22]
INFO: [Synth 8-5546] ROM "grounded_next" won't be mapped to RAM because it is too sparse
WARNING: [Synth 8-6014] Unused sequential element row_reg_reg was removed.  [C:/Users/bsiva/Desktop/mahesh/University/SEM_4/CG2026/FPGA_EMODS/Big_screen_version/yoshi_main.srcs/sources_1/new/background_ghost_rom.v:17]
WARNING: [Synth 8-6014] Unused sequential element col_reg_reg was removed.  [C:/Users/bsiva/Desktop/mahesh/University/SEM_4/CG2026/FPGA_EMODS/Big_screen_version/yoshi_main.srcs/sources_1/new/background_ghost_rom.v:18]
WARNING: [Synth 8-6014] Unused sequential element  was removed.  [C:/Users/bsiva/Desktop/mahesh/University/SEM_4/CG2026/FPGA_EMODS/Big_screen_version/yoshi_main.srcs/sources_1/new/background_ghost_rom.v:22]
