#-----------------------------------------------------------
# Vivado v2018.2 (64-bit)
# SW Build 2258646 on Thu Jun 14 20:03:12 MDT 2018
# IP Build 2256618 on Thu Jun 14 22:10:49 MDT 2018
# Start of session at: Fri Apr 12 10:29:54 2024
# Process ID: 15536
# Current directory: C:/Users/bsiva/Desktop/mahesh/University/SEM_4/CG2026/FPGA_EMODS/S3_18_AAKASH SO_GANDHI KISHEN_MOHAMED RAFI_SIVAGNANAM MAHESHWAR_Improvements_Archive/yoshi_main
# Command line: vivado.exe -gui_launcher_event rodinguilauncherevent13460 C:\Users\bsiva\Desktop\mahesh\University\SEM_4\CG2026\FPGA_EMODS\S3_18_AAKASH SO_GANDHI KISHEN_MOHAMED RAFI_SIVAGNANAM MAHESHWAR_Improvements_Archive\yoshi_main\yoshi_main.xpr
# Log file: C:/Users/bsiva/Desktop/mahesh/University/SEM_4/CG2026/FPGA_EMODS/S3_18_AAKASH SO_GANDHI KISHEN_MOHAMED RAFI_SIVAGNANAM MAHESHWAR_Improvements_Archive/yoshi_main/vivado.log
# Journal file: C:/Users/bsiva/Desktop/mahesh/University/SEM_4/CG2026/FPGA_EMODS/S3_18_AAKASH SO_GANDHI KISHEN_MOHAMED RAFI_SIVAGNANAM MAHESHWAR_Improvements_Archive/yoshi_main\vivado.jou
#-----------------------------------------------------------
start_gui
open_project {C:/Users/bsiva/Desktop/mahesh/University/SEM_4/CG2026/FPGA_EMODS/S3_18_AAKASH SO_GANDHI KISHEN_MOHAMED RAFI_SIVAGNANAM MAHESHWAR_Improvements_Archive/yoshi_main/yoshi_main.xpr}
INFO: [ProjectBase 1-489] The host OS only allows 260 characters in a normal path. The project is stored in a path with more than 80 characters. If you experience issues with IP, Block Designs, or files not being found, please consider moving the project to a location with a shorter path. Alternately consider using the OS subst command to map part of the path to a drive letter.
Current project path is 'C:/Users/bsiva/Desktop/mahesh/University/SEM_4/CG2026/FPGA_EMODS/S3_18_AAKASH SO_GANDHI KISHEN_MOHAMED RAFI_SIVAGNANAM MAHESHWAR_Improvements_Archive/yoshi_main'
Scanning sources...
Finished scanning sources
INFO: [IP_Flow 19-234] Refreshing IP repositories
INFO: [IP_Flow 19-1704] No user IP repositories specified
INFO: [IP_Flow 19-2313] Loaded Vivado IP repository 'C:/Xilinx/Vivado/2018.2/data/ip'.
open_project: Time (s): cpu = 00:00:08 ; elapsed = 00:00:08 . Memory (MB): peak = 898.129 ; gain = 154.238
update_compile_order -fileset sources_1
exit
INFO: [Common 17-206] Exiting Vivado at Fri Apr 12 10:36:30 2024...
