#-----------------------------------------------------------
# Vivado v2018.2 (64-bit)
# SW Build 2258646 on Thu Jun 14 20:03:12 MDT 2018
# IP Build 2256618 on Thu Jun 14 22:10:49 MDT 2018
# Start of session at: Fri Apr  5 16:15:06 2024
# Process ID: 5664
# Current directory: C:/Users/bsiva/Desktop/mahesh/University/SEM_4/CG2026/FPGA_EMODS/Big_screen_version
# Command line: vivado.exe -gui_launcher_event rodinguilauncherevent30940 C:\Users\bsiva\Desktop\mahesh\University\SEM_4\CG2026\FPGA_EMODS\Big_screen_version\yoshi_main.xpr
# Log file: C:/Users/bsiva/Desktop/mahesh/University/SEM_4/CG2026/FPGA_EMODS/Big_screen_version/vivado.log
# Journal file: C:/Users/bsiva/Desktop/mahesh/University/SEM_4/CG2026/FPGA_EMODS/Big_screen_version\vivado.jou
#-----------------------------------------------------------
start_gui
open_project C:/Users/bsiva/Desktop/mahesh/University/SEM_4/CG2026/FPGA_EMODS/Big_screen_version/yoshi_main.xpr
INFO: [ProjectBase 1-489] The host OS only allows 260 characters in a normal path. The project is stored in a path with more than 80 characters. If you experience issues with IP, Block Designs, or files not being found, please consider moving the project to a location with a shorter path. Alternately consider using the OS subst command to map part of the path to a drive letter.
Current project path is 'C:/Users/bsiva/Desktop/mahesh/University/SEM_4/CG2026/FPGA_EMODS/Big_screen_version'
Scanning sources...
Finished scanning sources
INFO: [IP_Flow 19-234] Refreshing IP repositories
INFO: [IP_Flow 19-1704] No user IP repositories specified
INFO: [IP_Flow 19-2313] Loaded Vivado IP repository 'C:/Xilinx/Vivado/2018.2/data/ip'.
open_project: Time (s): cpu = 00:00:10 ; elapsed = 00:00:08 . Memory (MB): peak = 886.543 ; gain = 140.617
update_compile_order -fileset sources_1
reset_run synth_1
launch_runs impl_1 -to_step write_bitstream -jobs 12
[Fri Apr  5 16:15:42 2024] Launched synth_1...
Run output will be captured here: C:/Users/bsiva/Desktop/mahesh/University/SEM_4/CG2026/FPGA_EMODS/Big_screen_version/yoshi_main.runs/synth_1/runme.log
[Fri Apr  5 16:15:42 2024] Launched impl_1...
Run output will be captured here: C:/Users/bsiva/Desktop/mahesh/University/SEM_4/CG2026/FPGA_EMODS/Big_screen_version/yoshi_main.runs/impl_1/runme.log
reset_run synth_1
launch_runs impl_1 -to_step write_bitstream -jobs 12
[Fri Apr  5 19:46:22 2024] Launched synth_1...
Run output will be captured here: C:/Users/bsiva/Desktop/mahesh/University/SEM_4/CG2026/FPGA_EMODS/Big_screen_version/yoshi_main.runs/synth_1/runme.log
[Fri Apr  5 19:46:22 2024] Launched impl_1...
Run output will be captured here: C:/Users/bsiva/Desktop/mahesh/University/SEM_4/CG2026/FPGA_EMODS/Big_screen_version/yoshi_main.runs/impl_1/runme.log
archive_project C:/Users/bsiva/Desktop/coin_rush.xpr.zip -temp_dir C:/Users/bsiva/Desktop/mahesh/University/SEM_4/CG2026/FPGA_EMODS/Big_screen_version/.Xil/Vivado-5664-LAPTOP-O0D571VU -force -include_runs_in_progress -include_local_ip_cache -include_config_settings
INFO: [Coretcl 2-137] starting archive...
INFO: [Coretcl 2-1499] Saving project copy to temporary location 'C:/Users/bsiva/Desktop/mahesh/University/SEM_4/CG2026/FPGA_EMODS/Big_screen_version/.Xil/Vivado-5664-LAPTOP-O0D571VU' for archiving project
INFO: [ProjectBase 1-489] The host OS only allows 260 characters in a normal path. The project is stored in a path with more than 80 characters. If you experience issues with IP, Block Designs, or files not being found, please consider moving the project to a location with a shorter path. Alternately consider using the OS subst command to map part of the path to a drive letter.
Current project path is 'C:/Users/bsiva/Desktop/mahesh/University/SEM_4/CG2026/FPGA_EMODS/Big_screen_version'
Scanning sources...
Finished scanning sources
INFO: [Coretcl 2-1211] Creating project copy for archival...
INFO: [ProjectBase 1-495] The host OS only allows 260 characters in a normal path. The project is stored in a path with more than 80 characters. If you experience any problem with archiving the project, please consider setting environment variable $TEMP to a shorter path.
Current project path is 'C:/Users/bsiva/Desktop/mahesh/University/SEM_4/CG2026/FPGA_EMODS/Big_screen_version/.Xil/Vivado-5664-LAPTOP-O0D571VU/PrjAr/_X_'.
INFO: [Coretcl 2-1213] Including run results for 'synth_1'
INFO: [Coretcl 2-1213] Including run results for 'impl_1'
INFO: [Coretcl 2-1212] Importing remotely added design sources and verilog include files (if any)...
INFO: [filemgmt 20-334] All file(s) are already imported in fileset: 'constrs_1'
INFO: [filemgmt 20-348] Importing the appropriate files for fileset: 'constrs_1'
INFO: [filemgmt 20-348] Importing the appropriate files for fileset: 'sources_1'
INFO: [Coretcl 2-1209] Adding archive summary file to the project...
INFO: [Coretcl 2-1214] Preparing project files for archive...
INFO: [Coretcl 2-1210] Compressing project files and data...
INFO: [Coretcl 2-1215] Project archived (C:/Users/bsiva/Desktop/coin_rush.xpr.zip)
INFO: [Coretcl 2-1216] To view the archive summary log in GUI, double click on 'Design Sources->Text->archive_project_summary.txt', or open this file from the archived project directory.
archive_project: Time (s): cpu = 00:00:01 ; elapsed = 00:00:06 . Memory (MB): peak = 1000.727 ; gain = 0.000
exit
INFO: [Common 17-206] Exiting Vivado at Fri Apr  5 21:10:45 2024...
