Copyright 1986-2018 Xilinx, Inc. All Rights Reserved.
-----------------------------------------------------------------------------------------------------------------------------------------------------------------------
| Tool Version : Vivado v.2018.2 (win64) Build 2258646 Thu Jun 14 20:03:12 MDT 2018
| Date         : Fri Apr  5 14:07:02 2024
| Host         : LAPTOP-O0D571VU running 64-bit major release  (build 9200)
| Command      : report_methodology -file display_top_methodology_drc_routed.rpt -pb display_top_methodology_drc_routed.pb -rpx display_top_methodology_drc_routed.rpx
| Design       : display_top
| Device       : xc7a35tcpg236-1
| Speed File   : -1
| Design State : Routed
-----------------------------------------------------------------------------------------------------------------------------------------------------------------------

Report Methodology

Table of Contents
-----------------
1. REPORT SUMMARY
2. REPORT DETAILS

1. REPORT SUMMARY
-----------------
            Netlist: netlist
          Floorplan: design_1
      Design limits: <entire design considered>
             Max violations: <unlimited>
             Violations found: 133
+-----------+----------+-------------------------------+------------+
| Rule      | Severity | Description                   | Violations |
+-----------+----------+-------------------------------+------------+
| LUTAR-1   | Warning  | LUT drives async reset alert  | 6          |
| TIMING-17 | Warning  | Non-clocked sequential cell   | 60         |
| TIMING-18 | Warning  | Missing input or output delay | 31         |
| TIMING-20 | Warning  | Non-clocked latch             | 36         |
+-----------+----------+-------------------------------+------------+

2. REPORT DETAILS
-----------------
LUTAR-1#1 Warning
LUT drives async reset alert  
LUT cell game_FSM/D_reg[7]_i_2, with 2 or more inputs, drives asynchronous preset/clear pin(s) eggs_unit/A_reg_reg[0]/CLR, eggs_unit/A_reg_reg[1]/CLR, eggs_unit/A_reg_reg[2]/CLR, eggs_unit/A_reg_reg[3]/CLR, eggs_unit/A_reg_reg[5]/CLR, eggs_unit/A_reg_reg[6]/CLR, eggs_unit/A_reg_reg[7]/CLR, eggs_unit/B_reg_reg[0]/CLR, eggs_unit/B_reg_reg[1]/CLR, eggs_unit/B_reg_reg[2]/CLR, eggs_unit/B_reg_reg[3]/CLR, eggs_unit/B_reg_reg[4]/CLR, eggs_unit/B_reg_reg[9]/CLR, eggs_unit/C_reg_reg[0]/CLR, eggs_unit/C_reg_reg[1]/CLR (the first 15 of 69 listed). The LUT may glitch and trigger an unexpected reset, even if it is a properly timed path.
Related violations: <none>

LUTAR-1#2 Warning
LUT drives async reset alert  
LUT cell game_FSM/FSM_sequential_x_state_reg[1]_i_2, with 2 or more inputs, drives asynchronous preset/clear pin(s) eggs_unit/FSM_sequential_state_reg_reg/CLR, eggs_unit/egg_type_reg_reg[3]/CLR, eggs_unit/egg_type_reg_reg[5]/CLR, eggs_unit/egg_x_reg_reg[0]/CLR, eggs_unit/egg_x_reg_reg[1]/CLR, eggs_unit/egg_x_reg_reg[2]/CLR, eggs_unit/egg_x_reg_reg[4]/CLR, eggs_unit/egg_x_reg_reg[6]/CLR, eggs_unit/egg_x_reg_reg[7]/CLR, eggs_unit/egg_x_reg_reg[9]/CLR, eggs_unit/egg_y_reg_reg[0]/CLR, eggs_unit/egg_y_reg_reg[1]/CLR, eggs_unit/egg_y_reg_reg[4]/CLR, eggs_unit/egg_y_reg_reg[7]/CLR, eggs_unit/egg_x_reg_reg[3]/PRE (the first 15 of 106 listed). The LUT may glitch and trigger an unexpected reset, even if it is a properly timed path.
Related violations: <none>

LUTAR-1#3 Warning
LUT drives async reset alert  
LUT cell game_FSM/collision_time_reg[27]_i_2, with 2 or more inputs, drives asynchronous preset/clear pin(s) ghost_crazy_unit/face_t_reg_reg[0]/CLR, yoshi_unit/collision_time_reg_reg[0]/CLR, yoshi_unit/collision_time_reg_reg[10]/CLR, yoshi_unit/collision_time_reg_reg[11]/CLR, yoshi_unit/collision_time_reg_reg[12]/CLR, yoshi_unit/collision_time_reg_reg[13]/CLR, yoshi_unit/collision_time_reg_reg[14]/CLR, yoshi_unit/collision_time_reg_reg[15]/CLR, yoshi_unit/collision_time_reg_reg[16]/CLR, yoshi_unit/collision_time_reg_reg[17]/CLR, yoshi_unit/collision_time_reg_reg[18]/CLR, yoshi_unit/collision_time_reg_reg[19]/CLR, yoshi_unit/collision_time_reg_reg[1]/CLR, yoshi_unit/collision_time_reg_reg[20]/CLR, yoshi_unit/collision_time_reg_reg[21]/CLR (the first 15 of 29 listed). The LUT may glitch and trigger an unexpected reset, even if it is a properly timed path.
Related violations: <none>

LUTAR-1#4 Warning
LUT drives async reset alert  
LUT cell game_FSM/time_reg[25]_i_2, with 2 or more inputs, drives asynchronous preset/clear pin(s) eggs_unit/new_score_reg_reg/CLR, eggs_unit/score_reg_reg[10]/CLR, eggs_unit/score_reg_reg[11]/CLR, eggs_unit/score_reg_reg[12]/CLR, eggs_unit/score_reg_reg[13]/CLR, eggs_unit/score_reg_reg[1]/CLR, eggs_unit/score_reg_reg[2]/CLR, eggs_unit/score_reg_reg[3]/CLR, eggs_unit/score_reg_reg[4]/CLR, eggs_unit/score_reg_reg[5]/CLR, eggs_unit/score_reg_reg[6]/CLR, eggs_unit/score_reg_reg[7]/CLR, eggs_unit/score_reg_reg[8]/CLR, eggs_unit/score_reg_reg[9]/CLR, ghost_bottom_unit/time_reg_reg[0]/CLR (the first 15 of 147 listed). The LUT may glitch and trigger an unexpected reset, even if it is a properly timed path.
Related violations: <none>

LUTAR-1#5 Warning
LUT drives async reset alert  
LUT cell game_FSM/x_start_reg[19]_i_3, with 2 or more inputs, drives asynchronous preset/clear pin(s) ghost_bottom_unit/s_x_next_reg[0]/CLR, ghost_bottom_unit/s_x_next_reg[1]/CLR, ghost_bottom_unit/s_x_next_reg[4]/CLR, ghost_bottom_unit/s_x_next_reg[7]/CLR, ghost_bottom_unit/s_x_next_reg[8]/CLR, ghost_bottom_unit/s_y_next_reg[0]/CLR, ghost_bottom_unit/s_y_next_reg[1]/CLR, ghost_bottom_unit/s_y_next_reg[4]/CLR, ghost_bottom_unit/s_y_next_reg[5]/CLR, ghost_bottom_unit/s_y_next_reg[9]/CLR, ghost_bottom_unit/s_x_next_reg[2]/PRE, ghost_bottom_unit/s_x_next_reg[3]/PRE, ghost_bottom_unit/s_x_next_reg[5]/PRE, ghost_bottom_unit/s_x_next_reg[6]/PRE, ghost_bottom_unit/s_x_next_reg[9]/PRE (the first 15 of 106 listed). The LUT may glitch and trigger an unexpected reset, even if it is a properly timed path.
Related violations: <none>

LUTAR-1#6 Warning
LUT drives async reset alert  
LUT cell game_FSM/x_time_reg[19]_i_3, with 2 or more inputs, drives asynchronous preset/clear pin(s) yoshi_unit/start_reg_y_reg[10]/CLR, yoshi_unit/start_reg_y_reg[11]/CLR, yoshi_unit/start_reg_y_reg[12]/CLR, yoshi_unit/start_reg_y_reg[13]/CLR, yoshi_unit/start_reg_y_reg[5]/CLR, yoshi_unit/start_reg_y_reg[6]/CLR, yoshi_unit/start_reg_y_reg[7]/CLR, yoshi_unit/start_reg_y_reg[8]/CLR, yoshi_unit/start_reg_y_reg[9]/CLR, yoshi_unit/x_time_reg_reg[10]/CLR, yoshi_unit/x_time_reg_reg[11]/CLR, yoshi_unit/x_time_reg_reg[12]/CLR, yoshi_unit/x_time_reg_reg[13]/CLR, yoshi_unit/x_time_reg_reg[14]/CLR, yoshi_unit/x_time_reg_reg[15]/CLR (the first 15 of 106 listed). The LUT may glitch and trigger an unexpected reset, even if it is a properly timed path.
Related violations: <none>

TIMING-17#1 Warning
Non-clocked sequential cell  
The clock pin ghost_bottom_unit/s_x_next_reg[0]/C is not reached by a timing clock
Related violations: <none>

TIMING-17#2 Warning
Non-clocked sequential cell  
The clock pin ghost_bottom_unit/s_x_next_reg[1]/C is not reached by a timing clock
Related violations: <none>

TIMING-17#3 Warning
Non-clocked sequential cell  
The clock pin ghost_bottom_unit/s_x_next_reg[2]/C is not reached by a timing clock
Related violations: <none>

TIMING-17#4 Warning
Non-clocked sequential cell  
The clock pin ghost_bottom_unit/s_x_next_reg[3]/C is not reached by a timing clock
Related violations: <none>

TIMING-17#5 Warning
Non-clocked sequential cell  
The clock pin ghost_bottom_unit/s_x_next_reg[4]/C is not reached by a timing clock
Related violations: <none>

TIMING-17#6 Warning
Non-clocked sequential cell  
The clock pin ghost_bottom_unit/s_x_next_reg[5]/C is not reached by a timing clock
Related violations: <none>

TIMING-17#7 Warning
Non-clocked sequential cell  
The clock pin ghost_bottom_unit/s_x_next_reg[6]/C is not reached by a timing clock
Related violations: <none>

TIMING-17#8 Warning
Non-clocked sequential cell  
The clock pin ghost_bottom_unit/s_x_next_reg[7]/C is not reached by a timing clock
Related violations: <none>

TIMING-17#9 Warning
Non-clocked sequential cell  
The clock pin ghost_bottom_unit/s_x_next_reg[8]/C is not reached by a timing clock
Related violations: <none>

TIMING-17#10 Warning
Non-clocked sequential cell  
The clock pin ghost_bottom_unit/s_x_next_reg[9]/C is not reached by a timing clock
Related violations: <none>

TIMING-17#11 Warning
Non-clocked sequential cell  
The clock pin ghost_bottom_unit/s_y_next_reg[0]/C is not reached by a timing clock
Related violations: <none>

TIMING-17#12 Warning
Non-clocked sequential cell  
The clock pin ghost_bottom_unit/s_y_next_reg[1]/C is not reached by a timing clock
Related violations: <none>

TIMING-17#13 Warning
Non-clocked sequential cell  
The clock pin ghost_bottom_unit/s_y_next_reg[2]/C is not reached by a timing clock
Related violations: <none>

TIMING-17#14 Warning
Non-clocked sequential cell  
The clock pin ghost_bottom_unit/s_y_next_reg[3]/C is not reached by a timing clock
Related violations: <none>

TIMING-17#15 Warning
Non-clocked sequential cell  
The clock pin ghost_bottom_unit/s_y_next_reg[4]/C is not reached by a timing clock
Related violations: <none>

TIMING-17#16 Warning
Non-clocked sequential cell  
The clock pin ghost_bottom_unit/s_y_next_reg[5]/C is not reached by a timing clock
Related violations: <none>

TIMING-17#17 Warning
Non-clocked sequential cell  
The clock pin ghost_bottom_unit/s_y_next_reg[6]/C is not reached by a timing clock
Related violations: <none>

TIMING-17#18 Warning
Non-clocked sequential cell  
The clock pin ghost_bottom_unit/s_y_next_reg[7]/C is not reached by a timing clock
Related violations: <none>

TIMING-17#19 Warning
Non-clocked sequential cell  
The clock pin ghost_bottom_unit/s_y_next_reg[8]/C is not reached by a timing clock
Related violations: <none>

TIMING-17#20 Warning
Non-clocked sequential cell  
The clock pin ghost_bottom_unit/s_y_next_reg[9]/C is not reached by a timing clock
Related violations: <none>

TIMING-17#21 Warning
Non-clocked sequential cell  
The clock pin ghost_crazy_unit/s_x_next_reg[0]/C is not reached by a timing clock
Related violations: <none>

TIMING-17#22 Warning
Non-clocked sequential cell  
The clock pin ghost_crazy_unit/s_x_next_reg[1]/C is not reached by a timing clock
Related violations: <none>

TIMING-17#23 Warning
Non-clocked sequential cell  
The clock pin ghost_crazy_unit/s_x_next_reg[2]/C is not reached by a timing clock
Related violations: <none>

TIMING-17#24 Warning
Non-clocked sequential cell  
The clock pin ghost_crazy_unit/s_x_next_reg[3]/C is not reached by a timing clock
Related violations: <none>

TIMING-17#25 Warning
Non-clocked sequential cell  
The clock pin ghost_crazy_unit/s_x_next_reg[4]/C is not reached by a timing clock
Related violations: <none>

TIMING-17#26 Warning
Non-clocked sequential cell  
The clock pin ghost_crazy_unit/s_x_next_reg[5]/C is not reached by a timing clock
Related violations: <none>

TIMING-17#27 Warning
Non-clocked sequential cell  
The clock pin ghost_crazy_unit/s_x_next_reg[6]/C is not reached by a timing clock
Related violations: <none>

TIMING-17#28 Warning
Non-clocked sequential cell  
The clock pin ghost_crazy_unit/s_x_next_reg[7]/C is not reached by a timing clock
Related violations: <none>

TIMING-17#29 Warning
Non-clocked sequential cell  
The clock pin ghost_crazy_unit/s_x_next_reg[8]/C is not reached by a timing clock
Related violations: <none>

TIMING-17#30 Warning
Non-clocked sequential cell  
The clock pin ghost_crazy_unit/s_x_next_reg[9]/C is not reached by a timing clock
Related violations: <none>

TIMING-17#31 Warning
Non-clocked sequential cell  
The clock pin ghost_crazy_unit/s_y_next_reg[0]/C is not reached by a timing clock
Related violations: <none>

TIMING-17#32 Warning
Non-clocked sequential cell  
The clock pin ghost_crazy_unit/s_y_next_reg[1]/C is not reached by a timing clock
Related violations: <none>

TIMING-17#33 Warning
Non-clocked sequential cell  
The clock pin ghost_crazy_unit/s_y_next_reg[2]/C is not reached by a timing clock
Related violations: <none>

TIMING-17#34 Warning
Non-clocked sequential cell  
The clock pin ghost_crazy_unit/s_y_next_reg[3]/C is not reached by a timing clock
Related violations: <none>

TIMING-17#35 Warning
Non-clocked sequential cell  
The clock pin ghost_crazy_unit/s_y_next_reg[4]/C is not reached by a timing clock
Related violations: <none>

TIMING-17#36 Warning
Non-clocked sequential cell  
The clock pin ghost_crazy_unit/s_y_next_reg[5]/C is not reached by a timing clock
Related violations: <none>

TIMING-17#37 Warning
Non-clocked sequential cell  
The clock pin ghost_crazy_unit/s_y_next_reg[6]/C is not reached by a timing clock
Related violations: <none>

TIMING-17#38 Warning
Non-clocked sequential cell  
The clock pin ghost_crazy_unit/s_y_next_reg[7]/C is not reached by a timing clock
Related violations: <none>

TIMING-17#39 Warning
Non-clocked sequential cell  
The clock pin ghost_crazy_unit/s_y_next_reg[8]/C is not reached by a timing clock
Related violations: <none>

TIMING-17#40 Warning
Non-clocked sequential cell  
The clock pin ghost_crazy_unit/s_y_next_reg[9]/C is not reached by a timing clock
Related violations: <none>

TIMING-17#41 Warning
Non-clocked sequential cell  
The clock pin ghost_top_unit/s_x_next_reg[0]/C is not reached by a timing clock
Related violations: <none>

TIMING-17#42 Warning
Non-clocked sequential cell  
The clock pin ghost_top_unit/s_x_next_reg[1]/C is not reached by a timing clock
Related violations: <none>

TIMING-17#43 Warning
Non-clocked sequential cell  
The clock pin ghost_top_unit/s_x_next_reg[2]/C is not reached by a timing clock
Related violations: <none>

TIMING-17#44 Warning
Non-clocked sequential cell  
The clock pin ghost_top_unit/s_x_next_reg[3]/C is not reached by a timing clock
Related violations: <none>

TIMING-17#45 Warning
Non-clocked sequential cell  
The clock pin ghost_top_unit/s_x_next_reg[4]/C is not reached by a timing clock
Related violations: <none>

TIMING-17#46 Warning
Non-clocked sequential cell  
The clock pin ghost_top_unit/s_x_next_reg[5]/C is not reached by a timing clock
Related violations: <none>

TIMING-17#47 Warning
Non-clocked sequential cell  
The clock pin ghost_top_unit/s_x_next_reg[6]/C is not reached by a timing clock
Related violations: <none>

TIMING-17#48 Warning
Non-clocked sequential cell  
The clock pin ghost_top_unit/s_x_next_reg[7]/C is not reached by a timing clock
Related violations: <none>

TIMING-17#49 Warning
Non-clocked sequential cell  
The clock pin ghost_top_unit/s_x_next_reg[8]/C is not reached by a timing clock
Related violations: <none>

TIMING-17#50 Warning
Non-clocked sequential cell  
The clock pin ghost_top_unit/s_x_next_reg[9]/C is not reached by a timing clock
Related violations: <none>

TIMING-17#51 Warning
Non-clocked sequential cell  
The clock pin ghost_top_unit/s_y_next_reg[0]/C is not reached by a timing clock
Related violations: <none>

TIMING-17#52 Warning
Non-clocked sequential cell  
The clock pin ghost_top_unit/s_y_next_reg[1]/C is not reached by a timing clock
Related violations: <none>

TIMING-17#53 Warning
Non-clocked sequential cell  
The clock pin ghost_top_unit/s_y_next_reg[2]/C is not reached by a timing clock
Related violations: <none>

TIMING-17#54 Warning
Non-clocked sequential cell  
The clock pin ghost_top_unit/s_y_next_reg[3]/C is not reached by a timing clock
Related violations: <none>

TIMING-17#55 Warning
Non-clocked sequential cell  
The clock pin ghost_top_unit/s_y_next_reg[4]/C is not reached by a timing clock
Related violations: <none>

TIMING-17#56 Warning
Non-clocked sequential cell  
The clock pin ghost_top_unit/s_y_next_reg[5]/C is not reached by a timing clock
Related violations: <none>

TIMING-17#57 Warning
Non-clocked sequential cell  
The clock pin ghost_top_unit/s_y_next_reg[6]/C is not reached by a timing clock
Related violations: <none>

TIMING-17#58 Warning
Non-clocked sequential cell  
The clock pin ghost_top_unit/s_y_next_reg[7]/C is not reached by a timing clock
Related violations: <none>

TIMING-17#59 Warning
Non-clocked sequential cell  
The clock pin ghost_top_unit/s_y_next_reg[8]/C is not reached by a timing clock
Related violations: <none>

TIMING-17#60 Warning
Non-clocked sequential cell  
The clock pin ghost_top_unit/s_y_next_reg[9]/C is not reached by a timing clock
Related violations: <none>

TIMING-18#1 Warning
Missing input or output delay  
An input delay is missing on btnC relative to clock(s) sys_clk_pin
Related violations: <none>

TIMING-18#2 Warning
Missing input or output delay  
An input delay is missing on btnL relative to clock(s) sys_clk_pin
Related violations: <none>

TIMING-18#3 Warning
Missing input or output delay  
An input delay is missing on btnR relative to clock(s) sys_clk_pin
Related violations: <none>

TIMING-18#4 Warning
Missing input or output delay  
An input delay is missing on btnU relative to clock(s) sys_clk_pin
Related violations: <none>

TIMING-18#5 Warning
Missing input or output delay  
An input delay is missing on hard_reset relative to clock(s) sys_clk_pin
Related violations: <none>

TIMING-18#6 Warning
Missing input or output delay  
An output delay is missing on an[0] relative to clock(s) sys_clk_pin
Related violations: <none>

TIMING-18#7 Warning
Missing input or output delay  
An output delay is missing on an[1] relative to clock(s) sys_clk_pin
Related violations: <none>

TIMING-18#8 Warning
Missing input or output delay  
An output delay is missing on an[2] relative to clock(s) sys_clk_pin
Related violations: <none>

TIMING-18#9 Warning
Missing input or output delay  
An output delay is missing on an[3] relative to clock(s) sys_clk_pin
Related violations: <none>

TIMING-18#10 Warning
Missing input or output delay  
An output delay is missing on hsync relative to clock(s) sys_clk_pin
Related violations: <none>

TIMING-18#11 Warning
Missing input or output delay  
An output delay is missing on rgb[0] relative to clock(s) sys_clk_pin
Related violations: <none>

TIMING-18#12 Warning
Missing input or output delay  
An output delay is missing on rgb[10] relative to clock(s) sys_clk_pin
Related violations: <none>

TIMING-18#13 Warning
Missing input or output delay  
An output delay is missing on rgb[11] relative to clock(s) sys_clk_pin
Related violations: <none>

TIMING-18#14 Warning
Missing input or output delay  
An output delay is missing on rgb[1] relative to clock(s) sys_clk_pin
Related violations: <none>

TIMING-18#15 Warning
Missing input or output delay  
An output delay is missing on rgb[2] relative to clock(s) sys_clk_pin
Related violations: <none>

TIMING-18#16 Warning
Missing input or output delay  
An output delay is missing on rgb[3] relative to clock(s) sys_clk_pin
Related violations: <none>

TIMING-18#17 Warning
Missing input or output delay  
An output delay is missing on rgb[4] relative to clock(s) sys_clk_pin
Related violations: <none>

TIMING-18#18 Warning
Missing input or output delay  
An output delay is missing on rgb[5] relative to clock(s) sys_clk_pin
Related violations: <none>

TIMING-18#19 Warning
Missing input or output delay  
An output delay is missing on rgb[6] relative to clock(s) sys_clk_pin
Related violations: <none>

TIMING-18#20 Warning
Missing input or output delay  
An output delay is missing on rgb[7] relative to clock(s) sys_clk_pin
Related violations: <none>

TIMING-18#21 Warning
Missing input or output delay  
An output delay is missing on rgb[8] relative to clock(s) sys_clk_pin
Related violations: <none>

TIMING-18#22 Warning
Missing input or output delay  
An output delay is missing on rgb[9] relative to clock(s) sys_clk_pin
Related violations: <none>

TIMING-18#23 Warning
Missing input or output delay  
An output delay is missing on sseg[0] relative to clock(s) sys_clk_pin
Related violations: <none>

TIMING-18#24 Warning
Missing input or output delay  
An output delay is missing on sseg[1] relative to clock(s) sys_clk_pin
Related violations: <none>

TIMING-18#25 Warning
Missing input or output delay  
An output delay is missing on sseg[2] relative to clock(s) sys_clk_pin
Related violations: <none>

TIMING-18#26 Warning
Missing input or output delay  
An output delay is missing on sseg[3] relative to clock(s) sys_clk_pin
Related violations: <none>

TIMING-18#27 Warning
Missing input or output delay  
An output delay is missing on sseg[4] relative to clock(s) sys_clk_pin
Related violations: <none>

TIMING-18#28 Warning
Missing input or output delay  
An output delay is missing on sseg[5] relative to clock(s) sys_clk_pin
Related violations: <none>

TIMING-18#29 Warning
Missing input or output delay  
An output delay is missing on sseg[6] relative to clock(s) sys_clk_pin
Related violations: <none>

TIMING-18#30 Warning
Missing input or output delay  
An output delay is missing on sseg[7] relative to clock(s) sys_clk_pin
Related violations: <none>

TIMING-18#31 Warning
Missing input or output delay  
An output delay is missing on vsync relative to clock(s) sys_clk_pin
Related violations: <none>

TIMING-20#1 Warning
Non-clocked latch  
The latch eggs_unit/eggs_rom_unit/color_data_reg[0] cannot be properly analyzed as its control pin eggs_unit/eggs_rom_unit/color_data_reg[0]/G is not reached by a timing clock
Related violations: <none>

TIMING-20#2 Warning
Non-clocked latch  
The latch eggs_unit/eggs_rom_unit/color_data_reg[10] cannot be properly analyzed as its control pin eggs_unit/eggs_rom_unit/color_data_reg[10]/G is not reached by a timing clock
Related violations: <none>

TIMING-20#3 Warning
Non-clocked latch  
The latch eggs_unit/eggs_rom_unit/color_data_reg[11] cannot be properly analyzed as its control pin eggs_unit/eggs_rom_unit/color_data_reg[11]/G is not reached by a timing clock
Related violations: <none>

TIMING-20#4 Warning
Non-clocked latch  
The latch eggs_unit/eggs_rom_unit/color_data_reg[1] cannot be properly analyzed as its control pin eggs_unit/eggs_rom_unit/color_data_reg[1]/G is not reached by a timing clock
Related violations: <none>

TIMING-20#5 Warning
Non-clocked latch  
The latch eggs_unit/eggs_rom_unit/color_data_reg[2] cannot be properly analyzed as its control pin eggs_unit/eggs_rom_unit/color_data_reg[2]/G is not reached by a timing clock
Related violations: <none>

TIMING-20#6 Warning
Non-clocked latch  
The latch eggs_unit/eggs_rom_unit/color_data_reg[3] cannot be properly analyzed as its control pin eggs_unit/eggs_rom_unit/color_data_reg[3]/G is not reached by a timing clock
Related violations: <none>

TIMING-20#7 Warning
Non-clocked latch  
The latch eggs_unit/eggs_rom_unit/color_data_reg[4] cannot be properly analyzed as its control pin eggs_unit/eggs_rom_unit/color_data_reg[4]/G is not reached by a timing clock
Related violations: <none>

TIMING-20#8 Warning
Non-clocked latch  
The latch eggs_unit/eggs_rom_unit/color_data_reg[5] cannot be properly analyzed as its control pin eggs_unit/eggs_rom_unit/color_data_reg[5]/G is not reached by a timing clock
Related violations: <none>

TIMING-20#9 Warning
Non-clocked latch  
The latch eggs_unit/eggs_rom_unit/color_data_reg[6] cannot be properly analyzed as its control pin eggs_unit/eggs_rom_unit/color_data_reg[6]/G is not reached by a timing clock
Related violations: <none>

TIMING-20#10 Warning
Non-clocked latch  
The latch eggs_unit/eggs_rom_unit/color_data_reg[7] cannot be properly analyzed as its control pin eggs_unit/eggs_rom_unit/color_data_reg[7]/G is not reached by a timing clock
Related violations: <none>

TIMING-20#11 Warning
Non-clocked latch  
The latch eggs_unit/eggs_rom_unit/color_data_reg[8] cannot be properly analyzed as its control pin eggs_unit/eggs_rom_unit/color_data_reg[8]/G is not reached by a timing clock
Related violations: <none>

TIMING-20#12 Warning
Non-clocked latch  
The latch eggs_unit/eggs_rom_unit/color_data_reg[9] cannot be properly analyzed as its control pin eggs_unit/eggs_rom_unit/color_data_reg[9]/G is not reached by a timing clock
Related violations: <none>

TIMING-20#13 Warning
Non-clocked latch  
The latch yoshi_unit/yoshi_ghost_rom_unit/color_data_reg[0] cannot be properly analyzed as its control pin yoshi_unit/yoshi_ghost_rom_unit/color_data_reg[0]/G is not reached by a timing clock
Related violations: <none>

TIMING-20#14 Warning
Non-clocked latch  
The latch yoshi_unit/yoshi_ghost_rom_unit/color_data_reg[10] cannot be properly analyzed as its control pin yoshi_unit/yoshi_ghost_rom_unit/color_data_reg[10]/G is not reached by a timing clock
Related violations: <none>

TIMING-20#15 Warning
Non-clocked latch  
The latch yoshi_unit/yoshi_ghost_rom_unit/color_data_reg[11] cannot be properly analyzed as its control pin yoshi_unit/yoshi_ghost_rom_unit/color_data_reg[11]/G is not reached by a timing clock
Related violations: <none>

TIMING-20#16 Warning
Non-clocked latch  
The latch yoshi_unit/yoshi_ghost_rom_unit/color_data_reg[1] cannot be properly analyzed as its control pin yoshi_unit/yoshi_ghost_rom_unit/color_data_reg[1]/G is not reached by a timing clock
Related violations: <none>

TIMING-20#17 Warning
Non-clocked latch  
The latch yoshi_unit/yoshi_ghost_rom_unit/color_data_reg[2] cannot be properly analyzed as its control pin yoshi_unit/yoshi_ghost_rom_unit/color_data_reg[2]/G is not reached by a timing clock
Related violations: <none>

TIMING-20#18 Warning
Non-clocked latch  
The latch yoshi_unit/yoshi_ghost_rom_unit/color_data_reg[3] cannot be properly analyzed as its control pin yoshi_unit/yoshi_ghost_rom_unit/color_data_reg[3]/G is not reached by a timing clock
Related violations: <none>

TIMING-20#19 Warning
Non-clocked latch  
The latch yoshi_unit/yoshi_ghost_rom_unit/color_data_reg[4] cannot be properly analyzed as its control pin yoshi_unit/yoshi_ghost_rom_unit/color_data_reg[4]/G is not reached by a timing clock
Related violations: <none>

TIMING-20#20 Warning
Non-clocked latch  
The latch yoshi_unit/yoshi_ghost_rom_unit/color_data_reg[5] cannot be properly analyzed as its control pin yoshi_unit/yoshi_ghost_rom_unit/color_data_reg[5]/G is not reached by a timing clock
Related violations: <none>

TIMING-20#21 Warning
Non-clocked latch  
The latch yoshi_unit/yoshi_ghost_rom_unit/color_data_reg[6] cannot be properly analyzed as its control pin yoshi_unit/yoshi_ghost_rom_unit/color_data_reg[6]/G is not reached by a timing clock
Related violations: <none>

TIMING-20#22 Warning
Non-clocked latch  
The latch yoshi_unit/yoshi_ghost_rom_unit/color_data_reg[7] cannot be properly analyzed as its control pin yoshi_unit/yoshi_ghost_rom_unit/color_data_reg[7]/G is not reached by a timing clock
Related violations: <none>

TIMING-20#23 Warning
Non-clocked latch  
The latch yoshi_unit/yoshi_ghost_rom_unit/color_data_reg[8] cannot be properly analyzed as its control pin yoshi_unit/yoshi_ghost_rom_unit/color_data_reg[8]/G is not reached by a timing clock
Related violations: <none>

TIMING-20#24 Warning
Non-clocked latch  
The latch yoshi_unit/yoshi_ghost_rom_unit/color_data_reg[9] cannot be properly analyzed as its control pin yoshi_unit/yoshi_ghost_rom_unit/color_data_reg[9]/G is not reached by a timing clock
Related violations: <none>

TIMING-20#25 Warning
Non-clocked latch  
The latch yoshi_unit/yoshi_rom_unit/color_data_reg[0] cannot be properly analyzed as its control pin yoshi_unit/yoshi_rom_unit/color_data_reg[0]/G is not reached by a timing clock
Related violations: <none>

TIMING-20#26 Warning
Non-clocked latch  
The latch yoshi_unit/yoshi_rom_unit/color_data_reg[10] cannot be properly analyzed as its control pin yoshi_unit/yoshi_rom_unit/color_data_reg[10]/G is not reached by a timing clock
Related violations: <none>

TIMING-20#27 Warning
Non-clocked latch  
The latch yoshi_unit/yoshi_rom_unit/color_data_reg[11] cannot be properly analyzed as its control pin yoshi_unit/yoshi_rom_unit/color_data_reg[11]/G is not reached by a timing clock
Related violations: <none>

TIMING-20#28 Warning
Non-clocked latch  
The latch yoshi_unit/yoshi_rom_unit/color_data_reg[1] cannot be properly analyzed as its control pin yoshi_unit/yoshi_rom_unit/color_data_reg[1]/G is not reached by a timing clock
Related violations: <none>

TIMING-20#29 Warning
Non-clocked latch  
The latch yoshi_unit/yoshi_rom_unit/color_data_reg[2] cannot be properly analyzed as its control pin yoshi_unit/yoshi_rom_unit/color_data_reg[2]/G is not reached by a timing clock
Related violations: <none>

TIMING-20#30 Warning
Non-clocked latch  
The latch yoshi_unit/yoshi_rom_unit/color_data_reg[3] cannot be properly analyzed as its control pin yoshi_unit/yoshi_rom_unit/color_data_reg[3]/G is not reached by a timing clock
Related violations: <none>

TIMING-20#31 Warning
Non-clocked latch  
The latch yoshi_unit/yoshi_rom_unit/color_data_reg[4] cannot be properly analyzed as its control pin yoshi_unit/yoshi_rom_unit/color_data_reg[4]/G is not reached by a timing clock
Related violations: <none>

TIMING-20#32 Warning
Non-clocked latch  
The latch yoshi_unit/yoshi_rom_unit/color_data_reg[5] cannot be properly analyzed as its control pin yoshi_unit/yoshi_rom_unit/color_data_reg[5]/G is not reached by a timing clock
Related violations: <none>

TIMING-20#33 Warning
Non-clocked latch  
The latch yoshi_unit/yoshi_rom_unit/color_data_reg[6] cannot be properly analyzed as its control pin yoshi_unit/yoshi_rom_unit/color_data_reg[6]/G is not reached by a timing clock
Related violations: <none>

TIMING-20#34 Warning
Non-clocked latch  
The latch yoshi_unit/yoshi_rom_unit/color_data_reg[7] cannot be properly analyzed as its control pin yoshi_unit/yoshi_rom_unit/color_data_reg[7]/G is not reached by a timing clock
Related violations: <none>

TIMING-20#35 Warning
Non-clocked latch  
The latch yoshi_unit/yoshi_rom_unit/color_data_reg[8] cannot be properly analyzed as its control pin yoshi_unit/yoshi_rom_unit/color_data_reg[8]/G is not reached by a timing clock
Related violations: <none>

TIMING-20#36 Warning
Non-clocked latch  
The latch yoshi_unit/yoshi_rom_unit/color_data_reg[9] cannot be properly analyzed as its control pin yoshi_unit/yoshi_rom_unit/color_data_reg[9]/G is not reached by a timing clock
Related violations: <none>


