Copyright 1986-2018 Xilinx, Inc. All Rights Reserved.
----------------------------------------------------------------------------------------
| Tool Version : Vivado v.2018.2 (win64) Build 2258646 Thu Jun 14 20:03:12 MDT 2018
| Date         : Fri Apr  5 14:06:30 2024
| Host         : LAPTOP-O0D571VU running 64-bit major release  (build 9200)
| Command      : report_control_sets -verbose -file display_top_control_sets_placed.rpt
| Design       : display_top
| Device       : xc7a35t
----------------------------------------------------------------------------------------

Control Set Information

Table of Contents
-----------------
1. Summary
2. Histogram
3. Flip-Flop Distribution
4. Detailed Control Set Information

1. Summary
----------

+----------------------------------------------------------+-------+
|                          Status                          | Count |
+----------------------------------------------------------+-------+
| Number of unique control sets                            |    33 |
| Unused register locations in slices containing registers |   114 |
+----------------------------------------------------------+-------+


2. Histogram
------------

+--------+--------------+
| Fanout | Control Sets |
+--------+--------------+
|      2 |            2 |
|     12 |            1 |
|    16+ |           30 |
+--------+--------------+


3. Flip-Flop Distribution
-------------------------

+--------------+-----------------------+------------------------+-----------------+--------------+
| Clock Enable | Synchronous Set/Reset | Asynchronous Set/Reset | Total Registers | Total Slices |
+--------------+-----------------------+------------------------+-----------------+--------------+
| No           | No                    | No                     |             252 |           52 |
| No           | No                    | Yes                    |             688 |          111 |
| No           | Yes                   | No                     |               0 |            0 |
| Yes          | No                    | No                     |               0 |            0 |
| Yes          | No                    | Yes                    |             610 |          126 |
| Yes          | Yes                   | No                     |              24 |            6 |
+--------------+-----------------------+------------------------+-----------------+--------------+


4. Detailed Control Set Information
-----------------------------------

+-------------------------+-------------------------------------------+----------------------------------------+------------------+----------------+
|       Clock Signal      |               Enable Signal               |            Set/Reset Signal            | Slice Load Count | Bel Load Count |
+-------------------------+-------------------------------------------+----------------------------------------+------------------+----------------+
|  clk_IBUF_BUFG          | yoshi_unit/walk_t_next                    | game_FSM/walk_t_reg_reg[1][0]          |                1 |              2 |
|  clk_IBUF_BUFG          | yoshi_unit/x_time_next                    | game_FSM/walk_t_reg_reg[1][1]          |                1 |              2 |
|  clk_IBUF_BUFG          | yoshi_unit/start_next_y                   | game_FSM/walk_t_reg_reg[1][1]          |                2 |             12 |
|  clk_IBUF_BUFG          |                                           | game_FSM/walk_t_reg_reg[1][0]          |                2 |             16 |
|  clk_IBUF_BUFG          |                                           | game_FSM/walk_t_reg_reg[1][1]          |                6 |             16 |
|  clk_IBUF_BUFG          | yoshi_unit/start_next_y                   | game_FSM/start_reg_y_reg[13]           |                4 |             18 |
|  ghost_bottom_unit/tick |                                           | game_FSM/walk_t_reg_reg[1][0]          |                6 |             20 |
|  ghost_bottom_unit/tick | yoshi_unit/s_y_next_reg[9]_3[0]           | game_FSM/walk_t_reg_reg[1][0]          |                3 |             20 |
|  ghost_top_unit/tick    |                                           | game_FSM/walk_t_reg_reg[1][0]          |                3 |             20 |
|  ghost_top_unit/tick    | yoshi_unit/s_y_next_reg[9][0]             | game_FSM/walk_t_reg_reg[1][0]          |                3 |             20 |
|  clk_IBUF_BUFG          | yoshi_unit/s_x_next                       | game_FSM/walk_t_reg_reg[1][1]          |                3 |             20 |
|  clk_IBUF_BUFG          | yoshi_unit/s_y_next                       | game_FSM/walk_t_reg_reg[1][1]          |                3 |             20 |
|  clk_IBUF_BUFG          |                                           | hard_reset_IBUF                        |                7 |             22 |
|  yoshi_unit/E[0]        |                                           |                                        |                6 |             24 |
|  clk_IBUF_BUFG          | vsync_unit/pixel_tick                     | vsync_unit/SR[0]                       |                6 |             24 |
|  clk_IBUF_BUFG          | game_FSM/score_reg_reg[1][0]              | game_FSM/reset                         |                9 |             26 |
|  clk_IBUF_BUFG          | yoshi_unit/x_start_next                   | game_FSM/walk_t_reg_reg[1][0]          |               13 |             34 |
|  clk_IBUF_BUFG          | yoshi_unit/x_time_next                    | game_FSM/start_reg_y_reg[13]           |               11 |             38 |
|  clk_IBUF_BUFG          | yoshi_unit/jump_t_next                    | game_FSM/walk_t_reg_reg[1][0]          |               12 |             40 |
|  ghost_crazy_unit/tick  |                                           | game_FSM/walk_t_reg_reg[1][0]          |                9 |             40 |
|  clk_IBUF_BUFG          | vsync_unit/pixel_tick                     | hard_reset_IBUF                        |               10 |             42 |
|  clk_IBUF_BUFG          | eggs_unit/FSM_sequential_state_reg_reg__0 | game_FSM/walk_t_reg_reg[1][1]          |                7 |             42 |
|  yoshi_unit/sel_n_15    |                                           |                                        |                8 |             48 |
|  clk_IBUF_BUFG          | yoshi_unit/walk_t_next                    | game_FSM/walk_t_reg_reg[1][1]          |                5 |             48 |
|  clk_IBUF_BUFG          | vsync_unit/v_count_reg0                   | hard_reset_IBUF                        |               11 |             52 |
|  clk_IBUF_BUFG          | yoshi_unit/extra_up_next                  | game_FSM/walk_t_reg_reg[1][1]          |               10 |             52 |
|  clk_IBUF_BUFG          | game_FSM/timeout_next                     | hard_reset_IBUF                        |               12 |             56 |
|  clk_IBUF_BUFG          |                                           | game_FSM/AR[0]                         |               10 |             58 |
|  clk_IBUF_BUFG          | score_display_unit/bcd_unit/bcd_0_next    | game_FSM/reset                         |                6 |             66 |
|  clk_IBUF_BUFG          |                                           | game_FSM/platform_select_reg_reg[1][0] |               23 |            138 |
|  clk_IBUF_BUFG          |                                           | game_FSM/start_reg_y_reg[13]           |               23 |            156 |
|  clk_IBUF_BUFG          |                                           |                                        |               38 |            180 |
|  clk_IBUF_BUFG          |                                           | game_FSM/reset                         |               22 |            202 |
+-------------------------+-------------------------------------------+----------------------------------------+------------------+----------------+


