Copyright 1986-2018 Xilinx, Inc. All Rights Reserved.
----------------------------------------------------------------------------------------
| Tool Version : Vivado v.2018.2 (win64) Build 2258646 Thu Jun 14 20:03:12 MDT 2018
| Date         : Sat Apr  6 20:26:23 2024
| Host         : LAPTOP-O0D571VU running 64-bit major release  (build 9200)
| Command      : report_control_sets -verbose -file display_top_control_sets_placed.rpt
| Design       : display_top
| Device       : xc7a35t
----------------------------------------------------------------------------------------

Control Set Information

Table of Contents
-----------------
1. Summary
2. Histogram
3. Flip-Flop Distribution
4. Detailed Control Set Information

1. Summary
----------

+----------------------------------------------------------+-------+
|                          Status                          | Count |
+----------------------------------------------------------+-------+
| Number of unique control sets                            |    37 |
| Unused register locations in slices containing registers |   100 |
+----------------------------------------------------------+-------+


2. Histogram
------------

+--------+--------------+
| Fanout | Control Sets |
+--------+--------------+
|      2 |            1 |
|      8 |            1 |
|     14 |            1 |
|    16+ |           34 |
+--------+--------------+


3. Flip-Flop Distribution
-------------------------

+--------------+-----------------------+------------------------+-----------------+--------------+
| Clock Enable | Synchronous Set/Reset | Asynchronous Set/Reset | Total Registers | Total Slices |
+--------------+-----------------------+------------------------+-----------------+--------------+
| No           | No                    | No                     |             212 |           48 |
| No           | No                    | Yes                    |             646 |          100 |
| No           | Yes                   | No                     |             142 |           18 |
| Yes          | No                    | No                     |              36 |            8 |
| Yes          | No                    | Yes                    |             640 |          141 |
| Yes          | Yes                   | No                     |               8 |            3 |
+--------------+-----------------------+------------------------+-----------------+--------------+


4. Detailed Control Set Information
-----------------------------------

+-----------------------------------------+--------------------------------------------+----------------------------------------+------------------+----------------+
|               Clock Signal              |                Enable Signal               |            Set/Reset Signal            | Slice Load Count | Bel Load Count |
+-----------------------------------------+--------------------------------------------+----------------------------------------+------------------+----------------+
|  clk_IBUF_BUFG                          | mario_unit/walk_t_next                     | game_FSM/walk_t_reg_reg[1][0]          |                1 |              2 |
|  clk_IBUF_BUFG                          | vsync_unit/pixel_tick                      | vsync_unit/rgb_reg_reg[11]_2           |                3 |              8 |
|  play_mini_game/unit/seg_reg[6]_i_2_n_0 |                                            | play_mini_game/unit/AS[0]              |                2 |             14 |
|  clk_IBUF_BUFG                          | vsync_unit/pixel_tick                      |                                        |                5 |             16 |
|  clk_IBUF_BUFG                          |                                            | game_FSM/walk_t_reg_reg[1][0]          |                3 |             16 |
|  clk_IBUF_BUFG                          |                                            | game_FSM/walk_t_reg_reg[1][1]          |                6 |             16 |
|  clk_IBUF_BUFG                          | coins_unit/FSM_sequential_state_reg_reg__0 | game_FSM/x_time_reg_reg[19][0]         |                4 |             16 |
|  ghost_bottom_unit/tick                 |                                            | game_FSM/walk_t_reg_reg[1][0]          |                4 |             20 |
|  ghost_bottom_unit/tick                 | mario_unit/sprite_y_next_reg[9]_2[0]       | game_FSM/walk_t_reg_reg[1][0]          |                3 |             20 |
|  ghost_top_unit/tick                    |                                            | game_FSM/walk_t_reg_reg[1][0]          |                3 |             20 |
|  ghost_top_unit/tick                    | mario_unit/E[0]                            | game_FSM/walk_t_reg_reg[1][0]          |                3 |             20 |
|  clk_IBUF_BUFG                          | mario_unit/sprite_y_next                   | game_FSM/walk_t_reg_reg[1][1]          |                3 |             20 |
|  clk_IBUF_BUFG                          | mario_unit/sprite_x_next                   | game_FSM/walk_t_reg_reg[1][1]          |                3 |             20 |
|  clk_IBUF_BUFG                          | play_mini_game/lfsr_state[5]_i_1_n_0       |                                        |                3 |             20 |
|  clk_IBUF_BUFG                          |                                            | hard_reset_IBUF                        |                7 |             22 |
|  coins_unit/p_1_out_n_15                |                                            |                                        |                7 |             24 |
|  clk_IBUF_BUFG                          | coins_unit/FSM_sequential_state_reg_reg__0 | game_FSM/walk_t_reg_reg[1][1]          |                9 |             26 |
|  clk_IBUF_BUFG                          | game_FSM/score_reg_reg[1][0]               | game_FSM/reset                         |                8 |             26 |
|  clk_IBUF_BUFG                          | game_FSM/E[0]                              | game_FSM/reset                         |                3 |             28 |
|  clk_IBUF_BUFG                          | mario_unit/start_next_y                    | game_FSM/walk_t_reg_reg[1][1]          |                6 |             30 |
|  clk_IBUF_BUFG                          | mario_unit/x_start_next                    | game_FSM/walk_t_reg_reg[1][0]          |               12 |             34 |
|  clk_IBUF_BUFG                          | mario_unit/jump_t_next                     | game_FSM/walk_t_reg_reg[1][0]          |               10 |             40 |
|  clk_IBUF_BUFG                          | mario_unit/x_time_next                     | game_FSM/x_time_reg_reg[19][0]         |                9 |             40 |
|  ghost_crazy_unit/tick                  |                                            | game_FSM/walk_t_reg_reg[1][0]          |                8 |             40 |
|  clk_IBUF_BUFG                          | vsync_unit/pixel_tick                      | hard_reset_IBUF                        |                8 |             42 |
|  clk_IBUF_BUFG                          | mario_unit/walk_t_next                     | game_FSM/walk_t_reg_reg[1][1]          |                9 |             48 |
|  clk_IBUF_BUFG                          | mario_unit/extra_up_next                   | game_FSM/walk_t_reg_reg[1][1]          |               13 |             52 |
|  clk_IBUF_BUFG                          | vsync_unit/vertical_count_reg0             | hard_reset_IBUF                        |               12 |             52 |
|  clk_IBUF_BUFG                          | game_FSM/timeout_next                      | hard_reset_IBUF                        |               15 |             56 |
|  clk_IBUF_BUFG                          |                                            | game_FSM/AR[0]                         |                8 |             58 |
|  clk_IBUF_BUFG                          |                                            | play_mini_game/clk_10Hz_unit0/clear    |                8 |             64 |
|  clk_IBUF_BUFG                          |                                            | play_mini_game/lfsr_state[5]_i_1_n_0   |                8 |             64 |
|  clk_IBUF_BUFG                          | score_display_unit/bcd_unit/bcd_0_next     | game_FSM/reset                         |               10 |             68 |
|  clk_IBUF_BUFG                          |                                            | game_FSM/platform_select_reg_reg[1][0] |               24 |            138 |
|  clk_IBUF_BUFG                          |                                            | game_FSM/x_time_reg_reg[19][0]         |               23 |            156 |
|  clk_IBUF_BUFG                          |                                            | game_FSM/reset                         |               14 |            160 |
|  clk_IBUF_BUFG                          |                                            |                                        |               41 |            188 |
+-----------------------------------------+--------------------------------------------+----------------------------------------+------------------+----------------+


