Copyright 1986-2018 Xilinx, Inc. All Rights Reserved.
--------------------------------------------------------------------------------------------------------------------------------------------------------------------------------------------------------
| Tool Version : Vivado v.2018.2 (win64) Build 2258646 Thu Jun 14 20:03:12 MDT 2018
| Date         : Sun Mar 31 09:24:20 2024
| Host         : LAPTOP-O0D571VU running 64-bit major release  (build 9200)
| Command      : report_timing_summary -max_paths 10 -file Top_Student_timing_summary_routed.rpt -pb Top_Student_timing_summary_routed.pb -rpx Top_Student_timing_summary_routed.rpx -warn_on_violation
| Design       : Top_Student
| Device       : 7a35t-cpg236
| Speed File   : -1  PRODUCTION 1.22 2018-03-21
--------------------------------------------------------------------------------------------------------------------------------------------------------------------------------------------------------

Timing Summary Report

------------------------------------------------------------------------------------------------
| Timer Settings
| --------------
------------------------------------------------------------------------------------------------

  Enable Multi Corner Analysis               :  Yes
  Enable Pessimism Removal                   :  Yes
  Pessimism Removal Resolution               :  Nearest Common Node
  Enable Input Delay Default Clock           :  No
  Enable Preset / Clear Arcs                 :  No
  Disable Flight Delays                      :  No
  Ignore I/O Paths                           :  No
  Timing Early Launch at Borrowing Latches   :  false

  Corner  Analyze    Analyze    
  Name    Max Paths  Min Paths  
  ------  ---------  ---------  
  Slow    Yes        Yes        
  Fast    Yes        Yes        



check_timing report

Table of Contents
-----------------
1. checking no_clock
2. checking constant_clock
3. checking pulse_width_clock
4. checking unconstrained_internal_endpoints
5. checking no_input_delay
6. checking no_output_delay
7. checking multiple_clock
8. checking generated_clocks
9. checking loops
10. checking partial_input_delay
11. checking partial_output_delay
12. checking latch_loops

1. checking no_clock
--------------------
 There are 115 register/latch pins with no clock driven by root clock pin: clk1/slow_clk_reg/Q (HIGH)

 There are 16 register/latch pins with no clock driven by root clock pin: sel/DOADO[0] (HIGH)


2. checking constant_clock
--------------------------
 There are 0 register/latch pins with constant_clock.


3. checking pulse_width_clock
-----------------------------
 There are 0 register/latch pins which need pulse_width check


4. checking unconstrained_internal_endpoints
--------------------------------------------
 There are 243 pins that are not constrained for maximum delay. (HIGH)

 There are 0 pins that are not constrained for maximum delay due to constant clock.


5. checking no_input_delay
--------------------------
 There are 0 input ports with no input delay specified.

 There are 0 input ports with no input delay but user has a false path constraint.


6. checking no_output_delay
---------------------------
 There are 6 ports with no output delay specified. (HIGH)

 There are 0 ports with no output delay but user has a false path constraint

 There are 0 ports with no output delay but with a timing clock defined on it or propagating through it


7. checking multiple_clock
--------------------------
 There are 0 register/latch pins with multiple clocks.


8. checking generated_clocks
----------------------------
 There are 0 generated clocks that are not connected to a clock source.


9. checking loops
-----------------
 There are 0 combinational loops in the design.


10. checking partial_input_delay
--------------------------------
 There are 0 input ports with partial input delay specified.


11. checking partial_output_delay
---------------------------------
 There are 0 ports with partial output delay specified.


12. checking latch_loops
------------------------
 There are 0 combinational latch loops in the design through latch input



------------------------------------------------------------------------------------------------
| Design Timing Summary
| ---------------------
------------------------------------------------------------------------------------------------

    WNS(ns)      TNS(ns)  TNS Failing Endpoints  TNS Total Endpoints      WHS(ns)      THS(ns)  THS Failing Endpoints  THS Total Endpoints     WPWS(ns)     TPWS(ns)  TPWS Failing Endpoints  TPWS Total Endpoints  
    -------      -------  ---------------------  -------------------      -------      -------  ---------------------  -------------------     --------     --------  ----------------------  --------------------  
      5.518        0.000                      0                   65        0.101        0.000                      0                   65        4.500        0.000                       0                    45  


All user specified timing constraints are met.


------------------------------------------------------------------------------------------------
| Clock Summary
| -------------
------------------------------------------------------------------------------------------------

Clock        Waveform(ns)       Period(ns)      Frequency(MHz)
-----        ------------       ----------      --------------
sys_clk_pin  {0.000 5.000}      10.000          100.000         


------------------------------------------------------------------------------------------------
| Intra Clock Table
| -----------------
------------------------------------------------------------------------------------------------

Clock             WNS(ns)      TNS(ns)  TNS Failing Endpoints  TNS Total Endpoints      WHS(ns)      THS(ns)  THS Failing Endpoints  THS Total Endpoints     WPWS(ns)     TPWS(ns)  TPWS Failing Endpoints  TPWS Total Endpoints  
-----             -------      -------  ---------------------  -------------------      -------      -------  ---------------------  -------------------     --------     --------  ----------------------  --------------------  
sys_clk_pin         5.518        0.000                      0                   65        0.101        0.000                      0                   65        4.500        0.000                       0                    45  


------------------------------------------------------------------------------------------------
| Inter Clock Table
| -----------------
------------------------------------------------------------------------------------------------

From Clock    To Clock          WNS(ns)      TNS(ns)  TNS Failing Endpoints  TNS Total Endpoints      WHS(ns)      THS(ns)  THS Failing Endpoints  THS Total Endpoints  
----------    --------          -------      -------  ---------------------  -------------------      -------      -------  ---------------------  -------------------  


------------------------------------------------------------------------------------------------
| Other Path Groups Table
| -----------------------
------------------------------------------------------------------------------------------------

Path Group    From Clock    To Clock          WNS(ns)      TNS(ns)  TNS Failing Endpoints  TNS Total Endpoints      WHS(ns)      THS(ns)  THS Failing Endpoints  THS Total Endpoints  
----------    ----------    --------          -------      -------  ---------------------  -------------------      -------      -------  ---------------------  -------------------  


------------------------------------------------------------------------------------------------
| Timing Details
| --------------
------------------------------------------------------------------------------------------------


---------------------------------------------------------------------------------------------------
From Clock:  sys_clk_pin
  To Clock:  sys_clk_pin

Setup :            0  Failing Endpoints,  Worst Slack        5.518ns,  Total Violation        0.000ns
Hold  :            0  Failing Endpoints,  Worst Slack        0.101ns,  Total Violation        0.000ns
PW    :            0  Failing Endpoints,  Worst Slack        4.500ns,  Total Violation        0.000ns
---------------------------------------------------------------------------------------------------


Max Delay Paths
--------------------------------------------------------------------------------------
Slack (MET) :             5.518ns  (required time - arrival time)
  Source:                 clk1/count_reg[13]/C
                            (rising edge-triggered cell FDRE clocked by sys_clk_pin  {rise@0.000ns fall@5.000ns period=10.000ns})
  Destination:            clk1/count_reg[24]/R
                            (rising edge-triggered cell FDRE clocked by sys_clk_pin  {rise@0.000ns fall@5.000ns period=10.000ns})
  Path Group:             sys_clk_pin
  Path Type:              Setup (Max at Slow Process Corner)
  Requirement:            10.000ns  (sys_clk_pin rise@10.000ns - sys_clk_pin rise@0.000ns)
  Data Path Delay:        3.886ns  (logic 0.828ns (21.305%)  route 3.058ns (78.695%))
  Logic Levels:           3  (LUT3=1 LUT5=1 LUT6=1)
  Clock Path Skew:        -0.131ns (DCD - SCD + CPR)
    Destination Clock Delay (DCD):    4.777ns = ( 14.777 - 10.000 ) 
    Source Clock Delay      (SCD):    5.087ns
    Clock Pessimism Removal (CPR):    0.180ns
  Clock Uncertainty:      0.035ns  ((TSJ^2 + TIJ^2)^1/2 + DJ) / 2 + PE
    Total System Jitter     (TSJ):    0.071ns
    Total Input Jitter      (TIJ):    0.000ns
    Discrete Jitter          (DJ):    0.000ns
    Phase Error              (PE):    0.000ns

    Location             Delay type                Incr(ns)  Path(ns)    Netlist Resource(s)
  -------------------------------------------------------------------    -------------------
                         (clock sys_clk_pin rise edge)
                                                      0.000     0.000 r  
    W5                                                0.000     0.000 r  clk (IN)
                         net (fo=0)                   0.000     0.000    clk
    W5                   IBUF (Prop_ibuf_I_O)         1.458     1.458 r  clk_IBUF_inst/O
                         net (fo=1, routed)           1.967     3.425    clk_IBUF
    BUFGCTRL_X0Y1        BUFG (Prop_bufg_I_O)         0.096     3.521 r  clk_IBUF_BUFG_inst/O
                         net (fo=44, routed)          1.566     5.087    clk1/clk_IBUF_BUFG
    SLICE_X33Y47         FDRE                                         r  clk1/count_reg[13]/C
  -------------------------------------------------------------------    -------------------
    SLICE_X33Y47         FDRE (Prop_fdre_C_Q)         0.456     5.543 f  clk1/count_reg[13]/Q
                         net (fo=2, routed)           0.875     6.418    clk1/count_reg[13]
    SLICE_X32Y46         LUT6 (Prop_lut6_I4_O)        0.124     6.542 r  clk1/count[0]_i_7/O
                         net (fo=1, routed)           0.640     7.182    clk1/count[0]_i_7_n_0
    SLICE_X32Y48         LUT3 (Prop_lut3_I0_O)        0.124     7.306 r  clk1/count[0]_i_4/O
                         net (fo=2, routed)           0.456     7.761    clk1/count[0]_i_4_n_0
    SLICE_X32Y45         LUT5 (Prop_lut5_I3_O)        0.124     7.885 r  clk1/count[0]_i_1/O
                         net (fo=32, routed)          1.088     8.974    clk1/clear
    SLICE_X33Y50         FDRE                                         r  clk1/count_reg[24]/R
  -------------------------------------------------------------------    -------------------

                         (clock sys_clk_pin rise edge)
                                                     10.000    10.000 r  
    W5                                                0.000    10.000 r  clk (IN)
                         net (fo=0)                   0.000    10.000    clk
    W5                   IBUF (Prop_ibuf_I_O)         1.388    11.388 r  clk_IBUF_inst/O
                         net (fo=1, routed)           1.862    13.250    clk_IBUF
    BUFGCTRL_X0Y1        BUFG (Prop_bufg_I_O)         0.091    13.341 r  clk_IBUF_BUFG_inst/O
                         net (fo=44, routed)          1.436    14.777    clk1/clk_IBUF_BUFG
    SLICE_X33Y50         FDRE                                         r  clk1/count_reg[24]/C
                         clock pessimism              0.180    14.957    
                         clock uncertainty           -0.035    14.921    
    SLICE_X33Y50         FDRE (Setup_fdre_C_R)       -0.429    14.492    clk1/count_reg[24]
  -------------------------------------------------------------------
                         required time                         14.492    
                         arrival time                          -8.974    
  -------------------------------------------------------------------
                         slack                                  5.518    

Slack (MET) :             5.518ns  (required time - arrival time)
  Source:                 clk1/count_reg[13]/C
                            (rising edge-triggered cell FDRE clocked by sys_clk_pin  {rise@0.000ns fall@5.000ns period=10.000ns})
  Destination:            clk1/count_reg[25]/R
                            (rising edge-triggered cell FDRE clocked by sys_clk_pin  {rise@0.000ns fall@5.000ns period=10.000ns})
  Path Group:             sys_clk_pin
  Path Type:              Setup (Max at Slow Process Corner)
  Requirement:            10.000ns  (sys_clk_pin rise@10.000ns - sys_clk_pin rise@0.000ns)
  Data Path Delay:        3.886ns  (logic 0.828ns (21.305%)  route 3.058ns (78.695%))
  Logic Levels:           3  (LUT3=1 LUT5=1 LUT6=1)
  Clock Path Skew:        -0.131ns (DCD - SCD + CPR)
    Destination Clock Delay (DCD):    4.777ns = ( 14.777 - 10.000 ) 
    Source Clock Delay      (SCD):    5.087ns
    Clock Pessimism Removal (CPR):    0.180ns
  Clock Uncertainty:      0.035ns  ((TSJ^2 + TIJ^2)^1/2 + DJ) / 2 + PE
    Total System Jitter     (TSJ):    0.071ns
    Total Input Jitter      (TIJ):    0.000ns
    Discrete Jitter          (DJ):    0.000ns
    Phase Error              (PE):    0.000ns

    Location             Delay type                Incr(ns)  Path(ns)    Netlist Resource(s)
  -------------------------------------------------------------------    -------------------
                         (clock sys_clk_pin rise edge)
                                                      0.000     0.000 r  
    W5                                                0.000     0.000 r  clk (IN)
                         net (fo=0)                   0.000     0.000    clk
    W5                   IBUF (Prop_ibuf_I_O)         1.458     1.458 r  clk_IBUF_inst/O
                         net (fo=1, routed)           1.967     3.425    clk_IBUF
    BUFGCTRL_X0Y1        BUFG (Prop_bufg_I_O)         0.096     3.521 r  clk_IBUF_BUFG_inst/O
                         net (fo=44, routed)          1.566     5.087    clk1/clk_IBUF_BUFG
    SLICE_X33Y47         FDRE                                         r  clk1/count_reg[13]/C
  -------------------------------------------------------------------    -------------------
    SLICE_X33Y47         FDRE (Prop_fdre_C_Q)         0.456     5.543 f  clk1/count_reg[13]/Q
                         net (fo=2, routed)           0.875     6.418    clk1/count_reg[13]
    SLICE_X32Y46         LUT6 (Prop_lut6_I4_O)        0.124     6.542 r  clk1/count[0]_i_7/O
                         net (fo=1, routed)           0.640     7.182    clk1/count[0]_i_7_n_0
    SLICE_X32Y48         LUT3 (Prop_lut3_I0_O)        0.124     7.306 r  clk1/count[0]_i_4/O
                         net (fo=2, routed)           0.456     7.761    clk1/count[0]_i_4_n_0
    SLICE_X32Y45         LUT5 (Prop_lut5_I3_O)        0.124     7.885 r  clk1/count[0]_i_1/O
                         net (fo=32, routed)          1.088     8.974    clk1/clear
    SLICE_X33Y50         FDRE                                         r  clk1/count_reg[25]/R
  -------------------------------------------------------------------    -------------------

                         (clock sys_clk_pin rise edge)
                                                     10.000    10.000 r  
    W5                                                0.000    10.000 r  clk (IN)
                         net (fo=0)                   0.000    10.000    clk
    W5                   IBUF (Prop_ibuf_I_O)         1.388    11.388 r  clk_IBUF_inst/O
                         net (fo=1, routed)           1.862    13.250    clk_IBUF
    BUFGCTRL_X0Y1        BUFG (Prop_bufg_I_O)         0.091    13.341 r  clk_IBUF_BUFG_inst/O
                         net (fo=44, routed)          1.436    14.777    clk1/clk_IBUF_BUFG
    SLICE_X33Y50         FDRE                                         r  clk1/count_reg[25]/C
                         clock pessimism              0.180    14.957    
                         clock uncertainty           -0.035    14.921    
    SLICE_X33Y50         FDRE (Setup_fdre_C_R)       -0.429    14.492    clk1/count_reg[25]
  -------------------------------------------------------------------
                         required time                         14.492    
                         arrival time                          -8.974    
  -------------------------------------------------------------------
                         slack                                  5.518    

Slack (MET) :             5.518ns  (required time - arrival time)
  Source:                 clk1/count_reg[13]/C
                            (rising edge-triggered cell FDRE clocked by sys_clk_pin  {rise@0.000ns fall@5.000ns period=10.000ns})
  Destination:            clk1/count_reg[26]/R
                            (rising edge-triggered cell FDRE clocked by sys_clk_pin  {rise@0.000ns fall@5.000ns period=10.000ns})
  Path Group:             sys_clk_pin
  Path Type:              Setup (Max at Slow Process Corner)
  Requirement:            10.000ns  (sys_clk_pin rise@10.000ns - sys_clk_pin rise@0.000ns)
  Data Path Delay:        3.886ns  (logic 0.828ns (21.305%)  route 3.058ns (78.695%))
  Logic Levels:           3  (LUT3=1 LUT5=1 LUT6=1)
  Clock Path Skew:        -0.131ns (DCD - SCD + CPR)
    Destination Clock Delay (DCD):    4.777ns = ( 14.777 - 10.000 ) 
    Source Clock Delay      (SCD):    5.087ns
    Clock Pessimism Removal (CPR):    0.180ns
  Clock Uncertainty:      0.035ns  ((TSJ^2 + TIJ^2)^1/2 + DJ) / 2 + PE
    Total System Jitter     (TSJ):    0.071ns
    Total Input Jitter      (TIJ):    0.000ns
    Discrete Jitter          (DJ):    0.000ns
    Phase Error              (PE):    0.000ns

    Location             Delay type                Incr(ns)  Path(ns)    Netlist Resource(s)
  -------------------------------------------------------------------    -------------------
                         (clock sys_clk_pin rise edge)
                                                      0.000     0.000 r  
    W5                                                0.000     0.000 r  clk (IN)
                         net (fo=0)                   0.000     0.000    clk
    W5                   IBUF (Prop_ibuf_I_O)         1.458     1.458 r  clk_IBUF_inst/O
                         net (fo=1, routed)           1.967     3.425    clk_IBUF
    BUFGCTRL_X0Y1        BUFG (Prop_bufg_I_O)         0.096     3.521 r  clk_IBUF_BUFG_inst/O
                         net (fo=44, routed)          1.566     5.087    clk1/clk_IBUF_BUFG
    SLICE_X33Y47         FDRE                                         r  clk1/count_reg[13]/C
  -------------------------------------------------------------------    -------------------
    SLICE_X33Y47         FDRE (Prop_fdre_C_Q)         0.456     5.543 f  clk1/count_reg[13]/Q
                         net (fo=2, routed)           0.875     6.418    clk1/count_reg[13]
    SLICE_X32Y46         LUT6 (Prop_lut6_I4_O)        0.124     6.542 r  clk1/count[0]_i_7/O
                         net (fo=1, routed)           0.640     7.182    clk1/count[0]_i_7_n_0
    SLICE_X32Y48         LUT3 (Prop_lut3_I0_O)        0.124     7.306 r  clk1/count[0]_i_4/O
                         net (fo=2, routed)           0.456     7.761    clk1/count[0]_i_4_n_0
    SLICE_X32Y45         LUT5 (Prop_lut5_I3_O)        0.124     7.885 r  clk1/count[0]_i_1/O
                         net (fo=32, routed)          1.088     8.974    clk1/clear
    SLICE_X33Y50         FDRE                                         r  clk1/count_reg[26]/R
  -------------------------------------------------------------------    -------------------

                         (clock sys_clk_pin rise edge)
                                                     10.000    10.000 r  
    W5                                                0.000    10.000 r  clk (IN)
                         net (fo=0)                   0.000    10.000    clk
    W5                   IBUF (Prop_ibuf_I_O)         1.388    11.388 r  clk_IBUF_inst/O
                         net (fo=1, routed)           1.862    13.250    clk_IBUF
    BUFGCTRL_X0Y1        BUFG (Prop_bufg_I_O)         0.091    13.341 r  clk_IBUF_BUFG_inst/O
                         net (fo=44, routed)          1.436    14.777    clk1/clk_IBUF_BUFG
    SLICE_X33Y50         FDRE                                         r  clk1/count_reg[26]/C
                         clock pessimism              0.180    14.957    
                         clock uncertainty           -0.035    14.921    
    SLICE_X33Y50         FDRE (Setup_fdre_C_R)       -0.429    14.492    clk1/count_reg[26]
  -------------------------------------------------------------------
                         required time                         14.492    
                         arrival time                          -8.974    
  -------------------------------------------------------------------
                         slack                                  5.518    

Slack (MET) :             5.518ns  (required time - arrival time)
  Source:                 clk1/count_reg[13]/C
                            (rising edge-triggered cell FDRE clocked by sys_clk_pin  {rise@0.000ns fall@5.000ns period=10.000ns})
  Destination:            clk1/count_reg[27]/R
                            (rising edge-triggered cell FDRE clocked by sys_clk_pin  {rise@0.000ns fall@5.000ns period=10.000ns})
  Path Group:             sys_clk_pin
  Path Type:              Setup (Max at Slow Process Corner)
  Requirement:            10.000ns  (sys_clk_pin rise@10.000ns - sys_clk_pin rise@0.000ns)
  Data Path Delay:        3.886ns  (logic 0.828ns (21.305%)  route 3.058ns (78.695%))
  Logic Levels:           3  (LUT3=1 LUT5=1 LUT6=1)
  Clock Path Skew:        -0.131ns (DCD - SCD + CPR)
    Destination Clock Delay (DCD):    4.777ns = ( 14.777 - 10.000 ) 
    Source Clock Delay      (SCD):    5.087ns
    Clock Pessimism Removal (CPR):    0.180ns
  Clock Uncertainty:      0.035ns  ((TSJ^2 + TIJ^2)^1/2 + DJ) / 2 + PE
    Total System Jitter     (TSJ):    0.071ns
    Total Input Jitter      (TIJ):    0.000ns
    Discrete Jitter          (DJ):    0.000ns
    Phase Error              (PE):    0.000ns

    Location             Delay type                Incr(ns)  Path(ns)    Netlist Resource(s)
  -------------------------------------------------------------------    -------------------
                         (clock sys_clk_pin rise edge)
                                                      0.000     0.000 r  
    W5                                                0.000     0.000 r  clk (IN)
                         net (fo=0)                   0.000     0.000    clk
    W5                   IBUF (Prop_ibuf_I_O)         1.458     1.458 r  clk_IBUF_inst/O
                         net (fo=1, routed)           1.967     3.425    clk_IBUF
    BUFGCTRL_X0Y1        BUFG (Prop_bufg_I_O)         0.096     3.521 r  clk_IBUF_BUFG_inst/O
                         net (fo=44, routed)          1.566     5.087    clk1/clk_IBUF_BUFG
    SLICE_X33Y47         FDRE                                         r  clk1/count_reg[13]/C
  -------------------------------------------------------------------    -------------------
    SLICE_X33Y47         FDRE (Prop_fdre_C_Q)         0.456     5.543 f  clk1/count_reg[13]/Q
                         net (fo=2, routed)           0.875     6.418    clk1/count_reg[13]
    SLICE_X32Y46         LUT6 (Prop_lut6_I4_O)        0.124     6.542 r  clk1/count[0]_i_7/O
                         net (fo=1, routed)           0.640     7.182    clk1/count[0]_i_7_n_0
    SLICE_X32Y48         LUT3 (Prop_lut3_I0_O)        0.124     7.306 r  clk1/count[0]_i_4/O
                         net (fo=2, routed)           0.456     7.761    clk1/count[0]_i_4_n_0
    SLICE_X32Y45         LUT5 (Prop_lut5_I3_O)        0.124     7.885 r  clk1/count[0]_i_1/O
                         net (fo=32, routed)          1.088     8.974    clk1/clear
    SLICE_X33Y50         FDRE                                         r  clk1/count_reg[27]/R
  -------------------------------------------------------------------    -------------------

                         (clock sys_clk_pin rise edge)
                                                     10.000    10.000 r  
    W5                                                0.000    10.000 r  clk (IN)
                         net (fo=0)                   0.000    10.000    clk
    W5                   IBUF (Prop_ibuf_I_O)         1.388    11.388 r  clk_IBUF_inst/O
                         net (fo=1, routed)           1.862    13.250    clk_IBUF
    BUFGCTRL_X0Y1        BUFG (Prop_bufg_I_O)         0.091    13.341 r  clk_IBUF_BUFG_inst/O
                         net (fo=44, routed)          1.436    14.777    clk1/clk_IBUF_BUFG
    SLICE_X33Y50         FDRE                                         r  clk1/count_reg[27]/C
                         clock pessimism              0.180    14.957    
                         clock uncertainty           -0.035    14.921    
    SLICE_X33Y50         FDRE (Setup_fdre_C_R)       -0.429    14.492    clk1/count_reg[27]
  -------------------------------------------------------------------
                         required time                         14.492    
                         arrival time                          -8.974    
  -------------------------------------------------------------------
                         slack                                  5.518    

Slack (MET) :             5.676ns  (required time - arrival time)
  Source:                 clk1/count_reg[13]/C
                            (rising edge-triggered cell FDRE clocked by sys_clk_pin  {rise@0.000ns fall@5.000ns period=10.000ns})
  Destination:            clk1/count_reg[28]/R
                            (rising edge-triggered cell FDRE clocked by sys_clk_pin  {rise@0.000ns fall@5.000ns period=10.000ns})
  Path Group:             sys_clk_pin
  Path Type:              Setup (Max at Slow Process Corner)
  Requirement:            10.000ns  (sys_clk_pin rise@10.000ns - sys_clk_pin rise@0.000ns)
  Data Path Delay:        3.729ns  (logic 0.828ns (22.203%)  route 2.901ns (77.797%))
  Logic Levels:           3  (LUT3=1 LUT5=1 LUT6=1)
  Clock Path Skew:        -0.131ns (DCD - SCD + CPR)
    Destination Clock Delay (DCD):    4.777ns = ( 14.777 - 10.000 ) 
    Source Clock Delay      (SCD):    5.087ns
    Clock Pessimism Removal (CPR):    0.180ns
  Clock Uncertainty:      0.035ns  ((TSJ^2 + TIJ^2)^1/2 + DJ) / 2 + PE
    Total System Jitter     (TSJ):    0.071ns
    Total Input Jitter      (TIJ):    0.000ns
    Discrete Jitter          (DJ):    0.000ns
    Phase Error              (PE):    0.000ns

    Location             Delay type                Incr(ns)  Path(ns)    Netlist Resource(s)
  -------------------------------------------------------------------    -------------------
                         (clock sys_clk_pin rise edge)
                                                      0.000     0.000 r  
    W5                                                0.000     0.000 r  clk (IN)
                         net (fo=0)                   0.000     0.000    clk
    W5                   IBUF (Prop_ibuf_I_O)         1.458     1.458 r  clk_IBUF_inst/O
                         net (fo=1, routed)           1.967     3.425    clk_IBUF
    BUFGCTRL_X0Y1        BUFG (Prop_bufg_I_O)         0.096     3.521 r  clk_IBUF_BUFG_inst/O
                         net (fo=44, routed)          1.566     5.087    clk1/clk_IBUF_BUFG
    SLICE_X33Y47         FDRE                                         r  clk1/count_reg[13]/C
  -------------------------------------------------------------------    -------------------
    SLICE_X33Y47         FDRE (Prop_fdre_C_Q)         0.456     5.543 f  clk1/count_reg[13]/Q
                         net (fo=2, routed)           0.875     6.418    clk1/count_reg[13]
    SLICE_X32Y46         LUT6 (Prop_lut6_I4_O)        0.124     6.542 r  clk1/count[0]_i_7/O
                         net (fo=1, routed)           0.640     7.182    clk1/count[0]_i_7_n_0
    SLICE_X32Y48         LUT3 (Prop_lut3_I0_O)        0.124     7.306 r  clk1/count[0]_i_4/O
                         net (fo=2, routed)           0.456     7.761    clk1/count[0]_i_4_n_0
    SLICE_X32Y45         LUT5 (Prop_lut5_I3_O)        0.124     7.885 r  clk1/count[0]_i_1/O
                         net (fo=32, routed)          0.931     8.816    clk1/clear
    SLICE_X33Y51         FDRE                                         r  clk1/count_reg[28]/R
  -------------------------------------------------------------------    -------------------

                         (clock sys_clk_pin rise edge)
                                                     10.000    10.000 r  
    W5                                                0.000    10.000 r  clk (IN)
                         net (fo=0)                   0.000    10.000    clk
    W5                   IBUF (Prop_ibuf_I_O)         1.388    11.388 r  clk_IBUF_inst/O
                         net (fo=1, routed)           1.862    13.250    clk_IBUF
    BUFGCTRL_X0Y1        BUFG (Prop_bufg_I_O)         0.091    13.341 r  clk_IBUF_BUFG_inst/O
                         net (fo=44, routed)          1.436    14.777    clk1/clk_IBUF_BUFG
    SLICE_X33Y51         FDRE                                         r  clk1/count_reg[28]/C
                         clock pessimism              0.180    14.957    
                         clock uncertainty           -0.035    14.921    
    SLICE_X33Y51         FDRE (Setup_fdre_C_R)       -0.429    14.492    clk1/count_reg[28]
  -------------------------------------------------------------------
                         required time                         14.492    
                         arrival time                          -8.816    
  -------------------------------------------------------------------
                         slack                                  5.676    

Slack (MET) :             5.676ns  (required time - arrival time)
  Source:                 clk1/count_reg[13]/C
                            (rising edge-triggered cell FDRE clocked by sys_clk_pin  {rise@0.000ns fall@5.000ns period=10.000ns})
  Destination:            clk1/count_reg[29]/R
                            (rising edge-triggered cell FDRE clocked by sys_clk_pin  {rise@0.000ns fall@5.000ns period=10.000ns})
  Path Group:             sys_clk_pin
  Path Type:              Setup (Max at Slow Process Corner)
  Requirement:            10.000ns  (sys_clk_pin rise@10.000ns - sys_clk_pin rise@0.000ns)
  Data Path Delay:        3.729ns  (logic 0.828ns (22.203%)  route 2.901ns (77.797%))
  Logic Levels:           3  (LUT3=1 LUT5=1 LUT6=1)
  Clock Path Skew:        -0.131ns (DCD - SCD + CPR)
    Destination Clock Delay (DCD):    4.777ns = ( 14.777 - 10.000 ) 
    Source Clock Delay      (SCD):    5.087ns
    Clock Pessimism Removal (CPR):    0.180ns
  Clock Uncertainty:      0.035ns  ((TSJ^2 + TIJ^2)^1/2 + DJ) / 2 + PE
    Total System Jitter     (TSJ):    0.071ns
    Total Input Jitter      (TIJ):    0.000ns
    Discrete Jitter          (DJ):    0.000ns
    Phase Error              (PE):    0.000ns

    Location             Delay type                Incr(ns)  Path(ns)    Netlist Resource(s)
  -------------------------------------------------------------------    -------------------
                         (clock sys_clk_pin rise edge)
                                                      0.000     0.000 r  
    W5                                                0.000     0.000 r  clk (IN)
                         net (fo=0)                   0.000     0.000    clk
    W5                   IBUF (Prop_ibuf_I_O)         1.458     1.458 r  clk_IBUF_inst/O
                         net (fo=1, routed)           1.967     3.425    clk_IBUF
    BUFGCTRL_X0Y1        BUFG (Prop_bufg_I_O)         0.096     3.521 r  clk_IBUF_BUFG_inst/O
                         net (fo=44, routed)          1.566     5.087    clk1/clk_IBUF_BUFG
    SLICE_X33Y47         FDRE                                         r  clk1/count_reg[13]/C
  -------------------------------------------------------------------    -------------------
    SLICE_X33Y47         FDRE (Prop_fdre_C_Q)         0.456     5.543 f  clk1/count_reg[13]/Q
                         net (fo=2, routed)           0.875     6.418    clk1/count_reg[13]
    SLICE_X32Y46         LUT6 (Prop_lut6_I4_O)        0.124     6.542 r  clk1/count[0]_i_7/O
                         net (fo=1, routed)           0.640     7.182    clk1/count[0]_i_7_n_0
    SLICE_X32Y48         LUT3 (Prop_lut3_I0_O)        0.124     7.306 r  clk1/count[0]_i_4/O
                         net (fo=2, routed)           0.456     7.761    clk1/count[0]_i_4_n_0
    SLICE_X32Y45         LUT5 (Prop_lut5_I3_O)        0.124     7.885 r  clk1/count[0]_i_1/O
                         net (fo=32, routed)          0.931     8.816    clk1/clear
    SLICE_X33Y51         FDRE                                         r  clk1/count_reg[29]/R
  -------------------------------------------------------------------    -------------------

                         (clock sys_clk_pin rise edge)
                                                     10.000    10.000 r  
    W5                                                0.000    10.000 r  clk (IN)
                         net (fo=0)                   0.000    10.000    clk
    W5                   IBUF (Prop_ibuf_I_O)         1.388    11.388 r  clk_IBUF_inst/O
                         net (fo=1, routed)           1.862    13.250    clk_IBUF
    BUFGCTRL_X0Y1        BUFG (Prop_bufg_I_O)         0.091    13.341 r  clk_IBUF_BUFG_inst/O
                         net (fo=44, routed)          1.436    14.777    clk1/clk_IBUF_BUFG
    SLICE_X33Y51         FDRE                                         r  clk1/count_reg[29]/C
                         clock pessimism              0.180    14.957    
                         clock uncertainty           -0.035    14.921    
    SLICE_X33Y51         FDRE (Setup_fdre_C_R)       -0.429    14.492    clk1/count_reg[29]
  -------------------------------------------------------------------
                         required time                         14.492    
                         arrival time                          -8.816    
  -------------------------------------------------------------------
                         slack                                  5.676    

Slack (MET) :             5.676ns  (required time - arrival time)
  Source:                 clk1/count_reg[13]/C
                            (rising edge-triggered cell FDRE clocked by sys_clk_pin  {rise@0.000ns fall@5.000ns period=10.000ns})
  Destination:            clk1/count_reg[30]/R
                            (rising edge-triggered cell FDRE clocked by sys_clk_pin  {rise@0.000ns fall@5.000ns period=10.000ns})
  Path Group:             sys_clk_pin
  Path Type:              Setup (Max at Slow Process Corner)
  Requirement:            10.000ns  (sys_clk_pin rise@10.000ns - sys_clk_pin rise@0.000ns)
  Data Path Delay:        3.729ns  (logic 0.828ns (22.203%)  route 2.901ns (77.797%))
  Logic Levels:           3  (LUT3=1 LUT5=1 LUT6=1)
  Clock Path Skew:        -0.131ns (DCD - SCD + CPR)
    Destination Clock Delay (DCD):    4.777ns = ( 14.777 - 10.000 ) 
    Source Clock Delay      (SCD):    5.087ns
    Clock Pessimism Removal (CPR):    0.180ns
  Clock Uncertainty:      0.035ns  ((TSJ^2 + TIJ^2)^1/2 + DJ) / 2 + PE
    Total System Jitter     (TSJ):    0.071ns
    Total Input Jitter      (TIJ):    0.000ns
    Discrete Jitter          (DJ):    0.000ns
    Phase Error              (PE):    0.000ns

    Location             Delay type                Incr(ns)  Path(ns)    Netlist Resource(s)
  -------------------------------------------------------------------    -------------------
                         (clock sys_clk_pin rise edge)
                                                      0.000     0.000 r  
    W5                                                0.000     0.000 r  clk (IN)
                         net (fo=0)                   0.000     0.000    clk
    W5                   IBUF (Prop_ibuf_I_O)         1.458     1.458 r  clk_IBUF_inst/O
                         net (fo=1, routed)           1.967     3.425    clk_IBUF
    BUFGCTRL_X0Y1        BUFG (Prop_bufg_I_O)         0.096     3.521 r  clk_IBUF_BUFG_inst/O
                         net (fo=44, routed)          1.566     5.087    clk1/clk_IBUF_BUFG
    SLICE_X33Y47         FDRE                                         r  clk1/count_reg[13]/C
  -------------------------------------------------------------------    -------------------
    SLICE_X33Y47         FDRE (Prop_fdre_C_Q)         0.456     5.543 f  clk1/count_reg[13]/Q
                         net (fo=2, routed)           0.875     6.418    clk1/count_reg[13]
    SLICE_X32Y46         LUT6 (Prop_lut6_I4_O)        0.124     6.542 r  clk1/count[0]_i_7/O
                         net (fo=1, routed)           0.640     7.182    clk1/count[0]_i_7_n_0
    SLICE_X32Y48         LUT3 (Prop_lut3_I0_O)        0.124     7.306 r  clk1/count[0]_i_4/O
                         net (fo=2, routed)           0.456     7.761    clk1/count[0]_i_4_n_0
    SLICE_X32Y45         LUT5 (Prop_lut5_I3_O)        0.124     7.885 r  clk1/count[0]_i_1/O
                         net (fo=32, routed)          0.931     8.816    clk1/clear
    SLICE_X33Y51         FDRE                                         r  clk1/count_reg[30]/R
  -------------------------------------------------------------------    -------------------

                         (clock sys_clk_pin rise edge)
                                                     10.000    10.000 r  
    W5                                                0.000    10.000 r  clk (IN)
                         net (fo=0)                   0.000    10.000    clk
    W5                   IBUF (Prop_ibuf_I_O)         1.388    11.388 r  clk_IBUF_inst/O
                         net (fo=1, routed)           1.862    13.250    clk_IBUF
    BUFGCTRL_X0Y1        BUFG (Prop_bufg_I_O)         0.091    13.341 r  clk_IBUF_BUFG_inst/O
                         net (fo=44, routed)          1.436    14.777    clk1/clk_IBUF_BUFG
    SLICE_X33Y51         FDRE                                         r  clk1/count_reg[30]/C
                         clock pessimism              0.180    14.957    
                         clock uncertainty           -0.035    14.921    
    SLICE_X33Y51         FDRE (Setup_fdre_C_R)       -0.429    14.492    clk1/count_reg[30]
  -------------------------------------------------------------------
                         required time                         14.492    
                         arrival time                          -8.816    
  -------------------------------------------------------------------
                         slack                                  5.676    

Slack (MET) :             5.676ns  (required time - arrival time)
  Source:                 clk1/count_reg[13]/C
                            (rising edge-triggered cell FDRE clocked by sys_clk_pin  {rise@0.000ns fall@5.000ns period=10.000ns})
  Destination:            clk1/count_reg[31]/R
                            (rising edge-triggered cell FDRE clocked by sys_clk_pin  {rise@0.000ns fall@5.000ns period=10.000ns})
  Path Group:             sys_clk_pin
  Path Type:              Setup (Max at Slow Process Corner)
  Requirement:            10.000ns  (sys_clk_pin rise@10.000ns - sys_clk_pin rise@0.000ns)
  Data Path Delay:        3.729ns  (logic 0.828ns (22.203%)  route 2.901ns (77.797%))
  Logic Levels:           3  (LUT3=1 LUT5=1 LUT6=1)
  Clock Path Skew:        -0.131ns (DCD - SCD + CPR)
    Destination Clock Delay (DCD):    4.777ns = ( 14.777 - 10.000 ) 
    Source Clock Delay      (SCD):    5.087ns
    Clock Pessimism Removal (CPR):    0.180ns
  Clock Uncertainty:      0.035ns  ((TSJ^2 + TIJ^2)^1/2 + DJ) / 2 + PE
    Total System Jitter     (TSJ):    0.071ns
    Total Input Jitter      (TIJ):    0.000ns
    Discrete Jitter          (DJ):    0.000ns
    Phase Error              (PE):    0.000ns

    Location             Delay type                Incr(ns)  Path(ns)    Netlist Resource(s)
  -------------------------------------------------------------------    -------------------
                         (clock sys_clk_pin rise edge)
                                                      0.000     0.000 r  
    W5                                                0.000     0.000 r  clk (IN)
                         net (fo=0)                   0.000     0.000    clk
    W5                   IBUF (Prop_ibuf_I_O)         1.458     1.458 r  clk_IBUF_inst/O
                         net (fo=1, routed)           1.967     3.425    clk_IBUF
    BUFGCTRL_X0Y1        BUFG (Prop_bufg_I_O)         0.096     3.521 r  clk_IBUF_BUFG_inst/O
                         net (fo=44, routed)          1.566     5.087    clk1/clk_IBUF_BUFG
    SLICE_X33Y47         FDRE                                         r  clk1/count_reg[13]/C
  -------------------------------------------------------------------    -------------------
    SLICE_X33Y47         FDRE (Prop_fdre_C_Q)         0.456     5.543 f  clk1/count_reg[13]/Q
                         net (fo=2, routed)           0.875     6.418    clk1/count_reg[13]
    SLICE_X32Y46         LUT6 (Prop_lut6_I4_O)        0.124     6.542 r  clk1/count[0]_i_7/O
                         net (fo=1, routed)           0.640     7.182    clk1/count[0]_i_7_n_0
    SLICE_X32Y48         LUT3 (Prop_lut3_I0_O)        0.124     7.306 r  clk1/count[0]_i_4/O
                         net (fo=2, routed)           0.456     7.761    clk1/count[0]_i_4_n_0
    SLICE_X32Y45         LUT5 (Prop_lut5_I3_O)        0.124     7.885 r  clk1/count[0]_i_1/O
                         net (fo=32, routed)          0.931     8.816    clk1/clear
    SLICE_X33Y51         FDRE                                         r  clk1/count_reg[31]/R
  -------------------------------------------------------------------    -------------------

                         (clock sys_clk_pin rise edge)
                                                     10.000    10.000 r  
    W5                                                0.000    10.000 r  clk (IN)
                         net (fo=0)                   0.000    10.000    clk
    W5                   IBUF (Prop_ibuf_I_O)         1.388    11.388 r  clk_IBUF_inst/O
                         net (fo=1, routed)           1.862    13.250    clk_IBUF
    BUFGCTRL_X0Y1        BUFG (Prop_bufg_I_O)         0.091    13.341 r  clk_IBUF_BUFG_inst/O
                         net (fo=44, routed)          1.436    14.777    clk1/clk_IBUF_BUFG
    SLICE_X33Y51         FDRE                                         r  clk1/count_reg[31]/C
                         clock pessimism              0.180    14.957    
                         clock uncertainty           -0.035    14.921    
    SLICE_X33Y51         FDRE (Setup_fdre_C_R)       -0.429    14.492    clk1/count_reg[31]
  -------------------------------------------------------------------
                         required time                         14.492    
                         arrival time                          -8.816    
  -------------------------------------------------------------------
                         slack                                  5.676    

Slack (MET) :             5.803ns  (required time - arrival time)
  Source:                 clk1/count_reg[13]/C
                            (rising edge-triggered cell FDRE clocked by sys_clk_pin  {rise@0.000ns fall@5.000ns period=10.000ns})
  Destination:            clk1/count_reg[4]/R
                            (rising edge-triggered cell FDRE clocked by sys_clk_pin  {rise@0.000ns fall@5.000ns period=10.000ns})
  Path Group:             sys_clk_pin
  Path Type:              Setup (Max at Slow Process Corner)
  Requirement:            10.000ns  (sys_clk_pin rise@10.000ns - sys_clk_pin rise@0.000ns)
  Data Path Delay:        3.707ns  (logic 0.828ns (22.337%)  route 2.879ns (77.663%))
  Logic Levels:           3  (LUT3=1 LUT5=1 LUT6=1)
  Clock Path Skew:        -0.026ns (DCD - SCD + CPR)
    Destination Clock Delay (DCD):    4.786ns = ( 14.786 - 10.000 ) 
    Source Clock Delay      (SCD):    5.087ns
    Clock Pessimism Removal (CPR):    0.275ns
  Clock Uncertainty:      0.035ns  ((TSJ^2 + TIJ^2)^1/2 + DJ) / 2 + PE
    Total System Jitter     (TSJ):    0.071ns
    Total Input Jitter      (TIJ):    0.000ns
    Discrete Jitter          (DJ):    0.000ns
    Phase Error              (PE):    0.000ns

    Location             Delay type                Incr(ns)  Path(ns)    Netlist Resource(s)
  -------------------------------------------------------------------    -------------------
                         (clock sys_clk_pin rise edge)
                                                      0.000     0.000 r  
    W5                                                0.000     0.000 r  clk (IN)
                         net (fo=0)                   0.000     0.000    clk
    W5                   IBUF (Prop_ibuf_I_O)         1.458     1.458 r  clk_IBUF_inst/O
                         net (fo=1, routed)           1.967     3.425    clk_IBUF
    BUFGCTRL_X0Y1        BUFG (Prop_bufg_I_O)         0.096     3.521 r  clk_IBUF_BUFG_inst/O
                         net (fo=44, routed)          1.566     5.087    clk1/clk_IBUF_BUFG
    SLICE_X33Y47         FDRE                                         r  clk1/count_reg[13]/C
  -------------------------------------------------------------------    -------------------
    SLICE_X33Y47         FDRE (Prop_fdre_C_Q)         0.456     5.543 f  clk1/count_reg[13]/Q
                         net (fo=2, routed)           0.875     6.418    clk1/count_reg[13]
    SLICE_X32Y46         LUT6 (Prop_lut6_I4_O)        0.124     6.542 r  clk1/count[0]_i_7/O
                         net (fo=1, routed)           0.640     7.182    clk1/count[0]_i_7_n_0
    SLICE_X32Y48         LUT3 (Prop_lut3_I0_O)        0.124     7.306 r  clk1/count[0]_i_4/O
                         net (fo=2, routed)           0.456     7.761    clk1/count[0]_i_4_n_0
    SLICE_X32Y45         LUT5 (Prop_lut5_I3_O)        0.124     7.885 r  clk1/count[0]_i_1/O
                         net (fo=32, routed)          0.909     8.794    clk1/clear
    SLICE_X33Y45         FDRE                                         r  clk1/count_reg[4]/R
  -------------------------------------------------------------------    -------------------

                         (clock sys_clk_pin rise edge)
                                                     10.000    10.000 r  
    W5                                                0.000    10.000 r  clk (IN)
                         net (fo=0)                   0.000    10.000    clk
    W5                   IBUF (Prop_ibuf_I_O)         1.388    11.388 r  clk_IBUF_inst/O
                         net (fo=1, routed)           1.862    13.250    clk_IBUF
    BUFGCTRL_X0Y1        BUFG (Prop_bufg_I_O)         0.091    13.341 r  clk_IBUF_BUFG_inst/O
                         net (fo=44, routed)          1.445    14.786    clk1/clk_IBUF_BUFG
    SLICE_X33Y45         FDRE                                         r  clk1/count_reg[4]/C
                         clock pessimism              0.275    15.061    
                         clock uncertainty           -0.035    15.026    
    SLICE_X33Y45         FDRE (Setup_fdre_C_R)       -0.429    14.597    clk1/count_reg[4]
  -------------------------------------------------------------------
                         required time                         14.597    
                         arrival time                          -8.794    
  -------------------------------------------------------------------
                         slack                                  5.803    

Slack (MET) :             5.803ns  (required time - arrival time)
  Source:                 clk1/count_reg[13]/C
                            (rising edge-triggered cell FDRE clocked by sys_clk_pin  {rise@0.000ns fall@5.000ns period=10.000ns})
  Destination:            clk1/count_reg[5]/R
                            (rising edge-triggered cell FDRE clocked by sys_clk_pin  {rise@0.000ns fall@5.000ns period=10.000ns})
  Path Group:             sys_clk_pin
  Path Type:              Setup (Max at Slow Process Corner)
  Requirement:            10.000ns  (sys_clk_pin rise@10.000ns - sys_clk_pin rise@0.000ns)
  Data Path Delay:        3.707ns  (logic 0.828ns (22.337%)  route 2.879ns (77.663%))
  Logic Levels:           3  (LUT3=1 LUT5=1 LUT6=1)
  Clock Path Skew:        -0.026ns (DCD - SCD + CPR)
    Destination Clock Delay (DCD):    4.786ns = ( 14.786 - 10.000 ) 
    Source Clock Delay      (SCD):    5.087ns
    Clock Pessimism Removal (CPR):    0.275ns
  Clock Uncertainty:      0.035ns  ((TSJ^2 + TIJ^2)^1/2 + DJ) / 2 + PE
    Total System Jitter     (TSJ):    0.071ns
    Total Input Jitter      (TIJ):    0.000ns
    Discrete Jitter          (DJ):    0.000ns
    Phase Error              (PE):    0.000ns

    Location             Delay type                Incr(ns)  Path(ns)    Netlist Resource(s)
  -------------------------------------------------------------------    -------------------
                         (clock sys_clk_pin rise edge)
                                                      0.000     0.000 r  
    W5                                                0.000     0.000 r  clk (IN)
                         net (fo=0)                   0.000     0.000    clk
    W5                   IBUF (Prop_ibuf_I_O)         1.458     1.458 r  clk_IBUF_inst/O
                         net (fo=1, routed)           1.967     3.425    clk_IBUF
    BUFGCTRL_X0Y1        BUFG (Prop_bufg_I_O)         0.096     3.521 r  clk_IBUF_BUFG_inst/O
                         net (fo=44, routed)          1.566     5.087    clk1/clk_IBUF_BUFG
    SLICE_X33Y47         FDRE                                         r  clk1/count_reg[13]/C
  -------------------------------------------------------------------    -------------------
    SLICE_X33Y47         FDRE (Prop_fdre_C_Q)         0.456     5.543 f  clk1/count_reg[13]/Q
                         net (fo=2, routed)           0.875     6.418    clk1/count_reg[13]
    SLICE_X32Y46         LUT6 (Prop_lut6_I4_O)        0.124     6.542 r  clk1/count[0]_i_7/O
                         net (fo=1, routed)           0.640     7.182    clk1/count[0]_i_7_n_0
    SLICE_X32Y48         LUT3 (Prop_lut3_I0_O)        0.124     7.306 r  clk1/count[0]_i_4/O
                         net (fo=2, routed)           0.456     7.761    clk1/count[0]_i_4_n_0
    SLICE_X32Y45         LUT5 (Prop_lut5_I3_O)        0.124     7.885 r  clk1/count[0]_i_1/O
                         net (fo=32, routed)          0.909     8.794    clk1/clear
    SLICE_X33Y45         FDRE                                         r  clk1/count_reg[5]/R
  -------------------------------------------------------------------    -------------------

                         (clock sys_clk_pin rise edge)
                                                     10.000    10.000 r  
    W5                                                0.000    10.000 r  clk (IN)
                         net (fo=0)                   0.000    10.000    clk
    W5                   IBUF (Prop_ibuf_I_O)         1.388    11.388 r  clk_IBUF_inst/O
                         net (fo=1, routed)           1.862    13.250    clk_IBUF
    BUFGCTRL_X0Y1        BUFG (Prop_bufg_I_O)         0.091    13.341 r  clk_IBUF_BUFG_inst/O
                         net (fo=44, routed)          1.445    14.786    clk1/clk_IBUF_BUFG
    SLICE_X33Y45         FDRE                                         r  clk1/count_reg[5]/C
                         clock pessimism              0.275    15.061    
                         clock uncertainty           -0.035    15.026    
    SLICE_X33Y45         FDRE (Setup_fdre_C_R)       -0.429    14.597    clk1/count_reg[5]
  -------------------------------------------------------------------
                         required time                         14.597    
                         arrival time                          -8.794    
  -------------------------------------------------------------------
                         slack                                  5.803    





Min Delay Paths
--------------------------------------------------------------------------------------
Slack (MET) :             0.101ns  (arrival time - required time)
  Source:                 clk1/count_reg[23]/C
                            (rising edge-triggered cell FDRE clocked by sys_clk_pin  {rise@0.000ns fall@5.000ns period=10.000ns})
  Destination:            clk1/count_reg[24]/D
                            (rising edge-triggered cell FDRE clocked by sys_clk_pin  {rise@0.000ns fall@5.000ns period=10.000ns})
  Path Group:             sys_clk_pin
  Path Type:              Hold (Min at Fast Process Corner)
  Requirement:            0.000ns  (sys_clk_pin rise@0.000ns - sys_clk_pin rise@0.000ns)
  Data Path Delay:        0.473ns  (logic 0.355ns (75.068%)  route 0.118ns (24.932%))
  Logic Levels:           2  (CARRY4=2)
  Clock Path Skew:        0.267ns (DCD - SCD - CPR)
    Destination Clock Delay (DCD):    1.958ns
    Source Clock Delay      (SCD):    1.447ns
    Clock Pessimism Removal (CPR):    0.244ns

    Location             Delay type                Incr(ns)  Path(ns)    Netlist Resource(s)
  -------------------------------------------------------------------    -------------------
                         (clock sys_clk_pin rise edge)
                                                      0.000     0.000 r  
    W5                                                0.000     0.000 r  clk (IN)
                         net (fo=0)                   0.000     0.000    clk
    W5                   IBUF (Prop_ibuf_I_O)         0.226     0.226 r  clk_IBUF_inst/O
                         net (fo=1, routed)           0.631     0.858    clk_IBUF
    BUFGCTRL_X0Y1        BUFG (Prop_bufg_I_O)         0.026     0.884 r  clk_IBUF_BUFG_inst/O
                         net (fo=44, routed)          0.564     1.447    clk1/clk_IBUF_BUFG
    SLICE_X33Y49         FDRE                                         r  clk1/count_reg[23]/C
  -------------------------------------------------------------------    -------------------
    SLICE_X33Y49         FDRE (Prop_fdre_C_Q)         0.141     1.588 r  clk1/count_reg[23]/Q
                         net (fo=2, routed)           0.117     1.705    clk1/count_reg[23]
    SLICE_X33Y49         CARRY4 (Prop_carry4_S[3]_CO[3])
                                                      0.160     1.865 r  clk1/count_reg[20]_i_1/CO[3]
                         net (fo=1, routed)           0.001     1.866    clk1/count_reg[20]_i_1_n_0
    SLICE_X33Y50         CARRY4 (Prop_carry4_CI_O[0])
                                                      0.054     1.920 r  clk1/count_reg[24]_i_1/O[0]
                         net (fo=1, routed)           0.000     1.920    clk1/count_reg[24]_i_1_n_7
    SLICE_X33Y50         FDRE                                         r  clk1/count_reg[24]/D
  -------------------------------------------------------------------    -------------------

                         (clock sys_clk_pin rise edge)
                                                      0.000     0.000 r  
    W5                                                0.000     0.000 r  clk (IN)
                         net (fo=0)                   0.000     0.000    clk
    W5                   IBUF (Prop_ibuf_I_O)         0.414     0.414 r  clk_IBUF_inst/O
                         net (fo=1, routed)           0.685     1.099    clk_IBUF
    BUFGCTRL_X0Y1        BUFG (Prop_bufg_I_O)         0.029     1.128 r  clk_IBUF_BUFG_inst/O
                         net (fo=44, routed)          0.830     1.958    clk1/clk_IBUF_BUFG
    SLICE_X33Y50         FDRE                                         r  clk1/count_reg[24]/C
                         clock pessimism             -0.244     1.714    
    SLICE_X33Y50         FDRE (Hold_fdre_C_D)         0.105     1.819    clk1/count_reg[24]
  -------------------------------------------------------------------
                         required time                         -1.819    
                         arrival time                           1.920    
  -------------------------------------------------------------------
                         slack                                  0.101    

Slack (MET) :             0.112ns  (arrival time - required time)
  Source:                 clk1/count_reg[23]/C
                            (rising edge-triggered cell FDRE clocked by sys_clk_pin  {rise@0.000ns fall@5.000ns period=10.000ns})
  Destination:            clk1/count_reg[26]/D
                            (rising edge-triggered cell FDRE clocked by sys_clk_pin  {rise@0.000ns fall@5.000ns period=10.000ns})
  Path Group:             sys_clk_pin
  Path Type:              Hold (Min at Fast Process Corner)
  Requirement:            0.000ns  (sys_clk_pin rise@0.000ns - sys_clk_pin rise@0.000ns)
  Data Path Delay:        0.484ns  (logic 0.366ns (75.635%)  route 0.118ns (24.365%))
  Logic Levels:           2  (CARRY4=2)
  Clock Path Skew:        0.267ns (DCD - SCD - CPR)
    Destination Clock Delay (DCD):    1.958ns
    Source Clock Delay      (SCD):    1.447ns
    Clock Pessimism Removal (CPR):    0.244ns

    Location             Delay type                Incr(ns)  Path(ns)    Netlist Resource(s)
  -------------------------------------------------------------------    -------------------
                         (clock sys_clk_pin rise edge)
                                                      0.000     0.000 r  
    W5                                                0.000     0.000 r  clk (IN)
                         net (fo=0)                   0.000     0.000    clk
    W5                   IBUF (Prop_ibuf_I_O)         0.226     0.226 r  clk_IBUF_inst/O
                         net (fo=1, routed)           0.631     0.858    clk_IBUF
    BUFGCTRL_X0Y1        BUFG (Prop_bufg_I_O)         0.026     0.884 r  clk_IBUF_BUFG_inst/O
                         net (fo=44, routed)          0.564     1.447    clk1/clk_IBUF_BUFG
    SLICE_X33Y49         FDRE                                         r  clk1/count_reg[23]/C
  -------------------------------------------------------------------    -------------------
    SLICE_X33Y49         FDRE (Prop_fdre_C_Q)         0.141     1.588 r  clk1/count_reg[23]/Q
                         net (fo=2, routed)           0.117     1.705    clk1/count_reg[23]
    SLICE_X33Y49         CARRY4 (Prop_carry4_S[3]_CO[3])
                                                      0.160     1.865 r  clk1/count_reg[20]_i_1/CO[3]
                         net (fo=1, routed)           0.001     1.866    clk1/count_reg[20]_i_1_n_0
    SLICE_X33Y50         CARRY4 (Prop_carry4_CI_O[2])
                                                      0.065     1.931 r  clk1/count_reg[24]_i_1/O[2]
                         net (fo=1, routed)           0.000     1.931    clk1/count_reg[24]_i_1_n_5
    SLICE_X33Y50         FDRE                                         r  clk1/count_reg[26]/D
  -------------------------------------------------------------------    -------------------

                         (clock sys_clk_pin rise edge)
                                                      0.000     0.000 r  
    W5                                                0.000     0.000 r  clk (IN)
                         net (fo=0)                   0.000     0.000    clk
    W5                   IBUF (Prop_ibuf_I_O)         0.414     0.414 r  clk_IBUF_inst/O
                         net (fo=1, routed)           0.685     1.099    clk_IBUF
    BUFGCTRL_X0Y1        BUFG (Prop_bufg_I_O)         0.029     1.128 r  clk_IBUF_BUFG_inst/O
                         net (fo=44, routed)          0.830     1.958    clk1/clk_IBUF_BUFG
    SLICE_X33Y50         FDRE                                         r  clk1/count_reg[26]/C
                         clock pessimism             -0.244     1.714    
    SLICE_X33Y50         FDRE (Hold_fdre_C_D)         0.105     1.819    clk1/count_reg[26]
  -------------------------------------------------------------------
                         required time                         -1.819    
                         arrival time                           1.931    
  -------------------------------------------------------------------
                         slack                                  0.112    

Slack (MET) :             0.137ns  (arrival time - required time)
  Source:                 clk1/count_reg[23]/C
                            (rising edge-triggered cell FDRE clocked by sys_clk_pin  {rise@0.000ns fall@5.000ns period=10.000ns})
  Destination:            clk1/count_reg[25]/D
                            (rising edge-triggered cell FDRE clocked by sys_clk_pin  {rise@0.000ns fall@5.000ns period=10.000ns})
  Path Group:             sys_clk_pin
  Path Type:              Hold (Min at Fast Process Corner)
  Requirement:            0.000ns  (sys_clk_pin rise@0.000ns - sys_clk_pin rise@0.000ns)
  Data Path Delay:        0.509ns  (logic 0.391ns (76.832%)  route 0.118ns (23.168%))
  Logic Levels:           2  (CARRY4=2)
  Clock Path Skew:        0.267ns (DCD - SCD - CPR)
    Destination Clock Delay (DCD):    1.958ns
    Source Clock Delay      (SCD):    1.447ns
    Clock Pessimism Removal (CPR):    0.244ns

    Location             Delay type                Incr(ns)  Path(ns)    Netlist Resource(s)
  -------------------------------------------------------------------    -------------------
                         (clock sys_clk_pin rise edge)
                                                      0.000     0.000 r  
    W5                                                0.000     0.000 r  clk (IN)
                         net (fo=0)                   0.000     0.000    clk
    W5                   IBUF (Prop_ibuf_I_O)         0.226     0.226 r  clk_IBUF_inst/O
                         net (fo=1, routed)           0.631     0.858    clk_IBUF
    BUFGCTRL_X0Y1        BUFG (Prop_bufg_I_O)         0.026     0.884 r  clk_IBUF_BUFG_inst/O
                         net (fo=44, routed)          0.564     1.447    clk1/clk_IBUF_BUFG
    SLICE_X33Y49         FDRE                                         r  clk1/count_reg[23]/C
  -------------------------------------------------------------------    -------------------
    SLICE_X33Y49         FDRE (Prop_fdre_C_Q)         0.141     1.588 r  clk1/count_reg[23]/Q
                         net (fo=2, routed)           0.117     1.705    clk1/count_reg[23]
    SLICE_X33Y49         CARRY4 (Prop_carry4_S[3]_CO[3])
                                                      0.160     1.865 r  clk1/count_reg[20]_i_1/CO[3]
                         net (fo=1, routed)           0.001     1.866    clk1/count_reg[20]_i_1_n_0
    SLICE_X33Y50         CARRY4 (Prop_carry4_CI_O[1])
                                                      0.090     1.956 r  clk1/count_reg[24]_i_1/O[1]
                         net (fo=1, routed)           0.000     1.956    clk1/count_reg[24]_i_1_n_6
    SLICE_X33Y50         FDRE                                         r  clk1/count_reg[25]/D
  -------------------------------------------------------------------    -------------------

                         (clock sys_clk_pin rise edge)
                                                      0.000     0.000 r  
    W5                                                0.000     0.000 r  clk (IN)
                         net (fo=0)                   0.000     0.000    clk
    W5                   IBUF (Prop_ibuf_I_O)         0.414     0.414 r  clk_IBUF_inst/O
                         net (fo=1, routed)           0.685     1.099    clk_IBUF
    BUFGCTRL_X0Y1        BUFG (Prop_bufg_I_O)         0.029     1.128 r  clk_IBUF_BUFG_inst/O
                         net (fo=44, routed)          0.830     1.958    clk1/clk_IBUF_BUFG
    SLICE_X33Y50         FDRE                                         r  clk1/count_reg[25]/C
                         clock pessimism             -0.244     1.714    
    SLICE_X33Y50         FDRE (Hold_fdre_C_D)         0.105     1.819    clk1/count_reg[25]
  -------------------------------------------------------------------
                         required time                         -1.819    
                         arrival time                           1.956    
  -------------------------------------------------------------------
                         slack                                  0.137    

Slack (MET) :             0.137ns  (arrival time - required time)
  Source:                 clk1/count_reg[23]/C
                            (rising edge-triggered cell FDRE clocked by sys_clk_pin  {rise@0.000ns fall@5.000ns period=10.000ns})
  Destination:            clk1/count_reg[27]/D
                            (rising edge-triggered cell FDRE clocked by sys_clk_pin  {rise@0.000ns fall@5.000ns period=10.000ns})
  Path Group:             sys_clk_pin
  Path Type:              Hold (Min at Fast Process Corner)
  Requirement:            0.000ns  (sys_clk_pin rise@0.000ns - sys_clk_pin rise@0.000ns)
  Data Path Delay:        0.509ns  (logic 0.391ns (76.832%)  route 0.118ns (23.168%))
  Logic Levels:           2  (CARRY4=2)
  Clock Path Skew:        0.267ns (DCD - SCD - CPR)
    Destination Clock Delay (DCD):    1.958ns
    Source Clock Delay      (SCD):    1.447ns
    Clock Pessimism Removal (CPR):    0.244ns

    Location             Delay type                Incr(ns)  Path(ns)    Netlist Resource(s)
  -------------------------------------------------------------------    -------------------
                         (clock sys_clk_pin rise edge)
                                                      0.000     0.000 r  
    W5                                                0.000     0.000 r  clk (IN)
                         net (fo=0)                   0.000     0.000    clk
    W5                   IBUF (Prop_ibuf_I_O)         0.226     0.226 r  clk_IBUF_inst/O
                         net (fo=1, routed)           0.631     0.858    clk_IBUF
    BUFGCTRL_X0Y1        BUFG (Prop_bufg_I_O)         0.026     0.884 r  clk_IBUF_BUFG_inst/O
                         net (fo=44, routed)          0.564     1.447    clk1/clk_IBUF_BUFG
    SLICE_X33Y49         FDRE                                         r  clk1/count_reg[23]/C
  -------------------------------------------------------------------    -------------------
    SLICE_X33Y49         FDRE (Prop_fdre_C_Q)         0.141     1.588 r  clk1/count_reg[23]/Q
                         net (fo=2, routed)           0.117     1.705    clk1/count_reg[23]
    SLICE_X33Y49         CARRY4 (Prop_carry4_S[3]_CO[3])
                                                      0.160     1.865 r  clk1/count_reg[20]_i_1/CO[3]
                         net (fo=1, routed)           0.001     1.866    clk1/count_reg[20]_i_1_n_0
    SLICE_X33Y50         CARRY4 (Prop_carry4_CI_O[3])
                                                      0.090     1.956 r  clk1/count_reg[24]_i_1/O[3]
                         net (fo=1, routed)           0.000     1.956    clk1/count_reg[24]_i_1_n_4
    SLICE_X33Y50         FDRE                                         r  clk1/count_reg[27]/D
  -------------------------------------------------------------------    -------------------

                         (clock sys_clk_pin rise edge)
                                                      0.000     0.000 r  
    W5                                                0.000     0.000 r  clk (IN)
                         net (fo=0)                   0.000     0.000    clk
    W5                   IBUF (Prop_ibuf_I_O)         0.414     0.414 r  clk_IBUF_inst/O
                         net (fo=1, routed)           0.685     1.099    clk_IBUF
    BUFGCTRL_X0Y1        BUFG (Prop_bufg_I_O)         0.029     1.128 r  clk_IBUF_BUFG_inst/O
                         net (fo=44, routed)          0.830     1.958    clk1/clk_IBUF_BUFG
    SLICE_X33Y50         FDRE                                         r  clk1/count_reg[27]/C
                         clock pessimism             -0.244     1.714    
    SLICE_X33Y50         FDRE (Hold_fdre_C_D)         0.105     1.819    clk1/count_reg[27]
  -------------------------------------------------------------------
                         required time                         -1.819    
                         arrival time                           1.956    
  -------------------------------------------------------------------
                         slack                                  0.137    

Slack (MET) :             0.140ns  (arrival time - required time)
  Source:                 clk1/count_reg[23]/C
                            (rising edge-triggered cell FDRE clocked by sys_clk_pin  {rise@0.000ns fall@5.000ns period=10.000ns})
  Destination:            clk1/count_reg[28]/D
                            (rising edge-triggered cell FDRE clocked by sys_clk_pin  {rise@0.000ns fall@5.000ns period=10.000ns})
  Path Group:             sys_clk_pin
  Path Type:              Hold (Min at Fast Process Corner)
  Requirement:            0.000ns  (sys_clk_pin rise@0.000ns - sys_clk_pin rise@0.000ns)
  Data Path Delay:        0.512ns  (logic 0.394ns (76.968%)  route 0.118ns (23.032%))
  Logic Levels:           3  (CARRY4=3)
  Clock Path Skew:        0.267ns (DCD - SCD - CPR)
    Destination Clock Delay (DCD):    1.958ns
    Source Clock Delay      (SCD):    1.447ns
    Clock Pessimism Removal (CPR):    0.244ns

    Location             Delay type                Incr(ns)  Path(ns)    Netlist Resource(s)
  -------------------------------------------------------------------    -------------------
                         (clock sys_clk_pin rise edge)
                                                      0.000     0.000 r  
    W5                                                0.000     0.000 r  clk (IN)
                         net (fo=0)                   0.000     0.000    clk
    W5                   IBUF (Prop_ibuf_I_O)         0.226     0.226 r  clk_IBUF_inst/O
                         net (fo=1, routed)           0.631     0.858    clk_IBUF
    BUFGCTRL_X0Y1        BUFG (Prop_bufg_I_O)         0.026     0.884 r  clk_IBUF_BUFG_inst/O
                         net (fo=44, routed)          0.564     1.447    clk1/clk_IBUF_BUFG
    SLICE_X33Y49         FDRE                                         r  clk1/count_reg[23]/C
  -------------------------------------------------------------------    -------------------
    SLICE_X33Y49         FDRE (Prop_fdre_C_Q)         0.141     1.588 r  clk1/count_reg[23]/Q
                         net (fo=2, routed)           0.117     1.705    clk1/count_reg[23]
    SLICE_X33Y49         CARRY4 (Prop_carry4_S[3]_CO[3])
                                                      0.160     1.865 r  clk1/count_reg[20]_i_1/CO[3]
                         net (fo=1, routed)           0.001     1.866    clk1/count_reg[20]_i_1_n_0
    SLICE_X33Y50         CARRY4 (Prop_carry4_CI_CO[3])
                                                      0.039     1.905 r  clk1/count_reg[24]_i_1/CO[3]
                         net (fo=1, routed)           0.000     1.905    clk1/count_reg[24]_i_1_n_0
    SLICE_X33Y51         CARRY4 (Prop_carry4_CI_O[0])
                                                      0.054     1.959 r  clk1/count_reg[28]_i_1/O[0]
                         net (fo=1, routed)           0.000     1.959    clk1/count_reg[28]_i_1_n_7
    SLICE_X33Y51         FDRE                                         r  clk1/count_reg[28]/D
  -------------------------------------------------------------------    -------------------

                         (clock sys_clk_pin rise edge)
                                                      0.000     0.000 r  
    W5                                                0.000     0.000 r  clk (IN)
                         net (fo=0)                   0.000     0.000    clk
    W5                   IBUF (Prop_ibuf_I_O)         0.414     0.414 r  clk_IBUF_inst/O
                         net (fo=1, routed)           0.685     1.099    clk_IBUF
    BUFGCTRL_X0Y1        BUFG (Prop_bufg_I_O)         0.029     1.128 r  clk_IBUF_BUFG_inst/O
                         net (fo=44, routed)          0.830     1.958    clk1/clk_IBUF_BUFG
    SLICE_X33Y51         FDRE                                         r  clk1/count_reg[28]/C
                         clock pessimism             -0.244     1.714    
    SLICE_X33Y51         FDRE (Hold_fdre_C_D)         0.105     1.819    clk1/count_reg[28]
  -------------------------------------------------------------------
                         required time                         -1.819    
                         arrival time                           1.959    
  -------------------------------------------------------------------
                         slack                                  0.140    

Slack (MET) :             0.151ns  (arrival time - required time)
  Source:                 clk1/count_reg[23]/C
                            (rising edge-triggered cell FDRE clocked by sys_clk_pin  {rise@0.000ns fall@5.000ns period=10.000ns})
  Destination:            clk1/count_reg[30]/D
                            (rising edge-triggered cell FDRE clocked by sys_clk_pin  {rise@0.000ns fall@5.000ns period=10.000ns})
  Path Group:             sys_clk_pin
  Path Type:              Hold (Min at Fast Process Corner)
  Requirement:            0.000ns  (sys_clk_pin rise@0.000ns - sys_clk_pin rise@0.000ns)
  Data Path Delay:        0.523ns  (logic 0.405ns (77.452%)  route 0.118ns (22.548%))
  Logic Levels:           3  (CARRY4=3)
  Clock Path Skew:        0.267ns (DCD - SCD - CPR)
    Destination Clock Delay (DCD):    1.958ns
    Source Clock Delay      (SCD):    1.447ns
    Clock Pessimism Removal (CPR):    0.244ns

    Location             Delay type                Incr(ns)  Path(ns)    Netlist Resource(s)
  -------------------------------------------------------------------    -------------------
                         (clock sys_clk_pin rise edge)
                                                      0.000     0.000 r  
    W5                                                0.000     0.000 r  clk (IN)
                         net (fo=0)                   0.000     0.000    clk
    W5                   IBUF (Prop_ibuf_I_O)         0.226     0.226 r  clk_IBUF_inst/O
                         net (fo=1, routed)           0.631     0.858    clk_IBUF
    BUFGCTRL_X0Y1        BUFG (Prop_bufg_I_O)         0.026     0.884 r  clk_IBUF_BUFG_inst/O
                         net (fo=44, routed)          0.564     1.447    clk1/clk_IBUF_BUFG
    SLICE_X33Y49         FDRE                                         r  clk1/count_reg[23]/C
  -------------------------------------------------------------------    -------------------
    SLICE_X33Y49         FDRE (Prop_fdre_C_Q)         0.141     1.588 r  clk1/count_reg[23]/Q
                         net (fo=2, routed)           0.117     1.705    clk1/count_reg[23]
    SLICE_X33Y49         CARRY4 (Prop_carry4_S[3]_CO[3])
                                                      0.160     1.865 r  clk1/count_reg[20]_i_1/CO[3]
                         net (fo=1, routed)           0.001     1.866    clk1/count_reg[20]_i_1_n_0
    SLICE_X33Y50         CARRY4 (Prop_carry4_CI_CO[3])
                                                      0.039     1.905 r  clk1/count_reg[24]_i_1/CO[3]
                         net (fo=1, routed)           0.000     1.905    clk1/count_reg[24]_i_1_n_0
    SLICE_X33Y51         CARRY4 (Prop_carry4_CI_O[2])
                                                      0.065     1.970 r  clk1/count_reg[28]_i_1/O[2]
                         net (fo=1, routed)           0.000     1.970    clk1/count_reg[28]_i_1_n_5
    SLICE_X33Y51         FDRE                                         r  clk1/count_reg[30]/D
  -------------------------------------------------------------------    -------------------

                         (clock sys_clk_pin rise edge)
                                                      0.000     0.000 r  
    W5                                                0.000     0.000 r  clk (IN)
                         net (fo=0)                   0.000     0.000    clk
    W5                   IBUF (Prop_ibuf_I_O)         0.414     0.414 r  clk_IBUF_inst/O
                         net (fo=1, routed)           0.685     1.099    clk_IBUF
    BUFGCTRL_X0Y1        BUFG (Prop_bufg_I_O)         0.029     1.128 r  clk_IBUF_BUFG_inst/O
                         net (fo=44, routed)          0.830     1.958    clk1/clk_IBUF_BUFG
    SLICE_X33Y51         FDRE                                         r  clk1/count_reg[30]/C
                         clock pessimism             -0.244     1.714    
    SLICE_X33Y51         FDRE (Hold_fdre_C_D)         0.105     1.819    clk1/count_reg[30]
  -------------------------------------------------------------------
                         required time                         -1.819    
                         arrival time                           1.970    
  -------------------------------------------------------------------
                         slack                                  0.151    

Slack (MET) :             0.176ns  (arrival time - required time)
  Source:                 clk1/count_reg[23]/C
                            (rising edge-triggered cell FDRE clocked by sys_clk_pin  {rise@0.000ns fall@5.000ns period=10.000ns})
  Destination:            clk1/count_reg[29]/D
                            (rising edge-triggered cell FDRE clocked by sys_clk_pin  {rise@0.000ns fall@5.000ns period=10.000ns})
  Path Group:             sys_clk_pin
  Path Type:              Hold (Min at Fast Process Corner)
  Requirement:            0.000ns  (sys_clk_pin rise@0.000ns - sys_clk_pin rise@0.000ns)
  Data Path Delay:        0.548ns  (logic 0.430ns (78.481%)  route 0.118ns (21.519%))
  Logic Levels:           3  (CARRY4=3)
  Clock Path Skew:        0.267ns (DCD - SCD - CPR)
    Destination Clock Delay (DCD):    1.958ns
    Source Clock Delay      (SCD):    1.447ns
    Clock Pessimism Removal (CPR):    0.244ns

    Location             Delay type                Incr(ns)  Path(ns)    Netlist Resource(s)
  -------------------------------------------------------------------    -------------------
                         (clock sys_clk_pin rise edge)
                                                      0.000     0.000 r  
    W5                                                0.000     0.000 r  clk (IN)
                         net (fo=0)                   0.000     0.000    clk
    W5                   IBUF (Prop_ibuf_I_O)         0.226     0.226 r  clk_IBUF_inst/O
                         net (fo=1, routed)           0.631     0.858    clk_IBUF
    BUFGCTRL_X0Y1        BUFG (Prop_bufg_I_O)         0.026     0.884 r  clk_IBUF_BUFG_inst/O
                         net (fo=44, routed)          0.564     1.447    clk1/clk_IBUF_BUFG
    SLICE_X33Y49         FDRE                                         r  clk1/count_reg[23]/C
  -------------------------------------------------------------------    -------------------
    SLICE_X33Y49         FDRE (Prop_fdre_C_Q)         0.141     1.588 r  clk1/count_reg[23]/Q
                         net (fo=2, routed)           0.117     1.705    clk1/count_reg[23]
    SLICE_X33Y49         CARRY4 (Prop_carry4_S[3]_CO[3])
                                                      0.160     1.865 r  clk1/count_reg[20]_i_1/CO[3]
                         net (fo=1, routed)           0.001     1.866    clk1/count_reg[20]_i_1_n_0
    SLICE_X33Y50         CARRY4 (Prop_carry4_CI_CO[3])
                                                      0.039     1.905 r  clk1/count_reg[24]_i_1/CO[3]
                         net (fo=1, routed)           0.000     1.905    clk1/count_reg[24]_i_1_n_0
    SLICE_X33Y51         CARRY4 (Prop_carry4_CI_O[1])
                                                      0.090     1.995 r  clk1/count_reg[28]_i_1/O[1]
                         net (fo=1, routed)           0.000     1.995    clk1/count_reg[28]_i_1_n_6
    SLICE_X33Y51         FDRE                                         r  clk1/count_reg[29]/D
  -------------------------------------------------------------------    -------------------

                         (clock sys_clk_pin rise edge)
                                                      0.000     0.000 r  
    W5                                                0.000     0.000 r  clk (IN)
                         net (fo=0)                   0.000     0.000    clk
    W5                   IBUF (Prop_ibuf_I_O)         0.414     0.414 r  clk_IBUF_inst/O
                         net (fo=1, routed)           0.685     1.099    clk_IBUF
    BUFGCTRL_X0Y1        BUFG (Prop_bufg_I_O)         0.029     1.128 r  clk_IBUF_BUFG_inst/O
                         net (fo=44, routed)          0.830     1.958    clk1/clk_IBUF_BUFG
    SLICE_X33Y51         FDRE                                         r  clk1/count_reg[29]/C
                         clock pessimism             -0.244     1.714    
    SLICE_X33Y51         FDRE (Hold_fdre_C_D)         0.105     1.819    clk1/count_reg[29]
  -------------------------------------------------------------------
                         required time                         -1.819    
                         arrival time                           1.995    
  -------------------------------------------------------------------
                         slack                                  0.176    

Slack (MET) :             0.176ns  (arrival time - required time)
  Source:                 clk1/count_reg[23]/C
                            (rising edge-triggered cell FDRE clocked by sys_clk_pin  {rise@0.000ns fall@5.000ns period=10.000ns})
  Destination:            clk1/count_reg[31]/D
                            (rising edge-triggered cell FDRE clocked by sys_clk_pin  {rise@0.000ns fall@5.000ns period=10.000ns})
  Path Group:             sys_clk_pin
  Path Type:              Hold (Min at Fast Process Corner)
  Requirement:            0.000ns  (sys_clk_pin rise@0.000ns - sys_clk_pin rise@0.000ns)
  Data Path Delay:        0.548ns  (logic 0.430ns (78.481%)  route 0.118ns (21.519%))
  Logic Levels:           3  (CARRY4=3)
  Clock Path Skew:        0.267ns (DCD - SCD - CPR)
    Destination Clock Delay (DCD):    1.958ns
    Source Clock Delay      (SCD):    1.447ns
    Clock Pessimism Removal (CPR):    0.244ns

    Location             Delay type                Incr(ns)  Path(ns)    Netlist Resource(s)
  -------------------------------------------------------------------    -------------------
                         (clock sys_clk_pin rise edge)
                                                      0.000     0.000 r  
    W5                                                0.000     0.000 r  clk (IN)
                         net (fo=0)                   0.000     0.000    clk
    W5                   IBUF (Prop_ibuf_I_O)         0.226     0.226 r  clk_IBUF_inst/O
                         net (fo=1, routed)           0.631     0.858    clk_IBUF
    BUFGCTRL_X0Y1        BUFG (Prop_bufg_I_O)         0.026     0.884 r  clk_IBUF_BUFG_inst/O
                         net (fo=44, routed)          0.564     1.447    clk1/clk_IBUF_BUFG
    SLICE_X33Y49         FDRE                                         r  clk1/count_reg[23]/C
  -------------------------------------------------------------------    -------------------
    SLICE_X33Y49         FDRE (Prop_fdre_C_Q)         0.141     1.588 r  clk1/count_reg[23]/Q
                         net (fo=2, routed)           0.117     1.705    clk1/count_reg[23]
    SLICE_X33Y49         CARRY4 (Prop_carry4_S[3]_CO[3])
                                                      0.160     1.865 r  clk1/count_reg[20]_i_1/CO[3]
                         net (fo=1, routed)           0.001     1.866    clk1/count_reg[20]_i_1_n_0
    SLICE_X33Y50         CARRY4 (Prop_carry4_CI_CO[3])
                                                      0.039     1.905 r  clk1/count_reg[24]_i_1/CO[3]
                         net (fo=1, routed)           0.000     1.905    clk1/count_reg[24]_i_1_n_0
    SLICE_X33Y51         CARRY4 (Prop_carry4_CI_O[3])
                                                      0.090     1.995 r  clk1/count_reg[28]_i_1/O[3]
                         net (fo=1, routed)           0.000     1.995    clk1/count_reg[28]_i_1_n_4
    SLICE_X33Y51         FDRE                                         r  clk1/count_reg[31]/D
  -------------------------------------------------------------------    -------------------

                         (clock sys_clk_pin rise edge)
                                                      0.000     0.000 r  
    W5                                                0.000     0.000 r  clk (IN)
                         net (fo=0)                   0.000     0.000    clk
    W5                   IBUF (Prop_ibuf_I_O)         0.414     0.414 r  clk_IBUF_inst/O
                         net (fo=1, routed)           0.685     1.099    clk_IBUF
    BUFGCTRL_X0Y1        BUFG (Prop_bufg_I_O)         0.029     1.128 r  clk_IBUF_BUFG_inst/O
                         net (fo=44, routed)          0.830     1.958    clk1/clk_IBUF_BUFG
    SLICE_X33Y51         FDRE                                         r  clk1/count_reg[31]/C
                         clock pessimism             -0.244     1.714    
    SLICE_X33Y51         FDRE (Hold_fdre_C_D)         0.105     1.819    clk1/count_reg[31]
  -------------------------------------------------------------------
                         required time                         -1.819    
                         arrival time                           1.995    
  -------------------------------------------------------------------
                         slack                                  0.176    

Slack (MET) :             0.252ns  (arrival time - required time)
  Source:                 clk1/count_reg[0]/C
                            (rising edge-triggered cell FDRE clocked by sys_clk_pin  {rise@0.000ns fall@5.000ns period=10.000ns})
  Destination:            clk1/slow_clk_reg/D
                            (rising edge-triggered cell FDRE clocked by sys_clk_pin  {rise@0.000ns fall@5.000ns period=10.000ns})
  Path Group:             sys_clk_pin
  Path Type:              Hold (Min at Fast Process Corner)
  Requirement:            0.000ns  (sys_clk_pin rise@0.000ns - sys_clk_pin rise@0.000ns)
  Data Path Delay:        0.359ns  (logic 0.186ns (51.824%)  route 0.173ns (48.176%))
  Logic Levels:           1  (LUT6=1)
  Clock Path Skew:        0.016ns (DCD - SCD - CPR)
    Destination Clock Delay (DCD):    1.959ns
    Source Clock Delay      (SCD):    1.446ns
    Clock Pessimism Removal (CPR):    0.497ns

    Location             Delay type                Incr(ns)  Path(ns)    Netlist Resource(s)
  -------------------------------------------------------------------    -------------------
                         (clock sys_clk_pin rise edge)
                                                      0.000     0.000 r  
    W5                                                0.000     0.000 r  clk (IN)
                         net (fo=0)                   0.000     0.000    clk
    W5                   IBUF (Prop_ibuf_I_O)         0.226     0.226 r  clk_IBUF_inst/O
                         net (fo=1, routed)           0.631     0.858    clk_IBUF
    BUFGCTRL_X0Y1        BUFG (Prop_bufg_I_O)         0.026     0.884 r  clk_IBUF_BUFG_inst/O
                         net (fo=44, routed)          0.563     1.446    clk1/clk_IBUF_BUFG
    SLICE_X33Y44         FDRE                                         r  clk1/count_reg[0]/C
  -------------------------------------------------------------------    -------------------
    SLICE_X33Y44         FDRE (Prop_fdre_C_Q)         0.141     1.587 r  clk1/count_reg[0]/Q
                         net (fo=3, routed)           0.173     1.760    clk1/count_reg[0]
    SLICE_X32Y45         LUT6 (Prop_lut6_I3_O)        0.045     1.805 r  clk1/slow_clk_i_1/O
                         net (fo=1, routed)           0.000     1.805    clk1/slow_clk_i_1_n_0
    SLICE_X32Y45         FDRE                                         r  clk1/slow_clk_reg/D
  -------------------------------------------------------------------    -------------------

                         (clock sys_clk_pin rise edge)
                                                      0.000     0.000 r  
    W5                                                0.000     0.000 r  clk (IN)
                         net (fo=0)                   0.000     0.000    clk
    W5                   IBUF (Prop_ibuf_I_O)         0.414     0.414 r  clk_IBUF_inst/O
                         net (fo=1, routed)           0.685     1.099    clk_IBUF
    BUFGCTRL_X0Y1        BUFG (Prop_bufg_I_O)         0.029     1.128 r  clk_IBUF_BUFG_inst/O
                         net (fo=44, routed)          0.832     1.959    clk1/clk_IBUF_BUFG
    SLICE_X32Y45         FDRE                                         r  clk1/slow_clk_reg/C
                         clock pessimism             -0.497     1.462    
    SLICE_X32Y45         FDRE (Hold_fdre_C_D)         0.091     1.553    clk1/slow_clk_reg
  -------------------------------------------------------------------
                         required time                         -1.553    
                         arrival time                           1.805    
  -------------------------------------------------------------------
                         slack                                  0.252    

Slack (MET) :             0.261ns  (arrival time - required time)
  Source:                 clk1/count_reg[11]/C
                            (rising edge-triggered cell FDRE clocked by sys_clk_pin  {rise@0.000ns fall@5.000ns period=10.000ns})
  Destination:            clk1/count_reg[11]/D
                            (rising edge-triggered cell FDRE clocked by sys_clk_pin  {rise@0.000ns fall@5.000ns period=10.000ns})
  Path Group:             sys_clk_pin
  Path Type:              Hold (Min at Fast Process Corner)
  Requirement:            0.000ns  (sys_clk_pin rise@0.000ns - sys_clk_pin rise@0.000ns)
  Data Path Delay:        0.366ns  (logic 0.249ns (67.994%)  route 0.117ns (32.006%))
  Logic Levels:           1  (CARRY4=1)
  Clock Path Skew:        0.000ns (DCD - SCD - CPR)
    Destination Clock Delay (DCD):    1.959ns
    Source Clock Delay      (SCD):    1.446ns
    Clock Pessimism Removal (CPR):    0.513ns

    Location             Delay type                Incr(ns)  Path(ns)    Netlist Resource(s)
  -------------------------------------------------------------------    -------------------
                         (clock sys_clk_pin rise edge)
                                                      0.000     0.000 r  
    W5                                                0.000     0.000 r  clk (IN)
                         net (fo=0)                   0.000     0.000    clk
    W5                   IBUF (Prop_ibuf_I_O)         0.226     0.226 r  clk_IBUF_inst/O
                         net (fo=1, routed)           0.631     0.858    clk_IBUF
    BUFGCTRL_X0Y1        BUFG (Prop_bufg_I_O)         0.026     0.884 r  clk_IBUF_BUFG_inst/O
                         net (fo=44, routed)          0.563     1.446    clk1/clk_IBUF_BUFG
    SLICE_X33Y46         FDRE                                         r  clk1/count_reg[11]/C
  -------------------------------------------------------------------    -------------------
    SLICE_X33Y46         FDRE (Prop_fdre_C_Q)         0.141     1.587 r  clk1/count_reg[11]/Q
                         net (fo=2, routed)           0.117     1.704    clk1/count_reg[11]
    SLICE_X33Y46         CARRY4 (Prop_carry4_S[3]_O[3])
                                                      0.108     1.812 r  clk1/count_reg[8]_i_1/O[3]
                         net (fo=1, routed)           0.000     1.812    clk1/count_reg[8]_i_1_n_4
    SLICE_X33Y46         FDRE                                         r  clk1/count_reg[11]/D
  -------------------------------------------------------------------    -------------------

                         (clock sys_clk_pin rise edge)
                                                      0.000     0.000 r  
    W5                                                0.000     0.000 r  clk (IN)
                         net (fo=0)                   0.000     0.000    clk
    W5                   IBUF (Prop_ibuf_I_O)         0.414     0.414 r  clk_IBUF_inst/O
                         net (fo=1, routed)           0.685     1.099    clk_IBUF
    BUFGCTRL_X0Y1        BUFG (Prop_bufg_I_O)         0.029     1.128 r  clk_IBUF_BUFG_inst/O
                         net (fo=44, routed)          0.832     1.959    clk1/clk_IBUF_BUFG
    SLICE_X33Y46         FDRE                                         r  clk1/count_reg[11]/C
                         clock pessimism             -0.513     1.446    
    SLICE_X33Y46         FDRE (Hold_fdre_C_D)         0.105     1.551    clk1/count_reg[11]
  -------------------------------------------------------------------
                         required time                         -1.551    
                         arrival time                           1.812    
  -------------------------------------------------------------------
                         slack                                  0.261    





Pulse Width Checks
--------------------------------------------------------------------------------------
Clock Name:         sys_clk_pin
Waveform(ns):       { 0.000 5.000 }
Period(ns):         10.000
Sources:            { clk }

Check Type        Corner  Lib Pin             Reference Pin  Required(ns)  Actual(ns)  Slack(ns)  Location       Pin
Min Period        n/a     RAMB36E1/CLKARDCLK  n/a            2.576         10.000      7.424      RAMB36_X0Y3    sel_rep_0/CLKARDCLK
Min Period        n/a     RAMB36E1/CLKARDCLK  n/a            2.576         10.000      7.424      RAMB36_X0Y6    sel_rep_1/CLKARDCLK
Min Period        n/a     RAMB36E1/CLKARDCLK  n/a            2.576         10.000      7.424      RAMB36_X0Y5    sel_rep_2/CLKARDCLK
Min Period        n/a     RAMB36E1/CLKARDCLK  n/a            2.576         10.000      7.424      RAMB36_X0Y4    sel_rep_3/CLKARDCLK
Min Period        n/a     RAMB18E1/CLKARDCLK  n/a            2.576         10.000      7.424      RAMB18_X0Y14   sel/CLKARDCLK
Min Period        n/a     BUFG/I              n/a            2.155         10.000      7.845      BUFGCTRL_X0Y1  clk_IBUF_BUFG_inst/I
Min Period        n/a     FDRE/C              n/a            1.000         10.000      9.000      SLICE_X33Y44   clk1/count_reg[0]/C
Min Period        n/a     FDRE/C              n/a            1.000         10.000      9.000      SLICE_X33Y46   clk1/count_reg[10]/C
Min Period        n/a     FDRE/C              n/a            1.000         10.000      9.000      SLICE_X33Y46   clk1/count_reg[11]/C
Min Period        n/a     FDRE/C              n/a            1.000         10.000      9.000      SLICE_X33Y47   clk1/count_reg[12]/C
Low Pulse Width   Slow    FDRE/C              n/a            0.500         5.000       4.500      SLICE_X33Y44   clk1/count_reg[0]/C
Low Pulse Width   Slow    FDRE/C              n/a            0.500         5.000       4.500      SLICE_X33Y46   clk1/count_reg[10]/C
Low Pulse Width   Slow    FDRE/C              n/a            0.500         5.000       4.500      SLICE_X33Y46   clk1/count_reg[11]/C
Low Pulse Width   Slow    FDRE/C              n/a            0.500         5.000       4.500      SLICE_X33Y47   clk1/count_reg[12]/C
Low Pulse Width   Slow    FDRE/C              n/a            0.500         5.000       4.500      SLICE_X33Y47   clk1/count_reg[13]/C
Low Pulse Width   Slow    FDRE/C              n/a            0.500         5.000       4.500      SLICE_X33Y47   clk1/count_reg[14]/C
Low Pulse Width   Slow    FDRE/C              n/a            0.500         5.000       4.500      SLICE_X33Y47   clk1/count_reg[15]/C
Low Pulse Width   Slow    FDRE/C              n/a            0.500         5.000       4.500      SLICE_X33Y48   clk1/count_reg[16]/C
Low Pulse Width   Slow    FDRE/C              n/a            0.500         5.000       4.500      SLICE_X33Y48   clk1/count_reg[17]/C
Low Pulse Width   Slow    FDRE/C              n/a            0.500         5.000       4.500      SLICE_X33Y48   clk1/count_reg[18]/C
High Pulse Width  Slow    FDRE/C              n/a            0.500         5.000       4.500      SLICE_X33Y50   clk1/count_reg[24]/C
High Pulse Width  Slow    FDRE/C              n/a            0.500         5.000       4.500      SLICE_X33Y50   clk1/count_reg[25]/C
High Pulse Width  Slow    FDRE/C              n/a            0.500         5.000       4.500      SLICE_X33Y50   clk1/count_reg[26]/C
High Pulse Width  Slow    FDRE/C              n/a            0.500         5.000       4.500      SLICE_X33Y50   clk1/count_reg[27]/C
High Pulse Width  Slow    FDRE/C              n/a            0.500         5.000       4.500      SLICE_X33Y51   clk1/count_reg[28]/C
High Pulse Width  Slow    FDRE/C              n/a            0.500         5.000       4.500      SLICE_X33Y51   clk1/count_reg[29]/C
High Pulse Width  Slow    FDRE/C              n/a            0.500         5.000       4.500      SLICE_X33Y51   clk1/count_reg[30]/C
High Pulse Width  Slow    FDRE/C              n/a            0.500         5.000       4.500      SLICE_X33Y51   clk1/count_reg[31]/C
High Pulse Width  Slow    FDRE/C              n/a            0.500         5.000       4.500      SLICE_X5Y23    my_hearts/hearts_rom_unit/row_reg_reg[0]/C
High Pulse Width  Slow    FDRE/C              n/a            0.500         5.000       4.500      SLICE_X5Y23    my_hearts/hearts_rom_unit/row_reg_reg[1]/C



